<?xml version="1.0" encoding="UTF-8"?>
<testsuite name="com.audition.AuditionPostByIdControllerIntegrationTest" tests="4" skipped="0" failures="0" errors="0" timestamp="2024-09-29T12:01:42" hostname="DESKTOP-T0DGFL0" time="0.146">
  <properties/>
  <testcase name="shouldFailForWrongMediaType()" classname="com.audition.AuditionPostByIdControllerIntegrationTest" time="0.054"/>
  <testcase name="shouldReturnAuditionPostById()" classname="com.audition.AuditionPostByIdControllerIntegrationTest" time="0.05"/>
  <testcase name="shouldReturnEmptyListForUserWithNoPosts()" classname="com.audition.AuditionPostByIdControllerIntegrationTest" time="0.025"/>
  <testcase name="shouldFailForWrongMediaTypeWithComments()" classname="com.audition.AuditionPostByIdControllerIntegrationTest" time="0.013"/>
  <system-out><![CDATA[2024-09-29 22:01:37.381  INFO 20928 --- [    Test worker] t.c.s.AnnotationConfigContextLoaderUtils : Could not detect default configuration classes for test class [com.audition.AuditionPostByIdControllerIntegrationTest]: AuditionPostByIdControllerIntegrationTest does not declare any static, non-private, non-final, nested classes annotated with @Configuration.
2024-09-29 22:01:37.381  INFO 20928 --- [    Test worker] .b.t.c.SpringBootTestContextBootstrapper : Found @SpringBootConfiguration com.audition.AuditionApplication for test class com.audition.AuditionPostByIdControllerIntegrationTest
2024-09-29 22:01:37.403  INFO 20928 --- [    Test worker] org.eclipse.jetty.server.Server          : jetty-11.0.13; built: 2022-12-07T20:47:15.149Z; git: a04bd1ccf844cf9bebc12129335d7493111cbff6; jvm 17.0.12+8-LTS-286
2024-09-29 22:01:37.408  INFO 20928 --- [    Test worker] o.e.jetty.server.handler.ContextHandler  : Started o.e.j.s.ServletContextHandler@34991ade{/__admin,null,AVAILABLE}
2024-09-29 22:01:37.410  INFO 20928 --- [    Test worker] o.e.j.s.handler.ContextHandler.ROOT      : RequestHandlerClass from context returned com.github.tomakehurst.wiremock.http.StubRequestHandler. Normalized mapped under returned 'null'
2024-09-29 22:01:37.410  INFO 20928 --- [    Test worker] o.e.jetty.server.handler.ContextHandler  : Started o.e.j.s.ServletContextHandler@5b09788c{/,null,AVAILABLE}
2024-09-29 22:01:37.415  INFO 20928 --- [    Test worker] o.e.jetty.server.AbstractConnector       : Started NetworkTrafficServerConnector@5f5492c3{HTTP/1.1, (http/1.1, h2c)}{0.0.0.0:63014}
2024-09-29 22:01:37.415  INFO 20928 --- [    Test worker] org.eclipse.jetty.server.Server          : Started Server@3579f75{STARTING}[11.0.13,sto=1000] @36610ms
22:01:37,637 |-INFO in ch.qos.logback.core.joran.util.ConfigurationWatchListUtil@1a26eecb - Adding [jar:file:/C:/Users/User/.gradle/caches/modules-2/files-2.1/org.springframework.boot/spring-boot/3.0.3/d781e7afbeb3d05ce361e9cc4fa7d38b15fb3862/spring-boot-3.0.3.jar!/org/springframework/boot/logging/logback/defaults.xml] to configuration watch list.
22:01:37,637 |-INFO in ch.qos.logback.core.joran.spi.ConfigurationWatchList@304cba1c - URL [jar:file:/C:/Users/User/.gradle/caches/modules-2/files-2.1/org.springframework.boot/spring-boot/3.0.3/d781e7afbeb3d05ce361e9cc4fa7d38b15fb3862/spring-boot-3.0.3.jar!/org/springframework/boot/logging/logback/defaults.xml] is not of type file
22:01:37,647 |-INFO in ch.qos.logback.core.joran.action.ConversionRuleAction - registering conversion word clr with class [org.springframework.boot.logging.logback.ColorConverter]
22:01:37,647 |-INFO in ch.qos.logback.core.joran.action.ConversionRuleAction - registering conversion word wex with class [org.springframework.boot.logging.logback.WhitespaceThrowableProxyConverter]
22:01:37,647 |-INFO in ch.qos.logback.core.joran.action.ConversionRuleAction - registering conversion word wEx with class [org.springframework.boot.logging.logback.ExtendedWhitespaceThrowableProxyConverter]
22:01:37,650 |-INFO in ch.qos.logback.core.model.processor.AppenderModelHandler - Processing appender named [console]
22:01:37,650 |-INFO in ch.qos.logback.core.model.processor.AppenderModelHandler - About to instantiate appender of type [ch.qos.logback.core.ConsoleAppender]
22:01:37,650 |-INFO in ch.qos.logback.core.model.processor.ImplicitModelHandler - Assuming default type [ch.qos.logback.classic.encoder.PatternLayoutEncoder] for [encoder] property
22:01:37,652 |-WARN in ch.qos.logback.core.model.processor.AppenderModelHandler - Appender named [flatfile] not referenced. Skipping further processing.
22:01:37,652 |-WARN in ch.qos.logback.core.model.processor.AppenderModelHandler - Appender named [logstash] not referenced. Skipping further processing.
22:01:37,652 |-INFO in ch.qos.logback.classic.model.processor.LoggerModelHandler - Setting level of logger [org.apache.catalina.startup.DigesterFactory] to ERROR
22:01:37,652 |-INFO in ch.qos.logback.classic.jul.LevelChangePropagator@655ff10f - Propagating ERROR level on Logger[org.apache.catalina.startup.DigesterFactory] onto the JUL framework
22:01:37,652 |-INFO in ch.qos.logback.classic.model.processor.LoggerModelHandler - Setting level of logger [org.apache.catalina.util.LifecycleBase] to ERROR
22:01:37,652 |-INFO in ch.qos.logback.classic.jul.LevelChangePropagator@655ff10f - Propagating ERROR level on Logger[org.apache.catalina.util.LifecycleBase] onto the JUL framework
22:01:37,652 |-INFO in ch.qos.logback.classic.model.processor.LoggerModelHandler - Setting level of logger [org.apache.coyote.http11.Http11NioProtocol] to WARN
22:01:37,652 |-INFO in ch.qos.logback.classic.jul.LevelChangePropagator@655ff10f - Propagating WARN level on Logger[org.apache.coyote.http11.Http11NioProtocol] onto the JUL framework
22:01:37,652 |-INFO in ch.qos.logback.classic.model.processor.LoggerModelHandler - Setting level of logger [org.apache.sshd.common.util.SecurityUtils] to WARN
22:01:37,652 |-INFO in ch.qos.logback.classic.jul.LevelChangePropagator@655ff10f - Propagating WARN level on Logger[org.apache.sshd.common.util.SecurityUtils] onto the JUL framework
22:01:37,652 |-INFO in ch.qos.logback.classic.model.processor.LoggerModelHandler - Setting level of logger [org.apache.tomcat.util.net.NioSelectorPool] to WARN
22:01:37,652 |-INFO in ch.qos.logback.classic.jul.LevelChangePropagator@655ff10f - Propagating WARN level on Logger[org.apache.tomcat.util.net.NioSelectorPool] onto the JUL framework
22:01:37,652 |-INFO in ch.qos.logback.classic.model.processor.LoggerModelHandler - Setting level of logger [org.eclipse.jetty.util.component.AbstractLifeCycle] to ERROR
22:01:37,652 |-INFO in ch.qos.logback.classic.jul.LevelChangePropagator@655ff10f - Propagating ERROR level on Logger[org.eclipse.jetty.util.component.AbstractLifeCycle] onto the JUL framework
22:01:37,652 |-INFO in ch.qos.logback.classic.model.processor.LoggerModelHandler - Setting level of logger [org.hibernate.validator.internal.util.Version] to WARN
22:01:37,652 |-INFO in ch.qos.logback.classic.jul.LevelChangePropagator@655ff10f - Propagating WARN level on Logger[org.hibernate.validator.internal.util.Version] onto the JUL framework
22:01:37,652 |-INFO in ch.qos.logback.classic.model.processor.LoggerModelHandler - Setting level of logger [org.springframework.boot.actuate.endpoint.jmx] to WARN
22:01:37,652 |-INFO in ch.qos.logback.classic.jul.LevelChangePropagator@655ff10f - Propagating WARN level on Logger[org.springframework.boot.actuate.endpoint.jmx] onto the JUL framework
22:01:37,652 |-INFO in ch.qos.logback.classic.model.processor.RootLoggerModelHandler - Setting level of ROOT logger to INFO
22:01:37,653 |-INFO in ch.qos.logback.classic.jul.LevelChangePropagator@655ff10f - Propagating INFO level on Logger[ROOT] onto the JUL framework
22:01:37,653 |-INFO in ch.qos.logback.core.model.processor.AppenderRefModelHandler - Attaching appender named [console] to Logger[ROOT]
22:01:37,653 |-INFO in ch.qos.logback.core.model.processor.DefaultProcessor@2341f795 - End of configuration.
22:01:37,653 |-INFO in org.springframework.boot.logging.logback.SpringBootJoranConfigurator@972416b - Registering current configuration as safe fallback point


  .   ____          _            __ _ _
 /\\ / ___'_ __ _ _(_)_ __  __ _ \ \ \ \
( ( )\___ | '_ | '_| | '_ \/ _` | \ \ \ \
 \\/  ___)| |_)| | | | | || (_| |  ) ) ) )
  '  |____| .__|_| |_|_| |_\__, | / / / /
 =========|_|==============|___/=/_/_/_/
 :: Spring Boot ::                (v3.0.3)

2024-09-29 22:01:37.664  INFO 20928 --- [    Test worker] uditionPostByIdControllerIntegrationTest : Starting AuditionPostByIdControllerIntegrationTest using Java 17.0.12 with PID 20928 (started by User in C:\Users\User\Downloads\audition-api)
2024-09-29 22:01:37.666  INFO 20928 --- [    Test worker] uditionPostByIdControllerIntegrationTest : No active profile set, falling back to 1 default profile: "default"
2024-09-29 22:01:37.666  INFO 20928 --- [    Test worker] o.s.c.c.c.ConfigServerConfigDataLoader   : Fetching config from server at : http://localhost:8888
2024-09-29 22:01:37.666  INFO 20928 --- [    Test worker] o.s.c.c.c.ConfigServerConfigDataLoader   : Connect Timeout Exception on Url - http://localhost:8888. Will try the next url if available
2024-09-29 22:01:37.666  WARN 20928 --- [    Test worker] o.s.c.c.c.ConfigServerConfigDataLoader   : Could not locate PropertySource ([ConfigServerConfigDataResource@15a9381 uris = array<String>['http://localhost:8888'], optional = true, profiles = list['default']]): I/O error on GET request for "http://localhost:8888/application/default": Connection refused: no further information
2024-09-29 22:01:38.586  INFO 20928 --- [    Test worker] o.s.cloud.context.scope.GenericScope     : BeanFactory id=d69a6240-92cf-31ce-8949-da279d64260e
2024-09-29 22:01:38.915  INFO 20928 --- [    Test worker] o.s.b.w.embedded.tomcat.TomcatWebServer  : Tomcat initialized with port(s): 0 (http)
2024-09-29 22:01:38.917  INFO 20928 --- [    Test worker] o.apache.catalina.core.StandardService   : Starting service [Tomcat]
2024-09-29 22:01:38.917  INFO 20928 --- [    Test worker] o.apache.catalina.core.StandardEngine    : Starting Servlet engine: [Apache Tomcat/10.1.5]
2024-09-29 22:01:38.983  INFO 20928 --- [    Test worker] o.a.c.c.C.[Tomcat-1].[localhost].[/]     : Initializing Spring embedded WebApplicationContext
2024-09-29 22:01:38.983  INFO 20928 --- [    Test worker] w.s.c.ServletWebServerApplicationContext : Root WebApplicationContext: initialization completed in 1317 ms
2024-09-29 22:01:42.279  INFO 20928 --- [    Test worker] o.a.c.c.C.[Tomcat-1].[localhost].[/]     : Initializing Spring TestDispatcherServlet ''
2024-09-29 22:01:42.279  INFO 20928 --- [    Test worker] o.s.t.web.servlet.TestDispatcherServlet  : Initializing Servlet ''
2024-09-29 22:01:42.295  INFO 20928 --- [    Test worker] o.s.b.a.e.web.EndpointLinksResolver      : Exposing 1 endpoint(s) beneath base path '/actuator'
2024-09-29 22:01:42.311  INFO 20928 --- [    Test worker] o.s.t.web.servlet.TestDispatcherServlet  : Completed initialization in 32 ms
2024-09-29 22:01:42.660  INFO 20928 --- [    Test worker] o.s.b.w.embedded.tomcat.TomcatWebServer  : Tomcat started on port(s): 63016 (http) with context path ''
2024-09-29 22:01:42.960  INFO 20928 --- [    Test worker] uditionPostByIdControllerIntegrationTest : Started AuditionPostByIdControllerIntegrationTest in 5.541 seconds (process running for 42.154)
2024-09-29 22:01:43.112  INFO 20928 --- [    Test worker] org.eclipse.jetty.server.Server          : Stopped Server@3579f75{STOPPING}[11.0.13,sto=1000]
2024-09-29 22:01:43.113  INFO 20928 --- [    Test worker] org.eclipse.jetty.server.Server          : Shutdown Server@3579f75{STOPPING}[11.0.13,sto=1000]
2024-09-29 22:01:43.117  INFO 20928 --- [    Test worker] o.e.jetty.server.AbstractConnector       : Stopped NetworkTrafficServerConnector@5f5492c3{HTTP/1.1, (http/1.1, h2c)}{0.0.0.0:0}
2024-09-29 22:01:43.117  INFO 20928 --- [    Test worker] o.e.jetty.server.handler.ContextHandler  : Stopped o.e.j.s.ServletContextHandler@5b09788c{/,null,STOPPED}
2024-09-29 22:01:43.117  INFO 20928 --- [    Test worker] o.e.jetty.server.handler.ContextHandler  : Stopped o.e.j.s.ServletContextHandler@34991ade{/__admin,null,STOPPED}
]]></system-out>
  <system-err><![CDATA[]]></system-err>
</testsuite>
