<?xml version="1.0" encoding="UTF-8"?>
<testsuite name="com.audition.AuditionPostByIdControllerIntegrationTest" tests="4" skipped="0" failures="0" errors="0" timestamp="2024-09-30T02:20:59" hostname="DESKTOP-T0DGFL0" time="0.161">
  <properties/>
  <testcase name="shouldFailForWrongMediaType()" classname="com.audition.AuditionPostByIdControllerIntegrationTest" time="0.054"/>
  <testcase name="shouldReturnAuditionPostById()" classname="com.audition.AuditionPostByIdControllerIntegrationTest" time="0.053"/>
  <testcase name="shouldReturnEmptyListForUserWithNoPosts()" classname="com.audition.AuditionPostByIdControllerIntegrationTest" time="0.029"/>
  <testcase name="shouldFailForWrongMediaTypeWithComments()" classname="com.audition.AuditionPostByIdControllerIntegrationTest" time="0.02"/>
  <system-out><![CDATA[2024-09-30 12:20:52.645  INFO 296 --- [    Test worker] t.c.s.AnnotationConfigContextLoaderUtils : Could not detect default configuration classes for test class [com.audition.AuditionPostByIdControllerIntegrationTest]: AuditionPostByIdControllerIntegrationTest does not declare any static, non-private, non-final, nested classes annotated with @Configuration.
2024-09-30 12:20:52.652  INFO 296 --- [    Test worker] .b.t.c.SpringBootTestContextBootstrapper : Found @SpringBootConfiguration com.audition.AuditionApplication for test class com.audition.AuditionPostByIdControllerIntegrationTest
2024-09-30 12:20:52.661  INFO 296 --- [    Test worker] org.eclipse.jetty.server.Server          : jetty-11.0.13; built: 2022-12-07T20:47:15.149Z; git: a04bd1ccf844cf9bebc12129335d7493111cbff6; jvm 17.0.12+8-LTS-286
2024-09-30 12:20:52.664  INFO 296 --- [    Test worker] o.e.jetty.server.handler.ContextHandler  : Started o.e.j.s.ServletContextHandler@18818cd9{/__admin,null,AVAILABLE}
2024-09-30 12:20:52.665  INFO 296 --- [    Test worker] o.e.j.s.handler.ContextHandler.ROOT      : RequestHandlerClass from context returned com.github.tomakehurst.wiremock.http.StubRequestHandler. Normalized mapped under returned 'null'
2024-09-30 12:20:52.665  INFO 296 --- [    Test worker] o.e.jetty.server.handler.ContextHandler  : Started o.e.j.s.ServletContextHandler@f3bf685{/,null,AVAILABLE}
2024-09-30 12:20:52.670  INFO 296 --- [    Test worker] o.e.jetty.server.AbstractConnector       : Started NetworkTrafficServerConnector@6907f778{HTTP/1.1, (http/1.1, h2c)}{0.0.0.0:49155}
2024-09-30 12:20:52.671  INFO 296 --- [    Test worker] org.eclipse.jetty.server.Server          : Started Server@11039ba1{STARTING}[11.0.13,sto=1000] @37043ms
12:20:52,965 |-INFO in ch.qos.logback.core.joran.util.ConfigurationWatchListUtil@5a41183b - Adding [jar:file:/C:/Users/User/.gradle/caches/modules-2/files-2.1/org.springframework.boot/spring-boot/3.0.3/d781e7afbeb3d05ce361e9cc4fa7d38b15fb3862/spring-boot-3.0.3.jar!/org/springframework/boot/logging/logback/defaults.xml] to configuration watch list.
12:20:52,965 |-INFO in ch.qos.logback.core.joran.spi.ConfigurationWatchList@527def92 - URL [jar:file:/C:/Users/User/.gradle/caches/modules-2/files-2.1/org.springframework.boot/spring-boot/3.0.3/d781e7afbeb3d05ce361e9cc4fa7d38b15fb3862/spring-boot-3.0.3.jar!/org/springframework/boot/logging/logback/defaults.xml] is not of type file
12:20:52,970 |-INFO in ch.qos.logback.core.joran.action.ConversionRuleAction - registering conversion word clr with class [org.springframework.boot.logging.logback.ColorConverter]
12:20:52,970 |-INFO in ch.qos.logback.core.joran.action.ConversionRuleAction - registering conversion word wex with class [org.springframework.boot.logging.logback.WhitespaceThrowableProxyConverter]
12:20:52,970 |-INFO in ch.qos.logback.core.joran.action.ConversionRuleAction - registering conversion word wEx with class [org.springframework.boot.logging.logback.ExtendedWhitespaceThrowableProxyConverter]
12:20:52,972 |-INFO in ch.qos.logback.core.model.processor.AppenderModelHandler - Processing appender named [console]
12:20:52,972 |-INFO in ch.qos.logback.core.model.processor.AppenderModelHandler - About to instantiate appender of type [ch.qos.logback.core.ConsoleAppender]
12:20:52,973 |-INFO in ch.qos.logback.core.model.processor.ImplicitModelHandler - Assuming default type [ch.qos.logback.classic.encoder.PatternLayoutEncoder] for [encoder] property
12:20:52,975 |-WARN in ch.qos.logback.core.model.processor.AppenderModelHandler - Appender named [flatfile] not referenced. Skipping further processing.
12:20:52,975 |-WARN in ch.qos.logback.core.model.processor.AppenderModelHandler - Appender named [logstash] not referenced. Skipping further processing.
12:20:52,975 |-INFO in ch.qos.logback.classic.model.processor.LoggerModelHandler - Setting level of logger [org.apache.catalina.startup.DigesterFactory] to ERROR
12:20:52,975 |-INFO in ch.qos.logback.classic.jul.LevelChangePropagator@6dc58823 - Propagating ERROR level on Logger[org.apache.catalina.startup.DigesterFactory] onto the JUL framework
12:20:52,976 |-INFO in ch.qos.logback.classic.model.processor.LoggerModelHandler - Setting level of logger [org.apache.catalina.util.LifecycleBase] to ERROR
12:20:52,976 |-INFO in ch.qos.logback.classic.jul.LevelChangePropagator@6dc58823 - Propagating ERROR level on Logger[org.apache.catalina.util.LifecycleBase] onto the JUL framework
12:20:52,976 |-INFO in ch.qos.logback.classic.model.processor.LoggerModelHandler - Setting level of logger [org.apache.coyote.http11.Http11NioProtocol] to WARN
12:20:52,976 |-INFO in ch.qos.logback.classic.jul.LevelChangePropagator@6dc58823 - Propagating WARN level on Logger[org.apache.coyote.http11.Http11NioProtocol] onto the JUL framework
12:20:52,976 |-INFO in ch.qos.logback.classic.model.processor.LoggerModelHandler - Setting level of logger [org.apache.sshd.common.util.SecurityUtils] to WARN
12:20:52,976 |-INFO in ch.qos.logback.classic.jul.LevelChangePropagator@6dc58823 - Propagating WARN level on Logger[org.apache.sshd.common.util.SecurityUtils] onto the JUL framework
12:20:52,976 |-INFO in ch.qos.logback.classic.model.processor.LoggerModelHandler - Setting level of logger [org.apache.tomcat.util.net.NioSelectorPool] to WARN
12:20:52,976 |-INFO in ch.qos.logback.classic.jul.LevelChangePropagator@6dc58823 - Propagating WARN level on Logger[org.apache.tomcat.util.net.NioSelectorPool] onto the JUL framework
12:20:52,976 |-INFO in ch.qos.logback.classic.model.processor.LoggerModelHandler - Setting level of logger [org.eclipse.jetty.util.component.AbstractLifeCycle] to ERROR
12:20:52,976 |-INFO in ch.qos.logback.classic.jul.LevelChangePropagator@6dc58823 - Propagating ERROR level on Logger[org.eclipse.jetty.util.component.AbstractLifeCycle] onto the JUL framework
12:20:52,976 |-INFO in ch.qos.logback.classic.model.processor.LoggerModelHandler - Setting level of logger [org.hibernate.validator.internal.util.Version] to WARN
12:20:52,976 |-INFO in ch.qos.logback.classic.jul.LevelChangePropagator@6dc58823 - Propagating WARN level on Logger[org.hibernate.validator.internal.util.Version] onto the JUL framework
12:20:52,976 |-INFO in ch.qos.logback.classic.model.processor.LoggerModelHandler - Setting level of logger [org.springframework.boot.actuate.endpoint.jmx] to WARN
12:20:52,976 |-INFO in ch.qos.logback.classic.jul.LevelChangePropagator@6dc58823 - Propagating WARN level on Logger[org.springframework.boot.actuate.endpoint.jmx] onto the JUL framework
12:20:52,976 |-INFO in ch.qos.logback.classic.model.processor.RootLoggerModelHandler - Setting level of ROOT logger to INFO
12:20:52,977 |-INFO in ch.qos.logback.classic.jul.LevelChangePropagator@6dc58823 - Propagating INFO level on Logger[ROOT] onto the JUL framework
12:20:52,977 |-INFO in ch.qos.logback.core.model.processor.AppenderRefModelHandler - Attaching appender named [console] to Logger[ROOT]
12:20:52,977 |-INFO in ch.qos.logback.core.model.processor.DefaultProcessor@7e39b00c - End of configuration.
12:20:52,977 |-INFO in org.springframework.boot.logging.logback.SpringBootJoranConfigurator@760265e9 - Registering current configuration as safe fallback point


  .   ____          _            __ _ _
 /\\ / ___'_ __ _ _(_)_ __  __ _ \ \ \ \
( ( )\___ | '_ | '_| | '_ \/ _` | \ \ \ \
 \\/  ___)| |_)| | | | | || (_| |  ) ) ) )
  '  |____| .__|_| |_|_| |_\__, | / / / /
 =========|_|==============|___/=/_/_/_/
 :: Spring Boot ::                (v3.0.3)

2024-09-30 12:20:52.997  INFO 296 --- [    Test worker] uditionPostByIdControllerIntegrationTest : Starting AuditionPostByIdControllerIntegrationTest using Java 17.0.12 with PID 296 (started by User in C:\Users\User\Downloads\audition-api)
2024-09-30 12:20:52.998  INFO 296 --- [    Test worker] uditionPostByIdControllerIntegrationTest : No active profile set, falling back to 1 default profile: "default"
2024-09-30 12:20:53.004  INFO 296 --- [    Test worker] o.s.c.c.c.ConfigServerConfigDataLoader   : Fetching config from server at : http://localhost:8888
2024-09-30 12:20:53.004  INFO 296 --- [    Test worker] o.s.c.c.c.ConfigServerConfigDataLoader   : Connect Timeout Exception on Url - http://localhost:8888. Will try the next url if available
2024-09-30 12:20:53.005  WARN 296 --- [    Test worker] o.s.c.c.c.ConfigServerConfigDataLoader   : Could not locate PropertySource ([ConfigServerConfigDataResource@5d74a14 uris = array<String>['http://localhost:8888'], optional = true, profiles = list['default']]): I/O error on GET request for "http://localhost:8888/application/default": Connection refused: no further information
2024-09-30 12:20:54.707  INFO 296 --- [    Test worker] o.s.cloud.context.scope.GenericScope     : BeanFactory id=cfb7f715-483f-3012-b4dc-5e33a092b232
2024-09-30 12:20:55.067  INFO 296 --- [    Test worker] o.s.b.w.embedded.tomcat.TomcatWebServer  : Tomcat initialized with port(s): 0 (http)
2024-09-30 12:20:55.069  INFO 296 --- [    Test worker] o.apache.catalina.core.StandardService   : Starting service [Tomcat]
2024-09-30 12:20:55.070  INFO 296 --- [    Test worker] o.apache.catalina.core.StandardEngine    : Starting Servlet engine: [Apache Tomcat/10.1.5]
2024-09-30 12:20:55.151  INFO 296 --- [    Test worker] o.a.c.c.C.[Tomcat-1].[localhost].[/]     : Initializing Spring embedded WebApplicationContext
2024-09-30 12:20:55.151  INFO 296 --- [    Test worker] w.s.c.ServletWebServerApplicationContext : Root WebApplicationContext: initialization completed in 2146 ms
2024-09-30 12:20:56.110  WARN 296 --- [    Test worker] .s.s.UserDetailsServiceAutoConfiguration : 

Using generated security password: 7a5db80a-8d9e-413e-a259-e306dc96cbcf

This generated password is for development use only. Your security configuration must be updated before running your application in production.

2024-09-30 12:20:58.245  INFO 296 --- [    Test worker] o.s.b.a.e.web.EndpointLinksResolver      : Exposing 1 endpoint(s) beneath base path '/actuator'
2024-09-30 12:20:58.304  INFO 296 --- [    Test worker] o.s.s.web.DefaultSecurityFilterChain     : Will secure any request with [org.springframework.security.web.session.DisableEncodeUrlFilter@1c859d63, org.springframework.security.web.context.request.async.WebAsyncManagerIntegrationFilter@54aa0d24, org.springframework.security.web.context.SecurityContextHolderFilter@3580929c, org.springframework.security.web.header.HeaderWriterFilter@c420a09, org.springframework.security.web.authentication.logout.LogoutFilter@618d9919, org.springframework.security.web.authentication.www.BasicAuthenticationFilter@5637cbea, org.springframework.security.web.savedrequest.RequestCacheAwareFilter@420989af, org.springframework.security.web.servletapi.SecurityContextHolderAwareRequestFilter@788762da, org.springframework.security.web.authentication.AnonymousAuthenticationFilter@3481f694, org.springframework.security.web.access.ExceptionTranslationFilter@5f4c930d, org.springframework.security.web.access.intercept.AuthorizationFilter@561bb13a]
2024-09-30 12:20:59.246  INFO 296 --- [    Test worker] o.a.c.c.C.[Tomcat-1].[localhost].[/]     : Initializing Spring TestDispatcherServlet ''
2024-09-30 12:20:59.246  INFO 296 --- [    Test worker] o.s.t.web.servlet.TestDispatcherServlet  : Initializing Servlet ''
2024-09-30 12:20:59.249  INFO 296 --- [    Test worker] o.s.t.web.servlet.TestDispatcherServlet  : Completed initialization in 3 ms
2024-09-30 12:20:59.587  INFO 296 --- [    Test worker] o.s.b.w.embedded.tomcat.TomcatWebServer  : Tomcat started on port(s): 49157 (http) with context path ''
2024-09-30 12:20:59.795  INFO 296 --- [    Test worker] uditionPostByIdControllerIntegrationTest : Started AuditionPostByIdControllerIntegrationTest in 7.121 seconds (process running for 44.168)
2024-09-30 12:20:59.880  INFO 296 --- [    Test worker] c.audition.web.AuditionPostsController   : Received request to get post by ID: 1
2024-09-30 12:20:59.922  INFO 296 --- [    Test worker] c.audition.web.AuditionPostsController   : Received request to get post by ID: 3
2024-09-30 12:20:59.962  INFO 296 --- [    Test worker] org.eclipse.jetty.server.Server          : Stopped Server@11039ba1{STOPPING}[11.0.13,sto=1000]
2024-09-30 12:20:59.962  INFO 296 --- [    Test worker] org.eclipse.jetty.server.Server          : Shutdown Server@11039ba1{STOPPING}[11.0.13,sto=1000]
2024-09-30 12:20:59.964  INFO 296 --- [    Test worker] o.e.jetty.server.AbstractConnector       : Stopped NetworkTrafficServerConnector@6907f778{HTTP/1.1, (http/1.1, h2c)}{0.0.0.0:0}
2024-09-30 12:20:59.966  INFO 296 --- [    Test worker] o.e.jetty.server.handler.ContextHandler  : Stopped o.e.j.s.ServletContextHandler@f3bf685{/,null,STOPPED}
2024-09-30 12:20:59.967  INFO 296 --- [    Test worker] o.e.jetty.server.handler.ContextHandler  : Stopped o.e.j.s.ServletContextHandler@18818cd9{/__admin,null,STOPPED}
]]></system-out>
  <system-err><![CDATA[]]></system-err>
</testsuite>
