<?xml version="1.0" encoding="UTF-8"?>
<testsuite name="com.audition.AuditionCommentsControllerIntegrationTest" tests="2" skipped="0" failures="0" errors="0" timestamp="2024-09-30T12:09:04" hostname="DESKTOP-T0DGFL0" time="2.712">
  <properties/>
  <testcase name="shouldReturnCommentId()" classname="com.audition.AuditionCommentsControllerIntegrationTest" time="2.617"/>
  <testcase name="shouldReturnCommentsForPostId()" classname="com.audition.AuditionCommentsControllerIntegrationTest" time="0.092"/>
  <system-out><![CDATA[22:08:31.063 [Test worker] DEBUG org.springframework.boot.test.context.SpringBootTestContextBootstrapper - Neither @ContextConfiguration nor @ContextHierarchy found for test class [AuditionCommentsControllerIntegrationTest]: using SpringBootContextLoader
22:08:31.119 [Test worker] DEBUG org.springframework.test.context.support.AbstractContextLoader - Could not detect default resource locations for test class [com.audition.AuditionCommentsControllerIntegrationTest]: no resource found for suffixes {-context.xml, Context.groovy}.
22:08:31.119 [Test worker] INFO org.springframework.test.context.support.AnnotationConfigContextLoaderUtils - Could not detect default configuration classes for test class [com.audition.AuditionCommentsControllerIntegrationTest]: AuditionCommentsControllerIntegrationTest does not declare any static, non-private, non-final, nested classes annotated with @Configuration.
22:08:31.379 [Test worker] DEBUG org.springframework.boot.test.context.SpringBootTestContextBootstrapper - Using ContextCustomizers for test class [AuditionCommentsControllerIntegrationTest]: [DisableObservabilityContextCustomizer, PropertyMappingContextCustomizer, Customizer, ImportsContextCustomizer, ExcludeFilterContextCustomizer, DuplicateJsonObjectContextCustomizer, MockitoContextCustomizer, TestRestTemplateContextCustomizer, WebTestClientContextCustomizer, DynamicPropertiesContextCustomizer]
22:08:31.901 [Test worker] DEBUG org.springframework.context.annotation.ClassPathScanningCandidateComponentProvider - Identified candidate component class: file [C:\Users\User\Downloads\audition-api\build\classes\java\main\com\audition\AuditionApplication.class]
22:08:31.911 [Test worker] INFO org.springframework.boot.test.context.SpringBootTestContextBootstrapper - Found @SpringBootConfiguration com.audition.AuditionApplication for test class com.audition.AuditionCommentsControllerIntegrationTest
22:08:32.643 [Test worker] DEBUG org.springframework.boot.test.context.SpringBootTestContextBootstrapper - Using TestExecutionListeners for test class [AuditionCommentsControllerIntegrationTest]: [ServletTestExecutionListener, DirtiesContextBeforeModesTestExecutionListener, ApplicationEventsTestExecutionListener, MockitoTestExecutionListener, DependencyInjectionTestExecutionListener, DirtiesContextTestExecutionListener, TransactionalTestExecutionListener, SqlScriptsTestExecutionListener, EventPublishingTestExecutionListener, RestDocsTestExecutionListener, MockRestServiceServerResetTestExecutionListener, MockMvcPrintOnlyOnFailureTestExecutionListener, WebDriverTestExecutionListener, MockWebServiceServerTestExecutionListener, ResetMocksTestExecutionListener]
22:08:32.654 [Test worker] DEBUG org.springframework.test.context.support.AbstractDirtiesContextTestExecutionListener - Before test class: class [AuditionCommentsControllerIntegrationTest], class annotated with @DirtiesContext [false] with mode [null]
22:08:35.470 [Test worker] DEBUG org.eclipse.jetty.util.component.ContainerLifeCycle - QueuedThreadPool[qtp1632419524]@614cbec4{STOPPED,8<=0<=25,i=0,r=-1,q=0}[NO_TRY] added {org.eclipse.jetty.util.thread.ThreadPoolBudget@3adde4ea,POJO}
22:08:35.491 [Test worker] DEBUG org.eclipse.jetty.util.component.ContainerLifeCycle - Server@33373f70{STOPPED}[11.0.13,sto=0] added {QueuedThreadPool[qtp1632419524]@614cbec4{STOPPED,8<=0<=25,i=0,r=-1,q=0}[NO_TRY],AUTO}
22:08:35.533 [Test worker] DEBUG org.eclipse.jetty.util.component.ContainerLifeCycle - Server@33373f70{STOPPED}[11.0.13,sto=0] added {AttributeContainerMap@56f61d74{size=0},AUTO}
22:08:35.652 [Test worker] DEBUG org.eclipse.jetty.util.component.ContainerLifeCycle - HttpConnectionFactory@30a791a6[HTTP/1.1] added {HttpConfiguration@719bb60d{32768/8192,32768/32768,https://:0,[SecureRequestCustomizer@5981f2c6]},POJO}
22:08:35.722 [Test worker] DEBUG org.eclipse.jetty.util.component.ContainerLifeCycle - HTTP2CServerConnectionFactory@f96654[h2c] added {HTTP2SessionContainer@75063bd0[size=0],POJO}
22:08:35.728 [Test worker] DEBUG org.eclipse.jetty.util.component.ContainerLifeCycle - HTTP2CServerConnectionFactory@f96654[h2c] added {HttpConfiguration@719bb60d{32768/8192,32768/32768,https://:0,[SecureRequestCustomizer@5981f2c6]},POJO}
22:08:35.772 [Test worker] DEBUG org.eclipse.jetty.util.component.ContainerLifeCycle - NetworkTrafficServerConnector@516037be{null, ()}{0.0.0.0:0} added {QueuedThreadPool[qtp1632419524]@614cbec4{STOPPED,8<=0<=25,i=0,r=-1,q=0}[NO_TRY],AUTO}
22:08:35.778 [Test worker] DEBUG org.eclipse.jetty.util.component.ContainerLifeCycle - NetworkTrafficServerConnector@516037be{null, ()}{0.0.0.0:0} added {ScheduledExecutorScheduler@433b546f{STOPPED},AUTO}
22:08:35.812 [Test worker] DEBUG org.eclipse.jetty.util.component.ContainerLifeCycle - Server@33373f70{STOPPED}[11.0.13,sto=0] added {LogarithmicArrayByteBufferPool@24f5e9e8{minBufferCapacity=0, maxBufferCapacity=65536, maxQueueLength=-1, factor=4096},POJO}
22:08:35.812 [Test worker] DEBUG org.eclipse.jetty.util.component.ContainerLifeCycle - NetworkTrafficServerConnector@516037be{null, ()}{0.0.0.0:0} added {LogarithmicArrayByteBufferPool@24f5e9e8{minBufferCapacity=0, maxBufferCapacity=65536, maxQueueLength=-1, factor=4096},UNMANAGED}
22:08:35.818 [Test worker] DEBUG org.eclipse.jetty.util.component.ContainerLifeCycle - NetworkTrafficServerConnector@516037be{null, ()}{0.0.0.0:0} added {org.eclipse.jetty.io.LogarithmicArrayByteBufferPool$LogarithmicRetainablePool@50e6ee24{min=0,max=65536,buckets=17,heap=0/-1,direct=0/-1},POJO}
22:08:35.818 [Test worker] DEBUG org.eclipse.jetty.util.component.ContainerLifeCycle - NetworkTrafficServerConnector@516037be{null, ()}{0.0.0.0:0} added {org.eclipse.jetty.server.AbstractConnector$1@727f36dd,POJO}
22:08:35.818 [Test worker] DEBUG org.eclipse.jetty.util.component.ContainerLifeCycle - NetworkTrafficServerConnector@516037be{null, (http/1.1)}{0.0.0.0:0} added {HttpConnectionFactory@30a791a6[HTTP/1.1],AUTO}
22:08:35.818 [Test worker] DEBUG org.eclipse.jetty.server.AbstractConnector - NetworkTrafficServerConnector@516037be{HTTP/1.1, (http/1.1)}{0.0.0.0:0} added HttpConnectionFactory@30a791a6[HTTP/1.1]
22:08:35.818 [Test worker] DEBUG org.eclipse.jetty.util.component.ContainerLifeCycle - NetworkTrafficServerConnector@516037be{HTTP/1.1, (http/1.1, h2c)}{0.0.0.0:0} added {HTTP2CServerConnectionFactory@f96654[h2c],AUTO}
22:08:35.818 [Test worker] DEBUG org.eclipse.jetty.server.AbstractConnector - NetworkTrafficServerConnector@516037be{HTTP/1.1, (http/1.1, h2c)}{0.0.0.0:0} added HTTP2CServerConnectionFactory@f96654[h2c]
22:08:35.835 [Test worker] DEBUG org.eclipse.jetty.util.component.ContainerLifeCycle - NetworkTrafficServerConnector@516037be{HTTP/1.1, (http/1.1, h2c)}{0.0.0.0:0} added {SelectorManager@NetworkTrafficServerConnector@516037be{HTTP/1.1, (http/1.1, h2c)}{0.0.0.0:0},MANAGED}
22:08:35.840 [Test worker] DEBUG org.eclipse.jetty.util.component.ContainerLifeCycle - Server@33373f70{STOPPED}[11.0.13,sto=0] added {NetworkTrafficServerConnector@516037be{HTTP/1.1, (http/1.1, h2c)}{0.0.0.0:0},AUTO}
22:08:35.942 [Test worker] DEBUG org.eclipse.jetty.util.component.ContainerLifeCycle - Server@33373f70{STOPPED}[11.0.13,sto=0] added {o.e.j.s.ServletContextHandler@47666b39{/__admin,null,STOPPED},MANAGED}
22:08:35.973 [Test worker] DEBUG org.eclipse.jetty.util.component.ContainerLifeCycle - o.e.j.s.ServletContextHandler@47666b39{/__admin,null,STOPPED} added {ServletHandler@4850d66b{STOPPED},MANAGED}
22:08:36.008 [Test worker] DEBUG org.eclipse.jetty.util.component.ContainerLifeCycle - ServletHandler@4850d66b{STOPPED} added {org.eclipse.jetty.servlet.DefaultServlet-4b5f022f==org.eclipse.jetty.servlet.DefaultServlet@babfe594{jsp=null,order=-1,inst=false,async=true,src=EMBEDDED:null,STOPPED},AUTO}
22:08:36.017 [Test worker] DEBUG org.eclipse.jetty.util.component.ContainerLifeCycle - ServletHandler@4850d66b{STOPPED} added {[/swagger-ui/*]=>org.eclipse.jetty.servlet.DefaultServlet-4b5f022f,POJO}
22:08:36.018 [Test worker] DEBUG org.eclipse.jetty.util.component.ContainerLifeCycle - ServletHandler@4850d66b{STOPPED} added {org.eclipse.jetty.servlet.DefaultServlet-319d106c==org.eclipse.jetty.servlet.DefaultServlet@39850214{jsp=null,order=-1,inst=false,async=true,src=EMBEDDED:null,STOPPED},AUTO}
22:08:36.019 [Test worker] DEBUG org.eclipse.jetty.util.component.ContainerLifeCycle - ServletHandler@4850d66b{STOPPED} added {[/recorder/*]=>org.eclipse.jetty.servlet.DefaultServlet-319d106c,POJO}
22:08:36.081 [Test worker] DEBUG org.eclipse.jetty.util.component.ContainerLifeCycle - ServletHandler@4850d66b{STOPPED} added {com.github.tomakehurst.wiremock.servlet.WireMockHandlerDispatchingServlet-37cc6017==com.github.tomakehurst.wiremock.servlet.WireMockHandlerDispatchingServlet@1c38c3f2{jsp=null,order=-1,inst=false,async=true,src=EMBEDDED:null,STOPPED},AUTO}
22:08:36.105 [Test worker] DEBUG org.eclipse.jetty.util.component.ContainerLifeCycle - ServletHandler@4850d66b{STOPPED} added {[/]=>com.github.tomakehurst.wiremock.servlet.WireMockHandlerDispatchingServlet-37cc6017,POJO}
22:08:36.129 [Test worker] DEBUG org.eclipse.jetty.util.component.ContainerLifeCycle - ServletHandler@4850d66b{STOPPED} added {com.github.tomakehurst.wiremock.servlet.NotMatchedServlet-31dd0e2e==com.github.tomakehurst.wiremock.servlet.NotMatchedServlet@1ef670d8{jsp=null,order=-1,inst=false,async=true,src=EMBEDDED:null,STOPPED},AUTO}
22:08:36.129 [Test worker] DEBUG org.eclipse.jetty.util.component.ContainerLifeCycle - ServletHandler@4850d66b{STOPPED} added {[/not-matched]=>com.github.tomakehurst.wiremock.servlet.NotMatchedServlet-31dd0e2e,POJO}
22:08:36.145 [Test worker] DEBUG org.eclipse.jetty.util.component.ContainerLifeCycle - ServletHandler@4850d66b{STOPPED} added {org.eclipse.jetty.servlets.CrossOriginFilter-5eb041b5==org.eclipse.jetty.servlets.CrossOriginFilter@5eb041b5{inst=false,async=true,src=EMBEDDED:null},AUTO}
22:08:36.145 [Test worker] DEBUG org.eclipse.jetty.util.component.ContainerLifeCycle - ServletHandler@4850d66b{STOPPED} added {[/*]/[]/[]=>org.eclipse.jetty.servlets.CrossOriginFilter-5eb041b5,POJO}
22:08:36.178 [Test worker] DEBUG org.eclipse.jetty.util.component.ContainerLifeCycle - Server@33373f70{STOPPED}[11.0.13,sto=0] added {o.e.j.s.ServletContextHandler@720c0996{/,null,STOPPED},MANAGED}
22:08:36.178 [Test worker] DEBUG org.eclipse.jetty.util.component.ContainerLifeCycle - o.e.j.s.ServletContextHandler@720c0996{/,null,STOPPED} added {ServletHandler@7910e307{STOPPED},MANAGED}
22:08:36.178 [Test worker] DEBUG org.eclipse.jetty.util.component.ContainerLifeCycle - ServletHandler@7910e307{STOPPED} added {org.eclipse.jetty.servlet.DefaultServlet-460aa24e==org.eclipse.jetty.servlet.DefaultServlet@9a754c34{jsp=null,order=-1,inst=false,async=true,src=EMBEDDED:null,STOPPED},AUTO}
22:08:36.178 [Test worker] DEBUG org.eclipse.jetty.util.component.ContainerLifeCycle - ServletHandler@7910e307{STOPPED} added {[/__files/*]=>org.eclipse.jetty.servlet.DefaultServlet-460aa24e,POJO}
22:08:36.192 [Test worker] DEBUG org.eclipse.jetty.util.component.ContainerLifeCycle - ServletHandler@7910e307{STOPPED} added {com.github.tomakehurst.wiremock.servlet.WireMockHandlerDispatchingServlet-627d5f99==com.github.tomakehurst.wiremock.servlet.WireMockHandlerDispatchingServlet@5655c8{jsp=null,order=-1,inst=false,async=true,src=EMBEDDED:null,STOPPED},AUTO}
22:08:36.202 [Test worker] DEBUG org.eclipse.jetty.util.component.ContainerLifeCycle - ServletHandler@7910e307{STOPPED} added {[/]=>com.github.tomakehurst.wiremock.servlet.WireMockHandlerDispatchingServlet-627d5f99,POJO}
22:08:36.235 [Test worker] DEBUG org.eclipse.jetty.http.PreEncodedHttpField - HttpField encoders loaded: [org.eclipse.jetty.http2.hpack.HpackFieldPreEncoder@14bd523b, org.eclipse.jetty.http.Http1FieldPreEncoder@cc7909f]
22:08:36.413 [Test worker] DEBUG org.eclipse.jetty.util.component.ContainerLifeCycle - o.e.j.s.ServletContextHandler@720c0996{/,null,STOPPED} added {NotFoundHandler@1cb929a9{STOPPED},MANAGED}
22:08:36.420 [Test worker] DEBUG org.eclipse.jetty.util.component.ContainerLifeCycle - ServletHandler@7910e307{STOPPED} added {com.github.tomakehurst.wiremock.servlet.ContentTypeSettingFilter-5357de0e==com.github.tomakehurst.wiremock.servlet.ContentTypeSettingFilter@5357de0e{inst=false,async=true,src=EMBEDDED:null},AUTO}
22:08:36.423 [Test worker] DEBUG org.eclipse.jetty.util.component.ContainerLifeCycle - ServletHandler@7910e307{STOPPED} added {[/__files/*]/[]/[]=>com.github.tomakehurst.wiremock.servlet.ContentTypeSettingFilter-5357de0e,POJO}
22:08:36.429 [Test worker] DEBUG org.eclipse.jetty.util.component.ContainerLifeCycle - ServletHandler@7910e307{STOPPED} added {com.github.tomakehurst.wiremock.servlet.TrailingSlashFilter-988c126==com.github.tomakehurst.wiremock.servlet.TrailingSlashFilter@988c126{inst=false,async=true,src=EMBEDDED:null},AUTO}
22:08:36.429 [Test worker] DEBUG org.eclipse.jetty.util.component.ContainerLifeCycle - ServletHandler@7910e307{STOPPED} added {[/__files/*]/[]/[]=>com.github.tomakehurst.wiremock.servlet.TrailingSlashFilter-988c126,POJO}
22:08:36.437 [Test worker] DEBUG org.eclipse.jetty.util.component.ContainerLifeCycle - HandlerCollection@3673e211{STOPPED} added {o.e.j.s.ServletContextHandler@47666b39{/__admin,null,STOPPED},AUTO}
22:08:36.437 [Test worker] DEBUG org.eclipse.jetty.util.component.ContainerLifeCycle - HandlerCollection@3673e211{STOPPED} added {AbstractHandler@48788853{STOPPED},AUTO}
22:08:36.510 [Test worker] DEBUG org.eclipse.jetty.http.pathmap.ServletPathSpec - Creating ServletPathSpec[*.svgz] (group: SUFFIX_GLOB, prefix: "null", suffix: "svgz")
22:08:36.510 [Test worker] DEBUG org.eclipse.jetty.http.pathmap.PathMappings - Added MappedResource[pathSpec=ServletPathSpec@9727ded2{*.svgz},resource=true] to PathMappings[size=1]
22:08:36.513 [Test worker] DEBUG org.eclipse.jetty.server.handler.gzip.GzipHandler - GzipHandler@297454f7{STOPPED,min=32,inflate=-1} mime types IncludeExclude@602b7944{i=[],ip=CONTAINS,e=[image/ief, image/vnd.wap.wbmp, image/jpeg, application/bzip2, image/x-portable-graymap, application/brotli, image/bmp, image/gif, image/x-icon, image/apng, audio/midi, image/webp, video/x-msvideo, image/x-xbitmap, application/x-rar-compressed, text/event-stream, image/avif, image/x-portable-bitmap, image/x-rgb, image/x-cmu-raster, application/gzip, audio/x-wav, audio/x-pn-realaudio, audio/basic, application/compress, audio/x-aiff, video/x.ms.asx, video/x.ms.asf, image/png, video/vnd.rn-realvideo, image/x-xwindowdump, image/jpeg2000, video/x-sgi-movie, audio/mpeg, image/xcf, video/mpeg, image/x-portable-pixmap, image/tiff, image/x-portable-anymap, image/x-xpixmap, application/zip, video/quicktime, application/x-xz, video/mp4],ep=CONTAINS}
22:08:36.522 [Test worker] DEBUG org.eclipse.jetty.util.component.ContainerLifeCycle - GzipHandler@297454f7{STOPPED,min=32,inflate=-1} added {o.e.j.s.ServletContextHandler@720c0996{/,null,STOPPED},MANAGED}
22:08:36.527 [Test worker] DEBUG org.eclipse.jetty.util.component.ContainerLifeCycle - HandlerCollection@3673e211{STOPPED} added {GzipHandler@297454f7{STOPPED,min=32,inflate=-1},AUTO}
22:08:36.530 [Test worker] DEBUG org.eclipse.jetty.util.component.ContainerLifeCycle - Server@33373f70{STOPPED}[11.0.13,sto=0] added {HandlerCollection@3673e211{STOPPED},MANAGED}
22:08:38.348 [Test worker] DEBUG org.eclipse.jetty.util.component.AbstractLifeCycle - STARTING Server@33373f70{STOPPED}[11.0.13,sto=1000]
22:08:38.348 [Test worker] DEBUG org.eclipse.jetty.util.component.ContainerLifeCycle - Server@33373f70{STARTING}[11.0.13,sto=1000] added {ErrorHandler@481eb705{STOPPED},AUTO}
22:08:38.365 [Test worker] INFO org.eclipse.jetty.server.Server - jetty-11.0.13; built: 2022-12-07T20:47:15.149Z; git: a04bd1ccf844cf9bebc12129335d7493111cbff6; jvm 17.0.12+8-LTS-286
22:08:38.397 [Test worker] DEBUG org.eclipse.jetty.server.AbstractConnector - Could not configure SO_REUSEPORT to false on sun.nio.ch.ServerSocketChannelImpl[unbound]
java.lang.UnsupportedOperationException: 'SO_REUSEPORT' not supported
	at java.base/sun.nio.ch.ServerSocketChannelImpl.setOption(ServerSocketChannelImpl.java:212)
	at org.eclipse.jetty.server.ServerConnector.setSocketOption(ServerConnector.java:355)
	at org.eclipse.jetty.server.ServerConnector.openAcceptChannel(ServerConnector.java:336)
	at org.eclipse.jetty.server.ServerConnector.open(ServerConnector.java:304)
	at org.eclipse.jetty.server.Server.lambda$doStart$0(Server.java:402)
	at java.base/java.util.stream.ForEachOps$ForEachOp$OfRef.accept(ForEachOps.java:183)
	at java.base/java.util.stream.ReferencePipeline$3$1.accept(ReferencePipeline.java:197)
	at java.base/java.util.stream.ReferencePipeline$2$1.accept(ReferencePipeline.java:179)
	at java.base/java.util.Spliterators$ArraySpliterator.forEachRemaining(Spliterators.java:992)
	at java.base/java.util.stream.AbstractPipeline.copyInto(AbstractPipeline.java:509)
	at java.base/java.util.stream.AbstractPipeline.wrapAndCopyInto(AbstractPipeline.java:499)
	at java.base/java.util.stream.ForEachOps$ForEachOp.evaluateSequential(ForEachOps.java:150)
	at java.base/java.util.stream.ForEachOps$ForEachOp$OfRef.evaluateSequential(ForEachOps.java:173)
	at java.base/java.util.stream.AbstractPipeline.evaluate(AbstractPipeline.java:234)
	at java.base/java.util.stream.ReferencePipeline.forEach(ReferencePipeline.java:596)
	at org.eclipse.jetty.server.Server.doStart(Server.java:398)
	at org.eclipse.jetty.util.component.AbstractLifeCycle.start(AbstractLifeCycle.java:93)
	at com.github.tomakehurst.wiremock.jetty.JettyHttpServer.start(JettyHttpServer.java:139)
	at com.github.tomakehurst.wiremock.WireMockServer.start(WireMockServer.java:189)
	at com.github.tomakehurst.wiremock.junit5.WireMockExtension.startServerIfRequired(WireMockExtension.java:216)
	at com.github.tomakehurst.wiremock.junit5.WireMockExtension.beforeAll(WireMockExtension.java:282)
	at org.junit.jupiter.engine.descriptor.ClassBasedTestDescriptor.lambda$invokeBeforeAllCallbacks$12(ClassBasedTestDescriptor.java:395)
	at org.junit.platform.engine.support.hierarchical.ThrowableCollector.execute(ThrowableCollector.java:73)
	at org.junit.jupiter.engine.descriptor.ClassBasedTestDescriptor.invokeBeforeAllCallbacks(ClassBasedTestDescriptor.java:395)
	at org.junit.jupiter.engine.descriptor.ClassBasedTestDescriptor.before(ClassBasedTestDescriptor.java:211)
	at org.junit.jupiter.engine.descriptor.ClassBasedTestDescriptor.before(ClassBasedTestDescriptor.java:84)
	at org.junit.platform.engine.support.hierarchical.NodeTestTask.lambda$executeRecursively$6(NodeTestTask.java:148)
	at org.junit.platform.engine.support.hierarchical.ThrowableCollector.execute(ThrowableCollector.java:73)
	at org.junit.platform.engine.support.hierarchical.NodeTestTask.lambda$executeRecursively$8(NodeTestTask.java:141)
	at org.junit.platform.engine.support.hierarchical.Node.around(Node.java:137)
	at org.junit.platform.engine.support.hierarchical.NodeTestTask.lambda$executeRecursively$9(NodeTestTask.java:139)
	at org.junit.platform.engine.support.hierarchical.ThrowableCollector.execute(ThrowableCollector.java:73)
	at org.junit.platform.engine.support.hierarchical.NodeTestTask.executeRecursively(NodeTestTask.java:138)
	at org.junit.platform.engine.support.hierarchical.NodeTestTask.execute(NodeTestTask.java:95)
	at java.base/java.util.ArrayList.forEach(ArrayList.java:1511)
	at org.junit.platform.engine.support.hierarchical.SameThreadHierarchicalTestExecutorService.invokeAll(SameThreadHierarchicalTestExecutorService.java:41)
	at org.junit.platform.engine.support.hierarchical.NodeTestTask.lambda$executeRecursively$6(NodeTestTask.java:155)
	at org.junit.platform.engine.support.hierarchical.ThrowableCollector.execute(ThrowableCollector.java:73)
	at org.junit.platform.engine.support.hierarchical.NodeTestTask.lambda$executeRecursively$8(NodeTestTask.java:141)
	at org.junit.platform.engine.support.hierarchical.Node.around(Node.java:137)
	at org.junit.platform.engine.support.hierarchical.NodeTestTask.lambda$executeRecursively$9(NodeTestTask.java:139)
	at org.junit.platform.engine.support.hierarchical.ThrowableCollector.execute(ThrowableCollector.java:73)
	at org.junit.platform.engine.support.hierarchical.NodeTestTask.executeRecursively(NodeTestTask.java:138)
	at org.junit.platform.engine.support.hierarchical.NodeTestTask.execute(NodeTestTask.java:95)
	at org.junit.platform.engine.support.hierarchical.SameThreadHierarchicalTestExecutorService.submit(SameThreadHierarchicalTestExecutorService.java:35)
	at org.junit.platform.engine.support.hierarchical.HierarchicalTestExecutor.execute(HierarchicalTestExecutor.java:57)
	at org.junit.platform.engine.support.hierarchical.HierarchicalTestEngine.execute(HierarchicalTestEngine.java:54)
	at org.junit.platform.launcher.core.EngineExecutionOrchestrator.execute(EngineExecutionOrchestrator.java:107)
	at org.junit.platform.launcher.core.EngineExecutionOrchestrator.execute(EngineExecutionOrchestrator.java:88)
	at org.junit.platform.launcher.core.EngineExecutionOrchestrator.lambda$execute$0(EngineExecutionOrchestrator.java:54)
	at org.junit.platform.launcher.core.EngineExecutionOrchestrator.withInterceptedStreams(EngineExecutionOrchestrator.java:67)
	at org.junit.platform.launcher.core.EngineExecutionOrchestrator.execute(EngineExecutionOrchestrator.java:52)
	at org.junit.platform.launcher.core.DefaultLauncher.execute(DefaultLauncher.java:114)
	at org.junit.platform.launcher.core.DefaultLauncher.execute(DefaultLauncher.java:86)
	at org.junit.platform.launcher.core.DefaultLauncherSession$DelegatingLauncher.execute(DefaultLauncherSession.java:86)
	at org.junit.platform.launcher.core.SessionPerRequestLauncher.execute(SessionPerRequestLauncher.java:53)
	at org.gradle.api.internal.tasks.testing.junitplatform.JUnitPlatformTestClassProcessor$CollectAllTestClassesExecutor.processAllTestClasses(JUnitPlatformTestClassProcessor.java:99)
	at org.gradle.api.internal.tasks.testing.junitplatform.JUnitPlatformTestClassProcessor$CollectAllTestClassesExecutor.access$000(JUnitPlatformTestClassProcessor.java:79)
	at org.gradle.api.internal.tasks.testing.junitplatform.JUnitPlatformTestClassProcessor.stop(JUnitPlatformTestClassProcessor.java:75)
	at org.gradle.api.internal.tasks.testing.SuiteTestClassProcessor.stop(SuiteTestClassProcessor.java:62)
	at java.base/jdk.internal.reflect.NativeMethodAccessorImpl.invoke0(Native Method)
	at java.base/jdk.internal.reflect.NativeMethodAccessorImpl.invoke(NativeMethodAccessorImpl.java:77)
	at java.base/jdk.internal.reflect.DelegatingMethodAccessorImpl.invoke(DelegatingMethodAccessorImpl.java:43)
	at java.base/java.lang.reflect.Method.invoke(Method.java:568)
	at org.gradle.internal.dispatch.ReflectionDispatch.dispatch(ReflectionDispatch.java:36)
	at org.gradle.internal.dispatch.ReflectionDispatch.dispatch(ReflectionDispatch.java:24)
	at org.gradle.internal.dispatch.ContextClassLoaderDispatch.dispatch(ContextClassLoaderDispatch.java:33)
	at org.gradle.internal.dispatch.ProxyDispatchAdapter$DispatchingInvocationHandler.invoke(ProxyDispatchAdapter.java:94)
	at jdk.proxy2/jdk.proxy2.$Proxy5.stop(Unknown Source)
	at org.gradle.api.internal.tasks.testing.worker.TestWorker$3.run(TestWorker.java:193)
	at org.gradle.api.internal.tasks.testing.worker.TestWorker.executeAndMaintainThreadName(TestWorker.java:129)
	at org.gradle.api.internal.tasks.testing.worker.TestWorker.execute(TestWorker.java:100)
	at org.gradle.api.internal.tasks.testing.worker.TestWorker.execute(TestWorker.java:60)
	at org.gradle.process.internal.worker.child.ActionExecutionWorker.execute(ActionExecutionWorker.java:56)
	at org.gradle.process.internal.worker.child.SystemApplicationClassLoaderWorker.call(SystemApplicationClassLoaderWorker.java:113)
	at org.gradle.process.internal.worker.child.SystemApplicationClassLoaderWorker.call(SystemApplicationClassLoaderWorker.java:65)
	at worker.org.gradle.process.internal.worker.GradleWorkerMain.run(GradleWorkerMain.java:69)
	at worker.org.gradle.process.internal.worker.GradleWorkerMain.main(GradleWorkerMain.java:74)
22:08:38.415 [Test worker] DEBUG org.eclipse.jetty.util.component.ContainerLifeCycle - NetworkTrafficServerConnector@516037be{HTTP/1.1, (http/1.1, h2c)}{0.0.0.0:56280} added {sun.nio.ch.ServerSocketChannelImpl[/[0:0:0:0:0:0:0:0]:56280],POJO}
22:08:38.415 [Test worker] DEBUG org.eclipse.jetty.server.handler.AbstractHandler - starting Server@33373f70{STARTING}[11.0.13,sto=1000]
22:08:38.421 [Test worker] DEBUG org.eclipse.jetty.util.component.AbstractLifeCycle - STARTING QueuedThreadPool[qtp1632419524]@614cbec4{STOPPED,8<=0<=25,i=0,r=-1,q=0}[NO_TRY]
22:08:38.428 [Test worker] DEBUG org.eclipse.jetty.util.thread.ReservedThreadExecutor - ReservedThreadExecutor@110f66e3{reserved=0/2,pending=0}
22:08:38.428 [Test worker] DEBUG org.eclipse.jetty.util.component.ContainerLifeCycle - QueuedThreadPool[qtp1632419524]@614cbec4{STARTING,8<=0<=25,i=0,r=-1,q=0}[ReservedThreadExecutor@110f66e3{reserved=0/2,pending=0}] added {ReservedThreadExecutor@110f66e3{reserved=0/2,pending=0},AUTO}
22:08:38.429 [Test worker] DEBUG org.eclipse.jetty.util.component.AbstractLifeCycle - STARTING ReservedThreadExecutor@110f66e3{reserved=0/2,pending=0}
22:08:38.492 [Test worker] DEBUG org.eclipse.jetty.util.component.AbstractLifeCycle - STARTED @15558ms ReservedThreadExecutor@110f66e3{reserved=0/2,pending=0}
22:08:38.515 [Test worker] DEBUG org.eclipse.jetty.util.thread.QueuedThreadPool - Starting Thread[qtp1632419524-20,5,main]
22:08:38.516 [Test worker] DEBUG org.eclipse.jetty.util.thread.QueuedThreadPool - Starting Thread[qtp1632419524-21,5,main]
22:08:38.516 [Test worker] DEBUG org.eclipse.jetty.util.thread.QueuedThreadPool - Starting Thread[qtp1632419524-22,5,main]
22:08:38.525 [Test worker] DEBUG org.eclipse.jetty.util.thread.QueuedThreadPool - Starting Thread[qtp1632419524-23,5,main]
22:08:38.527 [qtp1632419524-20] DEBUG org.eclipse.jetty.util.thread.QueuedThreadPool - Runner started for QueuedThreadPool[qtp1632419524]@614cbec4{STARTING,8<=5<=25,i=5,r=-1,q=0}[ReservedThreadExecutor@110f66e3{reserved=0/2,pending=0}]
22:08:38.527 [Test worker] DEBUG org.eclipse.jetty.util.thread.QueuedThreadPool - Starting Thread[qtp1632419524-24,5,main]
22:08:38.534 [qtp1632419524-21] DEBUG org.eclipse.jetty.util.thread.QueuedThreadPool - Runner started for QueuedThreadPool[qtp1632419524]@614cbec4{STARTING,8<=5<=25,i=5,r=-1,q=0}[ReservedThreadExecutor@110f66e3{reserved=0/2,pending=0}]
22:08:38.535 [qtp1632419524-22] DEBUG org.eclipse.jetty.util.thread.QueuedThreadPool - Runner started for QueuedThreadPool[qtp1632419524]@614cbec4{STARTING,8<=5<=25,i=5,r=-1,q=0}[ReservedThreadExecutor@110f66e3{reserved=0/2,pending=0}]
22:08:38.541 [Test worker] DEBUG org.eclipse.jetty.util.thread.QueuedThreadPool - Starting Thread[qtp1632419524-25,5,main]
22:08:38.545 [Test worker] DEBUG org.eclipse.jetty.util.thread.QueuedThreadPool - Starting Thread[qtp1632419524-26,5,main]
22:08:38.545 [qtp1632419524-23] DEBUG org.eclipse.jetty.util.thread.QueuedThreadPool - Runner started for QueuedThreadPool[qtp1632419524]@614cbec4{STARTING,8<=6<=25,i=6,r=-1,q=0}[ReservedThreadExecutor@110f66e3{reserved=0/2,pending=0}]
22:08:38.557 [Test worker] DEBUG org.eclipse.jetty.util.thread.QueuedThreadPool - Starting Thread[qtp1632419524-27,5,main]
22:08:38.550 [qtp1632419524-24] DEBUG org.eclipse.jetty.util.thread.QueuedThreadPool - Runner started for QueuedThreadPool[qtp1632419524]@614cbec4{STARTING,8<=7<=25,i=7,r=-1,q=0}[ReservedThreadExecutor@110f66e3{reserved=0/2,pending=0}]
22:08:38.558 [qtp1632419524-25] DEBUG org.eclipse.jetty.util.thread.QueuedThreadPool - Runner started for QueuedThreadPool[qtp1632419524]@614cbec4{STARTING,8<=8<=25,i=8,r=-1,q=0}[ReservedThreadExecutor@110f66e3{reserved=0/2,pending=0}]
22:08:38.564 [qtp1632419524-26] DEBUG org.eclipse.jetty.util.thread.QueuedThreadPool - Runner started for QueuedThreadPool[qtp1632419524]@614cbec4{STARTED,8<=8<=25,i=8,r=-1,q=0}[ReservedThreadExecutor@110f66e3{reserved=0/2,pending=0}]
22:08:38.558 [Test worker] DEBUG org.eclipse.jetty.util.component.AbstractLifeCycle - STARTED @15627ms QueuedThreadPool[qtp1632419524]@614cbec4{STARTED,8<=8<=25,i=8,r=-1,q=0}[ReservedThreadExecutor@110f66e3{reserved=0/2,pending=0}]
22:08:38.565 [qtp1632419524-27] DEBUG org.eclipse.jetty.util.thread.QueuedThreadPool - Runner started for QueuedThreadPool[qtp1632419524]@614cbec4{STARTED,8<=8<=25,i=8,r=-1,q=0}[ReservedThreadExecutor@110f66e3{reserved=0/2,pending=0}]
22:08:38.582 [Test worker] DEBUG org.eclipse.jetty.util.component.AbstractLifeCycle - STARTING AttributeContainerMap@56f61d74{size=0}
22:08:38.582 [Test worker] DEBUG org.eclipse.jetty.util.component.AbstractLifeCycle - STARTED @15651ms AttributeContainerMap@56f61d74{size=0}
22:08:38.590 [Test worker] DEBUG org.eclipse.jetty.util.component.AbstractLifeCycle - STARTING HandlerCollection@3673e211{STOPPED}
22:08:38.594 [Test worker] DEBUG org.eclipse.jetty.server.handler.AbstractHandler - starting HandlerCollection@3673e211{STARTING}
22:08:38.595 [Test worker] DEBUG org.eclipse.jetty.util.component.AbstractLifeCycle - STARTING o.e.j.s.ServletContextHandler@47666b39{/__admin,null,STOPPED}
22:08:38.598 [Test worker] DEBUG org.eclipse.jetty.util.DecoratedObjectFactory - Adding Decorator: org.eclipse.jetty.util.DeprecationWarning@7ab8f93
22:08:38.607 [Test worker] DEBUG org.eclipse.jetty.server.handler.AbstractHandler - starting o.e.j.s.ServletContextHandler@47666b39{/__admin,null,STARTING}
22:08:38.607 [Test worker] DEBUG org.eclipse.jetty.util.component.AbstractLifeCycle - STARTING ServletHandler@4850d66b{STOPPED}
22:08:38.616 [Test worker] DEBUG org.eclipse.jetty.servlet.ServletHandler - Path=/not-matched[EMBEDDED:null] mapped to servlet=com.github.tomakehurst.wiremock.servlet.NotMatchedServlet-31dd0e2e[EMBEDDED:null]
22:08:38.634 [Test worker] DEBUG org.eclipse.jetty.http.pathmap.ServletPathSpec - Creating ServletPathSpec[/not-matched] (group: EXACT, prefix: "/not-matched", suffix: "null")
22:08:38.644 [Test worker] DEBUG org.eclipse.jetty.http.pathmap.PathMappings - Added MappedResource[pathSpec=ServletPathSpec@ee4519a{/not-matched},resource=MappedServlet702ab027{/not-matched->com.github.tomakehurst.wiremock.servlet.NotMatchedServlet-31dd0e2e==com.github.tomakehurst.wiremock.servlet.NotMatchedServlet@1ef670d8{jsp=null,order=-1,inst=false,async=true,src=EMBEDDED:null,STOPPED}}] to PathMappings[size=1]
22:08:38.646 [Test worker] DEBUG org.eclipse.jetty.servlet.ServletHandler - Path=/recorder/*[EMBEDDED:null] mapped to servlet=org.eclipse.jetty.servlet.DefaultServlet-319d106c[EMBEDDED:null]
22:08:38.648 [Test worker] DEBUG org.eclipse.jetty.http.pathmap.ServletPathSpec - Creating ServletPathSpec[/recorder/*] (group: PREFIX_GLOB, prefix: "/recorder", suffix: "null")
22:08:38.648 [Test worker] DEBUG org.eclipse.jetty.http.pathmap.PathMappings - Added MappedResource[pathSpec=ServletPathSpec@4ccddc4a{/recorder/*},resource=MappedServlet62d5617{/recorder/*->org.eclipse.jetty.servlet.DefaultServlet-319d106c==org.eclipse.jetty.servlet.DefaultServlet@39850214{jsp=null,order=-1,inst=false,async=true,src=EMBEDDED:null,STOPPED}}] to PathMappings[size=2]
22:08:38.648 [Test worker] DEBUG org.eclipse.jetty.servlet.ServletHandler - Path=/[EMBEDDED:null] mapped to servlet=com.github.tomakehurst.wiremock.servlet.WireMockHandlerDispatchingServlet-37cc6017[EMBEDDED:null]
22:08:38.648 [Test worker] DEBUG org.eclipse.jetty.http.pathmap.PathMappings - Added MappedResource[pathSpec=ServletPathSpec@9457dcb7{/},resource=MappedServlet8929865{/->com.github.tomakehurst.wiremock.servlet.WireMockHandlerDispatchingServlet-37cc6017==com.github.tomakehurst.wiremock.servlet.WireMockHandlerDispatchingServlet@1c38c3f2{jsp=null,order=-1,inst=false,async=true,src=EMBEDDED:null,STOPPED}}] to PathMappings[size=3]
22:08:38.648 [Test worker] DEBUG org.eclipse.jetty.servlet.ServletHandler - Path=/swagger-ui/*[EMBEDDED:null] mapped to servlet=org.eclipse.jetty.servlet.DefaultServlet-4b5f022f[EMBEDDED:null]
22:08:38.648 [Test worker] DEBUG org.eclipse.jetty.http.pathmap.ServletPathSpec - Creating ServletPathSpec[/swagger-ui/*] (group: PREFIX_GLOB, prefix: "/swagger-ui", suffix: "null")
22:08:38.648 [Test worker] DEBUG org.eclipse.jetty.http.pathmap.PathMappings - Added MappedResource[pathSpec=ServletPathSpec@fe042bf3{/swagger-ui/*},resource=MappedServlet489989eb{/swagger-ui/*->org.eclipse.jetty.servlet.DefaultServlet-4b5f022f==org.eclipse.jetty.servlet.DefaultServlet@babfe594{jsp=null,order=-1,inst=false,async=false,src=EMBEDDED:null,STOPPED}}] to PathMappings[size=4]
22:08:38.648 [Test worker] DEBUG org.eclipse.jetty.servlet.ServletHandler - filterNameMap={org.eclipse.jetty.servlets.CrossOriginFilter-5eb041b5=org.eclipse.jetty.servlets.CrossOriginFilter-5eb041b5==org.eclipse.jetty.servlets.CrossOriginFilter@5eb041b5{inst=false,async=true,src=EMBEDDED:null}} pathFilters=[[/*]/[]/[REQUEST]=>org.eclipse.jetty.servlets.CrossOriginFilter-5eb041b5] servletFilterMap={} servletPathMap=PathMappings[size=4] servletNameMap={org.eclipse.jetty.servlet.DefaultServlet-319d106c=MappedServlet1e6cd1c{null->org.eclipse.jetty.servlet.DefaultServlet-319d106c==org.eclipse.jetty.servlet.DefaultServlet@39850214{jsp=null,order=-1,inst=false,async=true,src=EMBEDDED:null,STOPPED}}, com.github.tomakehurst.wiremock.servlet.WireMockHandlerDispatchingServlet-37cc6017=MappedServlet1dab2cf5{null->com.github.tomakehurst.wiremock.servlet.WireMockHandlerDispatchingServlet-37cc6017==com.github.tomakehurst.wiremock.servlet.WireMockHandlerDispatchingServlet@1c38c3f2{jsp=null,order=-1,inst=false,async=true,src=EMBEDDED:null,STOPPED}}, org.eclipse.jetty.servlet.DefaultServlet-4b5f022f=MappedServlet19f9287a{null->org.eclipse.jetty.servlet.DefaultServlet-4b5f022f==org.eclipse.jetty.servlet.DefaultServlet@babfe594{jsp=null,order=-1,inst=false,async=false,src=EMBEDDED:null,STOPPED}}, com.github.tomakehurst.wiremock.servlet.NotMatchedServlet-31dd0e2e=MappedServlet4924ad09{null->com.github.tomakehurst.wiremock.servlet.NotMatchedServlet-31dd0e2e==com.github.tomakehurst.wiremock.servlet.NotMatchedServlet@1ef670d8{jsp=null,order=-1,inst=false,async=true,src=EMBEDDED:null,STOPPED}}}
22:08:38.648 [Test worker] DEBUG org.eclipse.jetty.server.handler.AbstractHandler - starting ServletHandler@4850d66b{STARTING}
22:08:38.648 [Test worker] DEBUG org.eclipse.jetty.util.component.AbstractLifeCycle - STARTED @15718ms ServletHandler@4850d66b{STARTED}
22:08:38.656 [Test worker] DEBUG org.eclipse.jetty.util.component.AbstractLifeCycle - STARTING org.eclipse.jetty.servlets.CrossOriginFilter-5eb041b5==org.eclipse.jetty.servlets.CrossOriginFilter@5eb041b5{inst=false,async=true,src=EMBEDDED:null}
22:08:38.656 [Test worker] DEBUG org.eclipse.jetty.util.component.AbstractLifeCycle - STARTED @15723ms org.eclipse.jetty.servlets.CrossOriginFilter-5eb041b5==org.eclipse.jetty.servlets.CrossOriginFilter@5eb041b5{inst=false,async=true,src=EMBEDDED:null}
22:08:38.664 [Test worker] DEBUG org.eclipse.jetty.servlet.FilterHolder - Filter.init org.eclipse.jetty.servlets.CrossOriginFilter@4c682826
22:08:38.697 [Test worker] DEBUG org.eclipse.jetty.servlets.CrossOriginFilter - Cross-origin filter configuration: allowedOrigins = *, allowedTimingOrigins = null, allowedMethods = OPTIONS,GET,POST,PUT,PATCH,DELETE, allowedHeaders = *, preflightMaxAge = 1800, allowCredentials = true,exposedHeaders = ,chainPreflight = false
22:08:38.697 [Test worker] DEBUG org.eclipse.jetty.util.component.AbstractLifeCycle - STARTING com.github.tomakehurst.wiremock.servlet.NotMatchedServlet-31dd0e2e==com.github.tomakehurst.wiremock.servlet.NotMatchedServlet@1ef670d8{jsp=null,order=-1,inst=false,async=true,src=EMBEDDED:null,STOPPED}
22:08:38.697 [Test worker] DEBUG org.eclipse.jetty.util.component.AbstractLifeCycle - STARTED @15766ms com.github.tomakehurst.wiremock.servlet.NotMatchedServlet-31dd0e2e==com.github.tomakehurst.wiremock.servlet.NotMatchedServlet@1ef670d8{jsp=null,order=-1,inst=false,async=true,src=EMBEDDED:null,STARTED}
22:08:38.697 [Test worker] DEBUG org.eclipse.jetty.util.component.AbstractLifeCycle - STARTING com.github.tomakehurst.wiremock.servlet.WireMockHandlerDispatchingServlet-37cc6017==com.github.tomakehurst.wiremock.servlet.WireMockHandlerDispatchingServlet@1c38c3f2{jsp=null,order=-1,inst=false,async=true,src=EMBEDDED:null,STOPPED}
22:08:38.703 [Test worker] DEBUG org.eclipse.jetty.util.component.AbstractLifeCycle - STARTED @15767ms com.github.tomakehurst.wiremock.servlet.WireMockHandlerDispatchingServlet-37cc6017==com.github.tomakehurst.wiremock.servlet.WireMockHandlerDispatchingServlet@1c38c3f2{jsp=null,order=-1,inst=false,async=true,src=EMBEDDED:null,STARTED}
22:08:38.704 [Test worker] DEBUG org.eclipse.jetty.util.component.AbstractLifeCycle - STARTING org.eclipse.jetty.servlet.DefaultServlet-319d106c==org.eclipse.jetty.servlet.DefaultServlet@39850214{jsp=null,order=-1,inst=false,async=true,src=EMBEDDED:null,STOPPED}
22:08:38.704 [Test worker] DEBUG org.eclipse.jetty.util.component.AbstractLifeCycle - STARTED @15768ms org.eclipse.jetty.servlet.DefaultServlet-319d106c==org.eclipse.jetty.servlet.DefaultServlet@39850214{jsp=null,order=-1,inst=false,async=true,src=EMBEDDED:null,STARTED}
22:08:38.704 [Test worker] DEBUG org.eclipse.jetty.util.component.AbstractLifeCycle - STARTING org.eclipse.jetty.servlet.DefaultServlet-4b5f022f==org.eclipse.jetty.servlet.DefaultServlet@babfe594{jsp=null,order=-1,inst=false,async=false,src=EMBEDDED:null,STOPPED}
22:08:38.704 [Test worker] DEBUG org.eclipse.jetty.util.component.AbstractLifeCycle - STARTED @15769ms org.eclipse.jetty.servlet.DefaultServlet-4b5f022f==org.eclipse.jetty.servlet.DefaultServlet@babfe594{jsp=null,order=-1,inst=false,async=false,src=EMBEDDED:null,STARTED}
22:08:38.704 [Test worker] INFO org.eclipse.jetty.server.handler.ContextHandler - Started o.e.j.s.ServletContextHandler@47666b39{/__admin,null,AVAILABLE}
22:08:38.704 [Test worker] DEBUG org.eclipse.jetty.util.component.AbstractLifeCycle - STARTED @15770ms o.e.j.s.ServletContextHandler@47666b39{/__admin,null,AVAILABLE}
22:08:38.704 [Test worker] DEBUG org.eclipse.jetty.util.component.AbstractLifeCycle - STARTING AbstractHandler@48788853{STOPPED}
22:08:38.704 [Test worker] DEBUG org.eclipse.jetty.server.handler.AbstractHandler - starting AbstractHandler@48788853{STARTING}
22:08:38.704 [Test worker] DEBUG org.eclipse.jetty.util.component.AbstractLifeCycle - STARTED @15771ms AbstractHandler@48788853{STARTED}
22:08:38.704 [Test worker] DEBUG org.eclipse.jetty.util.component.AbstractLifeCycle - STARTING GzipHandler@297454f7{STOPPED,min=32,inflate=-1}
22:08:38.712 [Test worker] DEBUG org.eclipse.jetty.util.component.AbstractLifeCycle - STARTING InflaterPool@1737834{STOPPED,size=-1,capacity=25}
22:08:38.712 [Test worker] DEBUG org.eclipse.jetty.util.component.ContainerLifeCycle - InflaterPool@1737834{STARTING,size=0,capacity=25} added {Pool@58ec3e8b[inUse=0,size=0,max=25,closed=false],POJO}
22:08:38.716 [Test worker] DEBUG org.eclipse.jetty.util.component.AbstractLifeCycle - STARTED @15779ms InflaterPool@1737834{STARTED,size=0,capacity=25}
22:08:38.716 [Test worker] DEBUG org.eclipse.jetty.util.component.ContainerLifeCycle - Server@33373f70{STARTING}[11.0.13,sto=1000] added {InflaterPool@1737834{STARTED,size=0,capacity=25},MANAGED}
22:08:38.716 [Test worker] DEBUG org.eclipse.jetty.util.component.ContainerLifeCycle - GzipHandler@297454f7{STARTING,min=32,inflate=-1} added {InflaterPool@1737834{STARTED,size=0,capacity=25},UNMANAGED}
22:08:38.716 [Test worker] DEBUG org.eclipse.jetty.util.component.AbstractLifeCycle - STARTING DeflaterPool@2e93f91d{STOPPED,size=-1,capacity=25}
22:08:38.716 [Test worker] DEBUG org.eclipse.jetty.util.component.ContainerLifeCycle - DeflaterPool@2e93f91d{STARTING,size=0,capacity=25} added {Pool@1a899fcd[inUse=0,size=0,max=25,closed=false],POJO}
22:08:38.720 [Test worker] DEBUG org.eclipse.jetty.util.component.AbstractLifeCycle - STARTED @15784ms DeflaterPool@2e93f91d{STARTED,size=0,capacity=25}
22:08:38.720 [Test worker] DEBUG org.eclipse.jetty.util.component.ContainerLifeCycle - Server@33373f70{STARTING}[11.0.13,sto=1000] added {DeflaterPool@2e93f91d{STARTED,size=0,capacity=25},MANAGED}
22:08:38.720 [Test worker] DEBUG org.eclipse.jetty.util.component.ContainerLifeCycle - GzipHandler@297454f7{STARTING,min=32,inflate=-1} added {DeflaterPool@2e93f91d{STARTED,size=0,capacity=25},UNMANAGED}
22:08:38.720 [Test worker] DEBUG org.eclipse.jetty.server.handler.AbstractHandler - starting GzipHandler@297454f7{STARTING,min=32,inflate=-1}
22:08:38.720 [Test worker] DEBUG org.eclipse.jetty.util.component.AbstractLifeCycle - STARTING o.e.j.s.ServletContextHandler@720c0996{/,null,STOPPED}
22:08:38.720 [Test worker] DEBUG org.eclipse.jetty.util.DecoratedObjectFactory - Adding Decorator: org.eclipse.jetty.util.DeprecationWarning@14a5d7ee
22:08:38.720 [Test worker] DEBUG org.eclipse.jetty.server.handler.AbstractHandler - starting o.e.j.s.ServletContextHandler@720c0996{/,null,STARTING}
22:08:38.720 [Test worker] DEBUG org.eclipse.jetty.util.component.AbstractLifeCycle - STARTING ServletHandler@7910e307{STOPPED}
22:08:38.720 [Test worker] DEBUG org.eclipse.jetty.servlet.ServletHandler - Path=/__files/*[EMBEDDED:null] mapped to servlet=org.eclipse.jetty.servlet.DefaultServlet-460aa24e[EMBEDDED:null]
22:08:38.720 [Test worker] DEBUG org.eclipse.jetty.http.pathmap.ServletPathSpec - Creating ServletPathSpec[/__files/*] (group: PREFIX_GLOB, prefix: "/__files", suffix: "null")
22:08:38.720 [Test worker] DEBUG org.eclipse.jetty.http.pathmap.PathMappings - Added MappedResource[pathSpec=ServletPathSpec@6b2fe10e{/__files/*},resource=MappedServlet4778c085{/__files/*->org.eclipse.jetty.servlet.DefaultServlet-460aa24e==org.eclipse.jetty.servlet.DefaultServlet@9a754c34{jsp=null,order=-1,inst=false,async=true,src=EMBEDDED:null,STOPPED}}] to PathMappings[size=1]
22:08:38.720 [Test worker] DEBUG org.eclipse.jetty.servlet.ServletHandler - Path=/[EMBEDDED:null] mapped to servlet=com.github.tomakehurst.wiremock.servlet.WireMockHandlerDispatchingServlet-627d5f99[EMBEDDED:null]
22:08:38.720 [Test worker] DEBUG org.eclipse.jetty.http.pathmap.PathMappings - Added MappedResource[pathSpec=ServletPathSpec@9457dcb7{/},resource=MappedServlet76929266{/->com.github.tomakehurst.wiremock.servlet.WireMockHandlerDispatchingServlet-627d5f99==com.github.tomakehurst.wiremock.servlet.WireMockHandlerDispatchingServlet@5655c8{jsp=null,order=1,inst=false,async=true,src=EMBEDDED:null,STOPPED}}] to PathMappings[size=2]
22:08:38.720 [Test worker] DEBUG org.eclipse.jetty.servlet.ServletHandler - filterNameMap={com.github.tomakehurst.wiremock.servlet.TrailingSlashFilter-988c126=com.github.tomakehurst.wiremock.servlet.TrailingSlashFilter-988c126==com.github.tomakehurst.wiremock.servlet.TrailingSlashFilter@988c126{inst=false,async=true,src=EMBEDDED:null}, com.github.tomakehurst.wiremock.servlet.ContentTypeSettingFilter-5357de0e=com.github.tomakehurst.wiremock.servlet.ContentTypeSettingFilter-5357de0e==com.github.tomakehurst.wiremock.servlet.ContentTypeSettingFilter@5357de0e{inst=false,async=true,src=EMBEDDED:null}} pathFilters=[[/__files/*]/[]/[REQUEST, ASYNC, INCLUDE, ERROR, FORWARD]=>com.github.tomakehurst.wiremock.servlet.TrailingSlashFilter-988c126, [/__files/*]/[]/[FORWARD]=>com.github.tomakehurst.wiremock.servlet.ContentTypeSettingFilter-5357de0e] servletFilterMap={} servletPathMap=PathMappings[size=2] servletNameMap={org.eclipse.jetty.servlet.DefaultServlet-460aa24e=MappedServlet41623694{null->org.eclipse.jetty.servlet.DefaultServlet-460aa24e==org.eclipse.jetty.servlet.DefaultServlet@9a754c34{jsp=null,order=-1,inst=false,async=true,src=EMBEDDED:null,STOPPED}}, com.github.tomakehurst.wiremock.servlet.WireMockHandlerDispatchingServlet-627d5f99=MappedServlet46d83ec4{null->com.github.tomakehurst.wiremock.servlet.WireMockHandlerDispatchingServlet-627d5f99==com.github.tomakehurst.wiremock.servlet.WireMockHandlerDispatchingServlet@5655c8{jsp=null,order=1,inst=false,async=true,src=EMBEDDED:null,STOPPED}}}
22:08:38.720 [Test worker] DEBUG org.eclipse.jetty.server.handler.AbstractHandler - starting ServletHandler@7910e307{STARTING}
22:08:38.720 [Test worker] DEBUG org.eclipse.jetty.util.component.AbstractLifeCycle - STARTED @15790ms ServletHandler@7910e307{STARTED}
22:08:38.720 [Test worker] DEBUG org.eclipse.jetty.util.component.AbstractLifeCycle - STARTING NotFoundHandler@1cb929a9{STOPPED}
22:08:38.720 [Test worker] DEBUG org.eclipse.jetty.server.handler.AbstractHandler - starting NotFoundHandler@1cb929a9{STARTING}
22:08:38.720 [Test worker] DEBUG org.eclipse.jetty.util.component.AbstractLifeCycle - STARTED @15791ms NotFoundHandler@1cb929a9{STARTED}
22:08:38.728 [Test worker] DEBUG org.eclipse.jetty.util.component.AbstractLifeCycle - STARTING com.github.tomakehurst.wiremock.servlet.ContentTypeSettingFilter-5357de0e==com.github.tomakehurst.wiremock.servlet.ContentTypeSettingFilter@5357de0e{inst=false,async=true,src=EMBEDDED:null}
22:08:38.729 [Test worker] DEBUG org.eclipse.jetty.util.component.AbstractLifeCycle - STARTED @15793ms com.github.tomakehurst.wiremock.servlet.ContentTypeSettingFilter-5357de0e==com.github.tomakehurst.wiremock.servlet.ContentTypeSettingFilter@5357de0e{inst=false,async=true,src=EMBEDDED:null}
22:08:38.729 [Test worker] DEBUG org.eclipse.jetty.servlet.FilterHolder - Filter.init com.github.tomakehurst.wiremock.servlet.ContentTypeSettingFilter@6e6ec71f
22:08:38.729 [Test worker] DEBUG org.eclipse.jetty.util.component.AbstractLifeCycle - STARTING com.github.tomakehurst.wiremock.servlet.TrailingSlashFilter-988c126==com.github.tomakehurst.wiremock.servlet.TrailingSlashFilter@988c126{inst=false,async=true,src=EMBEDDED:null}
22:08:38.729 [Test worker] DEBUG org.eclipse.jetty.util.component.AbstractLifeCycle - STARTED @15795ms com.github.tomakehurst.wiremock.servlet.TrailingSlashFilter-988c126==com.github.tomakehurst.wiremock.servlet.TrailingSlashFilter@988c126{inst=false,async=true,src=EMBEDDED:null}
22:08:38.729 [Test worker] DEBUG org.eclipse.jetty.servlet.FilterHolder - Filter.init com.github.tomakehurst.wiremock.servlet.TrailingSlashFilter@2a23c061
22:08:38.729 [Test worker] DEBUG org.eclipse.jetty.util.component.AbstractLifeCycle - STARTING org.eclipse.jetty.servlet.DefaultServlet-460aa24e==org.eclipse.jetty.servlet.DefaultServlet@9a754c34{jsp=null,order=-1,inst=false,async=true,src=EMBEDDED:null,STOPPED}
22:08:38.729 [Test worker] DEBUG org.eclipse.jetty.util.component.AbstractLifeCycle - STARTED @15796ms org.eclipse.jetty.servlet.DefaultServlet-460aa24e==org.eclipse.jetty.servlet.DefaultServlet@9a754c34{jsp=null,order=-1,inst=false,async=true,src=EMBEDDED:null,STARTED}
22:08:38.729 [Test worker] DEBUG org.eclipse.jetty.util.component.AbstractLifeCycle - STARTING com.github.tomakehurst.wiremock.servlet.WireMockHandlerDispatchingServlet-627d5f99==com.github.tomakehurst.wiremock.servlet.WireMockHandlerDispatchingServlet@5655c8{jsp=null,order=1,inst=false,async=true,src=EMBEDDED:null,STOPPED}
22:08:38.729 [Test worker] DEBUG org.eclipse.jetty.util.component.AbstractLifeCycle - STARTED @15797ms com.github.tomakehurst.wiremock.servlet.WireMockHandlerDispatchingServlet-627d5f99==com.github.tomakehurst.wiremock.servlet.WireMockHandlerDispatchingServlet@5655c8{jsp=null,order=1,inst=false,async=true,src=EMBEDDED:null,STARTED}
22:08:38.762 [Test worker] DEBUG org.eclipse.jetty.servlet.ServletHolder - Servlet.init null for com.github.tomakehurst.wiremock.servlet.WireMockHandlerDispatchingServlet-627d5f99
22:08:38.762 [Test worker] INFO org.eclipse.jetty.server.handler.ContextHandler.ROOT - RequestHandlerClass from context returned com.github.tomakehurst.wiremock.http.StubRequestHandler. Normalized mapped under returned 'null'
22:08:38.762 [Test worker] INFO org.eclipse.jetty.server.handler.ContextHandler - Started o.e.j.s.ServletContextHandler@720c0996{/,null,AVAILABLE}
22:08:38.762 [Test worker] DEBUG org.eclipse.jetty.util.component.AbstractLifeCycle - STARTED @15831ms o.e.j.s.ServletContextHandler@720c0996{/,null,AVAILABLE}
22:08:38.762 [Test worker] DEBUG org.eclipse.jetty.util.component.AbstractLifeCycle - STARTED @15831ms GzipHandler@297454f7{STARTED,min=32,inflate=-1}
22:08:38.762 [Test worker] DEBUG org.eclipse.jetty.util.component.AbstractLifeCycle - STARTED @15832ms HandlerCollection@3673e211{STARTED}
22:08:38.762 [Test worker] DEBUG org.eclipse.jetty.util.component.AbstractLifeCycle - STARTING ErrorHandler@481eb705{STOPPED}
22:08:38.770 [Test worker] DEBUG org.eclipse.jetty.server.handler.AbstractHandler - starting ErrorHandler@481eb705{STARTING}
22:08:38.770 [Test worker] DEBUG org.eclipse.jetty.util.component.AbstractLifeCycle - STARTED @15834ms ErrorHandler@481eb705{STARTED}
22:08:38.772 [Test worker] DEBUG org.eclipse.jetty.util.component.AbstractLifeCycle - STARTING NetworkTrafficServerConnector@516037be{HTTP/1.1, (http/1.1, h2c)}{0.0.0.0:56280}
22:08:38.781 [Test worker] DEBUG org.eclipse.jetty.util.component.AbstractLifeCycle - STARTING ScheduledExecutorScheduler@433b546f{STOPPED}
22:08:38.783 [Test worker] DEBUG org.eclipse.jetty.util.component.AbstractLifeCycle - STARTED @15848ms ScheduledExecutorScheduler@433b546f{STARTED}
22:08:38.784 [Test worker] DEBUG org.eclipse.jetty.util.component.AbstractLifeCycle - STARTING HttpConnectionFactory@30a791a6[HTTP/1.1]
22:08:38.786 [Test worker] DEBUG org.eclipse.jetty.util.component.AbstractLifeCycle - STARTED @15849ms HttpConnectionFactory@30a791a6[HTTP/1.1]
22:08:38.787 [Test worker] DEBUG org.eclipse.jetty.util.component.AbstractLifeCycle - STARTING HTTP2CServerConnectionFactory@f96654[h2c]
22:08:38.787 [Test worker] DEBUG org.eclipse.jetty.util.component.AbstractLifeCycle - STARTED @15851ms HTTP2CServerConnectionFactory@f96654[h2c]
22:08:38.788 [Test worker] DEBUG org.eclipse.jetty.util.component.AbstractLifeCycle - STARTING SelectorManager@NetworkTrafficServerConnector@516037be{HTTP/1.1, (http/1.1, h2c)}{0.0.0.0:56280}
22:08:38.809 [Test worker] DEBUG org.eclipse.jetty.util.component.ContainerLifeCycle - AdaptiveExecutionStrategy@22ea09b7/SelectorProducer@13f255ed/IDLE/p=false/QueuedThreadPool[qtp1632419524]@614cbec4{STARTED,8<=8<=25,i=8,r=-1,q=0}[ReservedThreadExecutor@110f66e3{reserved=0/2,pending=0}][pc=0,pic=0,pec=0,epc=0]@2024-09-30T22:08:38.810973+10:00 added {SelectorProducer@13f255ed,POJO}
22:08:38.810 [Test worker] DEBUG org.eclipse.jetty.util.component.ContainerLifeCycle - AdaptiveExecutionStrategy@22ea09b7/SelectorProducer@13f255ed/IDLE/p=false/QueuedThreadPool[qtp1632419524]@614cbec4{STARTED,8<=8<=25,i=8,r=-1,q=0}[ReservedThreadExecutor@110f66e3{reserved=0/2,pending=0}][pc=0,pic=0,pec=0,epc=0]@2024-09-30T22:08:38.8119938+10:00 added {QueuedThreadPool[qtp1632419524]@614cbec4{STARTED,8<=8<=25,i=8,r=-1,q=0}[ReservedThreadExecutor@110f66e3{reserved=0/2,pending=0}],UNMANAGED}
22:08:38.812 [Test worker] DEBUG org.eclipse.jetty.util.thread.strategy.AdaptiveExecutionStrategy - AdaptiveExecutionStrategy@22ea09b7/SelectorProducer@13f255ed/IDLE/p=false/QueuedThreadPool[qtp1632419524]@614cbec4{STARTED,8<=8<=25,i=8,r=-1,q=0}[ReservedThreadExecutor@110f66e3{reserved=0/2,pending=0}][pc=0,pic=0,pec=0,epc=0]@2024-09-30T22:08:38.8125047+10:00 created
22:08:38.812 [Test worker] DEBUG org.eclipse.jetty.util.component.ContainerLifeCycle - ManagedSelector@36a7586f{STOPPED} id=0 keys=-1 selected=-1 updates=0 added {AdaptiveExecutionStrategy@22ea09b7/SelectorProducer@13f255ed/IDLE/p=false/QueuedThreadPool[qtp1632419524]@614cbec4{STARTED,8<=8<=25,i=8,r=-1,q=0}[ReservedThreadExecutor@110f66e3{reserved=0/2,pending=0}][pc=0,pic=0,pec=0,epc=0]@2024-09-30T22:08:38.8125047+10:00,MANAGED}
22:08:38.812 [Test worker] DEBUG org.eclipse.jetty.util.component.ContainerLifeCycle - SelectorManager@NetworkTrafficServerConnector@516037be{HTTP/1.1, (http/1.1, h2c)}{0.0.0.0:56280} added {ManagedSelector@36a7586f{STOPPED} id=0 keys=-1 selected=-1 updates=0,AUTO}
22:08:38.814 [Test worker] DEBUG org.eclipse.jetty.util.component.ContainerLifeCycle - AdaptiveExecutionStrategy@4265cbed/SelectorProducer@30b0d5a7/IDLE/p=false/QueuedThreadPool[qtp1632419524]@614cbec4{STARTED,8<=8<=25,i=8,r=-1,q=0}[ReservedThreadExecutor@110f66e3{reserved=0/2,pending=0}][pc=0,pic=0,pec=0,epc=0]@2024-09-30T22:08:38.8164852+10:00 added {SelectorProducer@30b0d5a7,POJO}
22:08:38.816 [Test worker] DEBUG org.eclipse.jetty.util.component.ContainerLifeCycle - AdaptiveExecutionStrategy@4265cbed/SelectorProducer@30b0d5a7/IDLE/p=false/QueuedThreadPool[qtp1632419524]@614cbec4{STARTED,8<=8<=25,i=8,r=-1,q=0}[ReservedThreadExecutor@110f66e3{reserved=0/2,pending=0}][pc=0,pic=0,pec=0,epc=0]@2024-09-30T22:08:38.8169978+10:00 added {QueuedThreadPool[qtp1632419524]@614cbec4{STARTED,8<=8<=25,i=8,r=-1,q=0}[ReservedThreadExecutor@110f66e3{reserved=0/2,pending=0}],UNMANAGED}
22:08:38.816 [Test worker] DEBUG org.eclipse.jetty.util.thread.strategy.AdaptiveExecutionStrategy - AdaptiveExecutionStrategy@4265cbed/SelectorProducer@30b0d5a7/IDLE/p=false/QueuedThreadPool[qtp1632419524]@614cbec4{STARTED,8<=8<=25,i=8,r=-1,q=0}[ReservedThreadExecutor@110f66e3{reserved=0/2,pending=0}][pc=0,pic=0,pec=0,epc=0]@2024-09-30T22:08:38.8169978+10:00 created
22:08:38.816 [Test worker] DEBUG org.eclipse.jetty.util.component.ContainerLifeCycle - ManagedSelector@31ecb361{STOPPED} id=1 keys=-1 selected=-1 updates=0 added {AdaptiveExecutionStrategy@4265cbed/SelectorProducer@30b0d5a7/IDLE/p=false/QueuedThreadPool[qtp1632419524]@614cbec4{STARTED,8<=8<=25,i=8,r=-1,q=0}[ReservedThreadExecutor@110f66e3{reserved=0/2,pending=0}][pc=0,pic=0,pec=0,epc=0]@2024-09-30T22:08:38.8169978+10:00,MANAGED}
22:08:38.816 [Test worker] DEBUG org.eclipse.jetty.util.component.ContainerLifeCycle - SelectorManager@NetworkTrafficServerConnector@516037be{HTTP/1.1, (http/1.1, h2c)}{0.0.0.0:56280} added {ManagedSelector@31ecb361{STOPPED} id=1 keys=-1 selected=-1 updates=0,AUTO}
22:08:38.820 [Test worker] DEBUG org.eclipse.jetty.util.component.AbstractLifeCycle - STARTING ManagedSelector@36a7586f{STOPPED} id=0 keys=-1 selected=-1 updates=0
22:08:38.820 [Test worker] DEBUG org.eclipse.jetty.util.component.AbstractLifeCycle - STARTING AdaptiveExecutionStrategy@22ea09b7/SelectorProducer@13f255ed/IDLE/p=false/QueuedThreadPool[qtp1632419524]@614cbec4{STARTED,8<=8<=25,i=8,r=-1,q=0}[ReservedThreadExecutor@110f66e3{reserved=0/2,pending=0}][pc=0,pic=0,pec=0,epc=0]@2024-09-30T22:08:38.8200132+10:00
22:08:38.820 [Test worker] DEBUG org.eclipse.jetty.util.component.AbstractLifeCycle - STARTED @15884ms AdaptiveExecutionStrategy@22ea09b7/SelectorProducer@13f255ed/IDLE/p=false/QueuedThreadPool[qtp1632419524]@614cbec4{STARTED,8<=8<=25,i=8,r=-1,q=0}[ReservedThreadExecutor@110f66e3{reserved=0/2,pending=0}][pc=0,pic=0,pec=0,epc=0]@2024-09-30T22:08:38.8200132+10:00
22:08:38.822 [Test worker] DEBUG org.eclipse.jetty.util.thread.QueuedThreadPool - queue org.eclipse.jetty.io.ManagedSelector$$Lambda$645/0x0000015f3138d420@51d26fed startThread=0
22:08:38.822 [qtp1632419524-20] DEBUG org.eclipse.jetty.util.thread.QueuedThreadPool - run org.eclipse.jetty.io.ManagedSelector$$Lambda$645/0x0000015f3138d420@51d26fed in QueuedThreadPool[qtp1632419524]@614cbec4{STARTED,8<=8<=25,i=7,r=-1,q=0}[ReservedThreadExecutor@110f66e3{reserved=0/2,pending=0}]
22:08:38.822 [qtp1632419524-20] DEBUG org.eclipse.jetty.util.thread.strategy.AdaptiveExecutionStrategy - AdaptiveExecutionStrategy@22ea09b7/SelectorProducer@13f255ed/IDLE/p=false/QueuedThreadPool[qtp1632419524]@614cbec4{STARTED,8<=8<=25,i=7,r=-1,q=0}[ReservedThreadExecutor@110f66e3{reserved=0/2,pending=0}][pc=0,pic=0,pec=0,epc=0]@2024-09-30T22:08:38.8221181+10:00 tryProduce false
22:08:38.828 [Test worker] DEBUG org.eclipse.jetty.io.ManagedSelector - Queued change lazy=false org.eclipse.jetty.io.ManagedSelector$Start@1ee5792a on ManagedSelector@36a7586f{STARTING} id=0 keys=0 selected=0 updates=0
22:08:38.828 [qtp1632419524-20] DEBUG org.eclipse.jetty.io.ManagedSelector - updateable 1
22:08:38.828 [qtp1632419524-20] DEBUG org.eclipse.jetty.io.ManagedSelector - update org.eclipse.jetty.io.ManagedSelector$Start@1ee5792a
22:08:38.828 [qtp1632419524-20] DEBUG org.eclipse.jetty.io.ManagedSelector - updates 0
22:08:38.828 [qtp1632419524-20] DEBUG org.eclipse.jetty.io.ManagedSelector - Selector sun.nio.ch.WEPollSelectorImpl@422d5808 waiting with 0 keys
22:08:38.828 [Test worker] DEBUG org.eclipse.jetty.util.component.AbstractLifeCycle - STARTED @15897ms ManagedSelector@36a7586f{STARTED} id=0 keys=0 selected=0 updates=0
22:08:38.828 [Test worker] DEBUG org.eclipse.jetty.util.component.AbstractLifeCycle - STARTING ManagedSelector@31ecb361{STOPPED} id=1 keys=-1 selected=-1 updates=0
22:08:38.828 [Test worker] DEBUG org.eclipse.jetty.util.component.AbstractLifeCycle - STARTING AdaptiveExecutionStrategy@4265cbed/SelectorProducer@30b0d5a7/IDLE/p=false/QueuedThreadPool[qtp1632419524]@614cbec4{STARTED,8<=8<=25,i=7,r=-1,q=0}[ReservedThreadExecutor@110f66e3{reserved=0/2,pending=0}][pc=0,pic=0,pec=0,epc=0]@2024-09-30T22:08:38.8281386+10:00
22:08:38.828 [Test worker] DEBUG org.eclipse.jetty.util.component.AbstractLifeCycle - STARTED @15899ms AdaptiveExecutionStrategy@4265cbed/SelectorProducer@30b0d5a7/IDLE/p=false/QueuedThreadPool[qtp1632419524]@614cbec4{STARTED,8<=8<=25,i=7,r=-1,q=0}[ReservedThreadExecutor@110f66e3{reserved=0/2,pending=0}][pc=0,pic=0,pec=0,epc=0]@2024-09-30T22:08:38.83616+10:00
22:08:38.839 [Test worker] DEBUG org.eclipse.jetty.util.thread.QueuedThreadPool - queue org.eclipse.jetty.io.ManagedSelector$$Lambda$645/0x0000015f3138d420@4cf46574 startThread=0
22:08:38.839 [qtp1632419524-21] DEBUG org.eclipse.jetty.util.thread.QueuedThreadPool - run org.eclipse.jetty.io.ManagedSelector$$Lambda$645/0x0000015f3138d420@4cf46574 in QueuedThreadPool[qtp1632419524]@614cbec4{STARTED,8<=8<=25,i=6,r=-1,q=0}[ReservedThreadExecutor@110f66e3{reserved=0/2,pending=0}]
22:08:38.839 [Test worker] DEBUG org.eclipse.jetty.io.ManagedSelector - Queued change lazy=false org.eclipse.jetty.io.ManagedSelector$Start@779cda39 on ManagedSelector@31ecb361{STARTING} id=1 keys=0 selected=0 updates=0
22:08:38.839 [qtp1632419524-21] DEBUG org.eclipse.jetty.util.thread.strategy.AdaptiveExecutionStrategy - AdaptiveExecutionStrategy@4265cbed/SelectorProducer@30b0d5a7/IDLE/p=false/QueuedThreadPool[qtp1632419524]@614cbec4{STARTED,8<=8<=25,i=6,r=-1,q=0}[ReservedThreadExecutor@110f66e3{reserved=0/2,pending=0}][pc=0,pic=0,pec=0,epc=0]@2024-09-30T22:08:38.8399194+10:00 tryProduce false
22:08:38.839 [qtp1632419524-21] DEBUG org.eclipse.jetty.io.ManagedSelector - updateable 1
22:08:38.839 [qtp1632419524-21] DEBUG org.eclipse.jetty.io.ManagedSelector - update org.eclipse.jetty.io.ManagedSelector$Start@779cda39
22:08:38.839 [qtp1632419524-21] DEBUG org.eclipse.jetty.io.ManagedSelector - updates 0
22:08:38.839 [qtp1632419524-21] DEBUG org.eclipse.jetty.io.ManagedSelector - Selector sun.nio.ch.WEPollSelectorImpl@689255d5 waiting with 0 keys
22:08:38.839 [Test worker] DEBUG org.eclipse.jetty.util.component.AbstractLifeCycle - STARTED @15905ms ManagedSelector@31ecb361{STARTED} id=1 keys=0 selected=0 updates=0
22:08:38.839 [Test worker] DEBUG org.eclipse.jetty.util.component.AbstractLifeCycle - STARTED @15905ms SelectorManager@NetworkTrafficServerConnector@516037be{HTTP/1.1, (http/1.1, h2c)}{0.0.0.0:56280}
22:08:38.844 [Test worker] DEBUG org.eclipse.jetty.util.component.ContainerLifeCycle - NetworkTrafficServerConnector@516037be{HTTP/1.1, (http/1.1, h2c)}{0.0.0.0:56280} added {acceptor-0@15ab0461,POJO}
22:08:38.844 [Test worker] DEBUG org.eclipse.jetty.util.thread.QueuedThreadPool - queue acceptor-0@15ab0461 startThread=0
22:08:38.844 [qtp1632419524-22] DEBUG org.eclipse.jetty.util.thread.QueuedThreadPool - run acceptor-0@15ab0461 in QueuedThreadPool[qtp1632419524]@614cbec4{STARTED,8<=8<=25,i=5,r=-1,q=0}[ReservedThreadExecutor@110f66e3{reserved=0/2,pending=0}]
22:08:38.844 [Test worker] DEBUG org.eclipse.jetty.util.component.ContainerLifeCycle - NetworkTrafficServerConnector@516037be{HTTP/1.1, (http/1.1, h2c)}{0.0.0.0:56280} added {acceptor-1@2f403d0a,POJO}
22:08:38.844 [Test worker] DEBUG org.eclipse.jetty.util.thread.QueuedThreadPool - queue acceptor-1@2f403d0a startThread=0
22:08:38.844 [qtp1632419524-23] DEBUG org.eclipse.jetty.util.thread.QueuedThreadPool - run acceptor-1@2f403d0a in QueuedThreadPool[qtp1632419524]@614cbec4{STARTED,8<=8<=25,i=4,r=-1,q=0}[ReservedThreadExecutor@110f66e3{reserved=0/2,pending=0}]
22:08:38.844 [Test worker] DEBUG org.eclipse.jetty.util.component.ContainerLifeCycle - NetworkTrafficServerConnector@516037be{HTTP/1.1, (http/1.1, h2c)}{0.0.0.0:56280} added {acceptor-2@186fc6e,POJO}
22:08:38.844 [Test worker] DEBUG org.eclipse.jetty.util.thread.QueuedThreadPool - queue acceptor-2@186fc6e startThread=0
22:08:38.844 [Test worker] INFO org.eclipse.jetty.server.AbstractConnector - Started NetworkTrafficServerConnector@516037be{HTTP/1.1, (http/1.1, h2c)}{0.0.0.0:56280}
22:08:38.844 [Test worker] DEBUG org.eclipse.jetty.util.component.AbstractLifeCycle - STARTED @15912ms NetworkTrafficServerConnector@516037be{HTTP/1.1, (http/1.1, h2c)}{0.0.0.0:56280}
22:08:38.844 [Test worker] INFO org.eclipse.jetty.server.Server - Started Server@33373f70{STARTING}[11.0.13,sto=1000] @15912ms
22:08:38.844 [Test worker] DEBUG org.eclipse.jetty.util.component.AbstractLifeCycle - STARTED @15912ms Server@33373f70{STARTED}[11.0.13,sto=1000]
22:08:38.844 [qtp1632419524-24] DEBUG org.eclipse.jetty.util.thread.QueuedThreadPool - run acceptor-2@186fc6e in QueuedThreadPool[qtp1632419524]@614cbec4{STARTED,8<=8<=25,i=3,r=-1,q=0}[ReservedThreadExecutor@110f66e3{reserved=0/2,pending=0}]
22:08:38.895 [Test worker] DEBUG org.springframework.test.context.support.DependencyInjectionTestExecutionListener - Performing dependency injection for test class com.audition.AuditionCommentsControllerIntegrationTest
22:08:42,558 |-INFO in ch.qos.logback.core.joran.util.ConfigurationWatchListUtil@50fd4246 - Adding [jar:file:/C:/Users/User/.gradle/caches/modules-2/files-2.1/org.springframework.boot/spring-boot/3.0.3/d781e7afbeb3d05ce361e9cc4fa7d38b15fb3862/spring-boot-3.0.3.jar!/org/springframework/boot/logging/logback/defaults.xml] to configuration watch list.
22:08:42,558 |-INFO in ch.qos.logback.core.joran.spi.ConfigurationWatchList@35c55050 - URL [jar:file:/C:/Users/User/.gradle/caches/modules-2/files-2.1/org.springframework.boot/spring-boot/3.0.3/d781e7afbeb3d05ce361e9cc4fa7d38b15fb3862/spring-boot-3.0.3.jar!/org/springframework/boot/logging/logback/defaults.xml] is not of type file
22:08:42,576 |-INFO in ch.qos.logback.core.joran.action.ConversionRuleAction - registering conversion word clr with class [org.springframework.boot.logging.logback.ColorConverter]
22:08:42,576 |-INFO in ch.qos.logback.core.joran.action.ConversionRuleAction - registering conversion word wex with class [org.springframework.boot.logging.logback.WhitespaceThrowableProxyConverter]
22:08:42,576 |-INFO in ch.qos.logback.core.joran.action.ConversionRuleAction - registering conversion word wEx with class [org.springframework.boot.logging.logback.ExtendedWhitespaceThrowableProxyConverter]
22:08:42,850 |-INFO in ch.qos.logback.core.model.processor.AppenderModelHandler - Processing appender named [console]
22:08:42,850 |-INFO in ch.qos.logback.core.model.processor.AppenderModelHandler - About to instantiate appender of type [ch.qos.logback.core.ConsoleAppender]
22:08:42,881 |-INFO in ch.qos.logback.core.model.processor.ImplicitModelHandler - Assuming default type [ch.qos.logback.classic.encoder.PatternLayoutEncoder] for [encoder] property
22:08:43,048 |-WARN in ch.qos.logback.core.model.processor.AppenderModelHandler - Appender named [flatfile] not referenced. Skipping further processing.
22:08:43,048 |-WARN in ch.qos.logback.core.model.processor.AppenderModelHandler - Appender named [logstash] not referenced. Skipping further processing.
22:08:43,048 |-INFO in ch.qos.logback.classic.model.processor.LoggerModelHandler - Setting level of logger [org.apache.catalina.startup.DigesterFactory] to ERROR
22:08:43,048 |-INFO in ch.qos.logback.classic.jul.LevelChangePropagator@2a0154f7 - Propagating ERROR level on Logger[org.apache.catalina.startup.DigesterFactory] onto the JUL framework
22:08:43,048 |-INFO in ch.qos.logback.classic.model.processor.LoggerModelHandler - Setting level of logger [org.apache.catalina.util.LifecycleBase] to ERROR
22:08:43,048 |-INFO in ch.qos.logback.classic.jul.LevelChangePropagator@2a0154f7 - Propagating ERROR level on Logger[org.apache.catalina.util.LifecycleBase] onto the JUL framework
22:08:43,048 |-INFO in ch.qos.logback.classic.model.processor.LoggerModelHandler - Setting level of logger [org.apache.coyote.http11.Http11NioProtocol] to WARN
22:08:43,048 |-INFO in ch.qos.logback.classic.jul.LevelChangePropagator@2a0154f7 - Propagating WARN level on Logger[org.apache.coyote.http11.Http11NioProtocol] onto the JUL framework
22:08:43,048 |-INFO in ch.qos.logback.classic.model.processor.LoggerModelHandler - Setting level of logger [org.apache.sshd.common.util.SecurityUtils] to WARN
22:08:43,048 |-INFO in ch.qos.logback.classic.jul.LevelChangePropagator@2a0154f7 - Propagating WARN level on Logger[org.apache.sshd.common.util.SecurityUtils] onto the JUL framework
22:08:43,048 |-INFO in ch.qos.logback.classic.model.processor.LoggerModelHandler - Setting level of logger [org.apache.tomcat.util.net.NioSelectorPool] to WARN
22:08:43,048 |-INFO in ch.qos.logback.classic.jul.LevelChangePropagator@2a0154f7 - Propagating WARN level on Logger[org.apache.tomcat.util.net.NioSelectorPool] onto the JUL framework
22:08:43,048 |-INFO in ch.qos.logback.classic.model.processor.LoggerModelHandler - Setting level of logger [org.eclipse.jetty.util.component.AbstractLifeCycle] to ERROR
22:08:43,048 |-INFO in ch.qos.logback.classic.jul.LevelChangePropagator@2a0154f7 - Propagating ERROR level on Logger[org.eclipse.jetty.util.component.AbstractLifeCycle] onto the JUL framework
22:08:43,048 |-INFO in ch.qos.logback.classic.model.processor.LoggerModelHandler - Setting level of logger [org.hibernate.validator.internal.util.Version] to WARN
22:08:43,048 |-INFO in ch.qos.logback.classic.jul.LevelChangePropagator@2a0154f7 - Propagating WARN level on Logger[org.hibernate.validator.internal.util.Version] onto the JUL framework
22:08:43,048 |-INFO in ch.qos.logback.classic.model.processor.LoggerModelHandler - Setting level of logger [org.springframework.boot.actuate.endpoint.jmx] to WARN
22:08:43,048 |-INFO in ch.qos.logback.classic.jul.LevelChangePropagator@2a0154f7 - Propagating WARN level on Logger[org.springframework.boot.actuate.endpoint.jmx] onto the JUL framework
22:08:43,048 |-INFO in ch.qos.logback.classic.model.processor.RootLoggerModelHandler - Setting level of ROOT logger to INFO
22:08:43,048 |-INFO in ch.qos.logback.classic.jul.LevelChangePropagator@2a0154f7 - Propagating INFO level on Logger[ROOT] onto the JUL framework
22:08:43,048 |-INFO in ch.qos.logback.core.model.processor.AppenderRefModelHandler - Attaching appender named [console] to Logger[ROOT]
22:08:43,048 |-INFO in ch.qos.logback.core.model.processor.DefaultProcessor@237e61ac - End of configuration.
22:08:43,048 |-INFO in org.springframework.boot.logging.logback.SpringBootJoranConfigurator@19abe8f7 - Registering current configuration as safe fallback point


  .   ____          _            __ _ _
 /\\ / ___'_ __ _ _(_)_ __  __ _ \ \ \ \
( ( )\___ | '_ | '_| | '_ \/ _` | \ \ \ \
 \\/  ___)| |_)| | | | | || (_| |  ) ) ) )
  '  |____| .__|_| |_|_| |_\__, | / / / /
 =========|_|==============|___/=/_/_/_/
 :: Spring Boot ::                (v3.0.3)

2024-09-30 22:08:43.372  INFO 18020 --- [    Test worker] uditionCommentsControllerIntegrationTest : Starting AuditionCommentsControllerIntegrationTest using Java 17.0.12 with PID 18020 (started by User in C:\Users\User\Downloads\audition-api)
2024-09-30 22:08:43.380  INFO 18020 --- [    Test worker] uditionCommentsControllerIntegrationTest : No active profile set, falling back to 1 default profile: "default"
2024-09-30 22:08:43.429  INFO 18020 --- [    Test worker] o.s.c.c.c.ConfigServerConfigDataLoader   : Fetching config from server at : http://localhost:8888
2024-09-30 22:08:43.429  INFO 18020 --- [    Test worker] o.s.c.c.c.ConfigServerConfigDataLoader   : Connect Timeout Exception on Url - http://localhost:8888. Will try the next url if available
2024-09-30 22:08:43.429  WARN 18020 --- [    Test worker] o.s.c.c.c.ConfigServerConfigDataLoader   : Could not locate PropertySource ([ConfigServerConfigDataResource@7172525e uris = array<String>['http://localhost:8888'], optional = true, profiles = list['default']]): I/O error on GET request for "http://localhost:8888/application/default": Connection refused: no further information
2024-09-30 22:08:48.357  INFO 18020 --- [    Test worker] o.s.cloud.context.scope.GenericScope     : BeanFactory id=cfb7f715-483f-3012-b4dc-5e33a092b232
2024-09-30 22:08:51.063  INFO 18020 --- [    Test worker] o.s.b.w.embedded.tomcat.TomcatWebServer  : Tomcat initialized with port(s): 0 (http)
2024-09-30 22:08:51.099  INFO 18020 --- [    Test worker] o.apache.catalina.core.StandardService   : Starting service [Tomcat]
2024-09-30 22:08:51.099  INFO 18020 --- [    Test worker] o.apache.catalina.core.StandardEngine    : Starting Servlet engine: [Apache Tomcat/10.1.5]
2024-09-30 22:08:51.402  INFO 18020 --- [    Test worker] o.a.c.c.C.[Tomcat].[localhost].[/]       : Initializing Spring embedded WebApplicationContext
2024-09-30 22:08:51.406  INFO 18020 --- [    Test worker] w.s.c.ServletWebServerApplicationContext : Root WebApplicationContext: initialization completed in 7964 ms
2024-09-30 22:08:53.703  WARN 18020 --- [    Test worker] .s.s.UserDetailsServiceAutoConfiguration : 

Using generated security password: 998c4a35-4584-4a36-a02f-fe3ff753ee90

This generated password is for development use only. Your security configuration must be updated before running your application in production.

2024-09-30 22:08:59.199  INFO 18020 --- [    Test worker] o.s.b.a.e.web.EndpointLinksResolver      : Exposing 1 endpoint(s) beneath base path '/actuator'
2024-09-30 22:08:59.500  INFO 18020 --- [    Test worker] o.s.s.web.DefaultSecurityFilterChain     : Will secure any request with [org.springframework.security.web.session.DisableEncodeUrlFilter@4bd785f, org.springframework.security.web.context.request.async.WebAsyncManagerIntegrationFilter@2cca0a50, org.springframework.security.web.context.SecurityContextHolderFilter@30e24cc1, org.springframework.security.web.header.HeaderWriterFilter@4aa0ee7c, org.springframework.security.web.authentication.logout.LogoutFilter@738a77d2, org.springframework.security.web.authentication.www.BasicAuthenticationFilter@48b2a764, org.springframework.security.web.savedrequest.RequestCacheAwareFilter@7d2ea458, org.springframework.security.web.servletapi.SecurityContextHolderAwareRequestFilter@40a5042a, org.springframework.security.web.authentication.AnonymousAuthenticationFilter@375d6aa, org.springframework.security.web.access.ExceptionTranslationFilter@222b232c, org.springframework.security.web.access.intercept.AuthorizationFilter@7b9b0006]
2024-09-30 22:09:03.007  INFO 18020 --- [    Test worker] o.a.c.c.C.[Tomcat].[localhost].[/]       : Initializing Spring TestDispatcherServlet ''
2024-09-30 22:09:03.007  INFO 18020 --- [    Test worker] o.s.t.web.servlet.TestDispatcherServlet  : Initializing Servlet ''
2024-09-30 22:09:03.015  INFO 18020 --- [    Test worker] o.s.t.web.servlet.TestDispatcherServlet  : Completed initialization in 8 ms
2024-09-30 22:09:03.862  INFO 18020 --- [    Test worker] o.s.b.w.embedded.tomcat.TomcatWebServer  : Tomcat started on port(s): 56283 (http) with context path ''
2024-09-30 22:09:04.181  INFO 18020 --- [    Test worker] uditionCommentsControllerIntegrationTest : Started AuditionCommentsControllerIntegrationTest in 25.127 seconds (process running for 41.247)
2024-09-30 22:09:06.179  INFO 18020 --- [    Test worker] c.a.web.AuditionCommentsController       : Fetching comment by ID: 1
2024-09-30 22:09:06.734  INFO 18020 --- [    Test worker] c.a.web.AuditionCommentsController       : Retrieved comment: AuditionComment{postId=1, id=1, name='id labore ex et quam laborum', email='Eliseo@gardner.biz', body='laudantium enim quasi est quidem magnam voluptate ipsam eos
tempora quo necessitatibus
dolor quam autem quasi
reiciendis et nam sapiente accusantium'}
2024-09-30 22:09:06.953  INFO 18020 --- [    Test worker] c.a.web.AuditionCommentsController       : Fetching comments for post ID: 1
2024-09-30 22:09:06.985  INFO 18020 --- [    Test worker] c.a.web.AuditionCommentsController       : Retrieved  comments for post ID: 1
2024-09-30 22:09:07.017  INFO 18020 --- [    Test worker] org.eclipse.jetty.server.Server          : Stopped Server@33373f70{STOPPING}[11.0.13,sto=1000]
2024-09-30 22:09:07.017  INFO 18020 --- [    Test worker] org.eclipse.jetty.server.Server          : Shutdown Server@33373f70{STOPPING}[11.0.13,sto=1000]
2024-09-30 22:09:07.035  INFO 18020 --- [    Test worker] o.e.jetty.server.AbstractConnector       : Stopped NetworkTrafficServerConnector@516037be{HTTP/1.1, (http/1.1, h2c)}{0.0.0.0:0}
2024-09-30 22:09:07.044  INFO 18020 --- [    Test worker] o.e.jetty.server.handler.ContextHandler  : Stopped o.e.j.s.ServletContextHandler@720c0996{/,null,STOPPED}
2024-09-30 22:09:07.044  INFO 18020 --- [    Test worker] o.e.jetty.server.handler.ContextHandler  : Stopped o.e.j.s.ServletContextHandler@47666b39{/__admin,null,STOPPED}
]]></system-out>
  <system-err><![CDATA[]]></system-err>
</testsuite>
