<?xml version="1.0" encoding="UTF-8"?>
<testsuite name="com.audition.web.AuditionCommentsControllerTest" tests="6" skipped="0" failures="0" errors="0" timestamp="2024-10-01T07:19:01" hostname="DESKTOP-T0DGFL0" time="1.15">
  <properties/>
  <testcase name="shouldReturn404_whenCommentNotFound()" classname="com.audition.web.AuditionCommentsControllerTest" time="0.351"/>
  <testcase name="shouldReturnAllComments_whenValidPostIdIsProvided()" classname="com.audition.web.AuditionCommentsControllerTest" time="0.16"/>
  <testcase name="testShouldReturnComment_WhenValidCommentIdIsProvided()" classname="com.audition.web.AuditionCommentsControllerTest" time="0.142"/>
  <testcase name="shouldReturn400_WhenInvalidCommentIdFormatIsProvided()" classname="com.audition.web.AuditionCommentsControllerTest" time="0.163"/>
  <testcase name="shouldHandleServiceExceptionGracefully()" classname="com.audition.web.AuditionCommentsControllerTest" time="0.161"/>
  <testcase name="shouldReturn400_WhenPostIdIsNegative()" classname="com.audition.web.AuditionCommentsControllerTest" time="0.163"/>
  <system-out><![CDATA[2024-10-01 17:19:00.310  INFO 3844 --- [    Test worker] t.c.s.AnnotationConfigContextLoaderUtils : Could not detect default configuration classes for test class [com.audition.web.AuditionCommentsControllerTest]: AuditionCommentsControllerTest does not declare any static, non-private, non-final, nested classes annotated with @Configuration.
2024-10-01 17:19:00.388  INFO 3844 --- [    Test worker] .b.t.c.SpringBootTestContextBootstrapper : Found @SpringBootConfiguration com.audition.AuditionApplication for test class com.audition.web.AuditionCommentsControllerTest
17:19:00,772 |-INFO in ch.qos.logback.core.joran.util.ConfigurationWatchListUtil@29c471f6 - Adding [jar:file:/C:/Users/User/.gradle/caches/modules-2/files-2.1/org.springframework.boot/spring-boot/3.0.3/d781e7afbeb3d05ce361e9cc4fa7d38b15fb3862/spring-boot-3.0.3.jar!/org/springframework/boot/logging/logback/defaults.xml] to configuration watch list.
17:19:00,772 |-INFO in ch.qos.logback.core.joran.spi.ConfigurationWatchList@fc7bb6c - URL [jar:file:/C:/Users/User/.gradle/caches/modules-2/files-2.1/org.springframework.boot/spring-boot/3.0.3/d781e7afbeb3d05ce361e9cc4fa7d38b15fb3862/spring-boot-3.0.3.jar!/org/springframework/boot/logging/logback/defaults.xml] is not of type file
17:19:00,772 |-INFO in ch.qos.logback.core.joran.action.ConversionRuleAction - registering conversion word clr with class [org.springframework.boot.logging.logback.ColorConverter]
17:19:00,772 |-INFO in ch.qos.logback.core.joran.action.ConversionRuleAction - registering conversion word wex with class [org.springframework.boot.logging.logback.WhitespaceThrowableProxyConverter]
17:19:00,772 |-INFO in ch.qos.logback.core.joran.action.ConversionRuleAction - registering conversion word wEx with class [org.springframework.boot.logging.logback.ExtendedWhitespaceThrowableProxyConverter]
17:19:00,772 |-INFO in ch.qos.logback.core.model.processor.AppenderModelHandler - Processing appender named [console]
17:19:00,772 |-INFO in ch.qos.logback.core.model.processor.AppenderModelHandler - About to instantiate appender of type [ch.qos.logback.core.ConsoleAppender]
17:19:00,772 |-INFO in ch.qos.logback.core.model.processor.ImplicitModelHandler - Assuming default type [ch.qos.logback.classic.encoder.PatternLayoutEncoder] for [encoder] property
17:19:00,786 |-WARN in ch.qos.logback.core.model.processor.AppenderModelHandler - Appender named [flatfile] not referenced. Skipping further processing.
17:19:00,786 |-WARN in ch.qos.logback.core.model.processor.AppenderModelHandler - Appender named [logstash] not referenced. Skipping further processing.
17:19:00,786 |-INFO in ch.qos.logback.classic.model.processor.LoggerModelHandler - Setting level of logger [org.apache.catalina.startup.DigesterFactory] to ERROR
17:19:00,786 |-INFO in ch.qos.logback.classic.jul.LevelChangePropagator@61aa2048 - Propagating ERROR level on Logger[org.apache.catalina.startup.DigesterFactory] onto the JUL framework
17:19:00,786 |-INFO in ch.qos.logback.classic.model.processor.LoggerModelHandler - Setting level of logger [org.apache.catalina.util.LifecycleBase] to ERROR
17:19:00,788 |-INFO in ch.qos.logback.classic.jul.LevelChangePropagator@61aa2048 - Propagating ERROR level on Logger[org.apache.catalina.util.LifecycleBase] onto the JUL framework
17:19:00,788 |-INFO in ch.qos.logback.classic.model.processor.LoggerModelHandler - Setting level of logger [org.apache.coyote.http11.Http11NioProtocol] to WARN
17:19:00,788 |-INFO in ch.qos.logback.classic.jul.LevelChangePropagator@61aa2048 - Propagating WARN level on Logger[org.apache.coyote.http11.Http11NioProtocol] onto the JUL framework
17:19:00,788 |-INFO in ch.qos.logback.classic.model.processor.LoggerModelHandler - Setting level of logger [org.apache.sshd.common.util.SecurityUtils] to WARN
17:19:00,788 |-INFO in ch.qos.logback.classic.jul.LevelChangePropagator@61aa2048 - Propagating WARN level on Logger[org.apache.sshd.common.util.SecurityUtils] onto the JUL framework
17:19:00,788 |-INFO in ch.qos.logback.classic.model.processor.LoggerModelHandler - Setting level of logger [org.apache.tomcat.util.net.NioSelectorPool] to WARN
17:19:00,788 |-INFO in ch.qos.logback.classic.jul.LevelChangePropagator@61aa2048 - Propagating WARN level on Logger[org.apache.tomcat.util.net.NioSelectorPool] onto the JUL framework
17:19:00,788 |-INFO in ch.qos.logback.classic.model.processor.LoggerModelHandler - Setting level of logger [org.eclipse.jetty.util.component.AbstractLifeCycle] to ERROR
17:19:00,788 |-INFO in ch.qos.logback.classic.jul.LevelChangePropagator@61aa2048 - Propagating ERROR level on Logger[org.eclipse.jetty.util.component.AbstractLifeCycle] onto the JUL framework
17:19:00,788 |-INFO in ch.qos.logback.classic.model.processor.LoggerModelHandler - Setting level of logger [org.hibernate.validator.internal.util.Version] to WARN
17:19:00,788 |-INFO in ch.qos.logback.classic.jul.LevelChangePropagator@61aa2048 - Propagating WARN level on Logger[org.hibernate.validator.internal.util.Version] onto the JUL framework
17:19:00,788 |-INFO in ch.qos.logback.classic.model.processor.LoggerModelHandler - Setting level of logger [org.springframework.boot.actuate.endpoint.jmx] to WARN
17:19:00,788 |-INFO in ch.qos.logback.classic.jul.LevelChangePropagator@61aa2048 - Propagating WARN level on Logger[org.springframework.boot.actuate.endpoint.jmx] onto the JUL framework
17:19:00,788 |-INFO in ch.qos.logback.classic.model.processor.RootLoggerModelHandler - Setting level of ROOT logger to INFO
17:19:00,788 |-INFO in ch.qos.logback.classic.jul.LevelChangePropagator@61aa2048 - Propagating INFO level on Logger[ROOT] onto the JUL framework
17:19:00,788 |-INFO in ch.qos.logback.core.model.processor.AppenderRefModelHandler - Attaching appender named [console] to Logger[ROOT]
17:19:00,788 |-INFO in ch.qos.logback.core.model.processor.DefaultProcessor@e286954 - End of configuration.
17:19:00,788 |-INFO in org.springframework.boot.logging.logback.SpringBootJoranConfigurator@7dc36900 - Registering current configuration as safe fallback point


  .   ____          _            __ _ _
 /\\ / ___'_ __ _ _(_)_ __  __ _ \ \ \ \
( ( )\___ | '_ | '_| | '_ \/ _` | \ \ \ \
 \\/  ___)| |_)| | | | | || (_| |  ) ) ) )
  '  |____| .__|_| |_|_| |_\__, | / / / /
 =========|_|==============|___/=/_/_/_/
 :: Spring Boot ::                (v3.0.3)

2024-10-01 17:19:00.812  INFO 3844 --- [    Test worker] c.a.web.AuditionCommentsControllerTest   : Starting AuditionCommentsControllerTest using Java 17.0.12 with PID 3844 (started by User in C:\Users\User\Downloads\audition-api)
2024-10-01 17:19:00.812  INFO 3844 --- [    Test worker] c.a.web.AuditionCommentsControllerTest   : No active profile set, falling back to 1 default profile: "default"
2024-10-01 17:19:00.821  INFO 3844 --- [    Test worker] o.s.c.c.c.ConfigServerConfigDataLoader   : Fetching config from server at : http://localhost:8888
2024-10-01 17:19:00.821  INFO 3844 --- [    Test worker] o.s.c.c.c.ConfigServerConfigDataLoader   : Connect Timeout Exception on Url - http://localhost:8888. Will try the next url if available
2024-10-01 17:19:00.821  WARN 3844 --- [    Test worker] o.s.c.c.c.ConfigServerConfigDataLoader   : Could not locate PropertySource ([ConfigServerConfigDataResource@2389b145 uris = array<String>['http://localhost:8888'], optional = true, profiles = list['default']]): I/O error on GET request for "http://localhost:8888/application/default": Connection refused: no further information
2024-10-01 17:19:01.911  INFO 3844 --- [    Test worker] o.s.s.web.DefaultSecurityFilterChain     : Will secure any request with [org.springframework.security.web.session.DisableEncodeUrlFilter@74e7f373, org.springframework.security.web.context.request.async.WebAsyncManagerIntegrationFilter@2e1a38b5, org.springframework.security.web.context.SecurityContextHolderFilter@71fc4a67, org.springframework.security.web.header.HeaderWriterFilter@14ac1dfa, org.springframework.security.web.authentication.logout.LogoutFilter@7162e4af, org.springframework.security.web.authentication.www.BasicAuthenticationFilter@46a3292a, org.springframework.security.web.savedrequest.RequestCacheAwareFilter@7dfda09b, org.springframework.security.web.servletapi.SecurityContextHolderAwareRequestFilter@1669a91b, org.springframework.security.web.authentication.AnonymousAuthenticationFilter@1bf5cf8b, org.springframework.security.web.access.ExceptionTranslationFilter@613159d6, org.springframework.security.web.access.intercept.FilterSecurityInterceptor@75580055]
2024-10-01 17:19:01.958  INFO 3844 --- [    Test worker] o.s.b.t.m.w.SpringBootMockServletContext : Initializing Spring TestDispatcherServlet ''
2024-10-01 17:19:01.958  INFO 3844 --- [    Test worker] o.s.t.web.servlet.TestDispatcherServlet  : Initializing Servlet ''
2024-10-01 17:19:01.958  INFO 3844 --- [    Test worker] o.s.t.web.servlet.TestDispatcherServlet  : Completed initialization in 0 ms
2024-10-01 17:19:01.958  INFO 3844 --- [    Test worker] c.a.web.AuditionCommentsControllerTest   : Started AuditionCommentsControllerTest in 1.569 seconds (process running for 58.185)
2024-10-01 17:19:02.305  INFO 3844 --- [    Test worker] c.a.web.AuditionCommentsController       : Fetching comment by ID: 999
2024-10-01 17:19:02.305  WARN 3844 --- [    Test worker] c.a.web.AuditionCommentsController       : Comment not found for ID: 999
2024-10-01 17:19:02.468  INFO 3844 --- [    Test worker] c.a.web.AuditionCommentsController       : Fetching comments for post ID: 1
2024-10-01 17:19:02.470  INFO 3844 --- [    Test worker] c.a.web.AuditionCommentsController       : Retrieved comments for post ID: 1
2024-10-01 17:19:02.620  INFO 3844 --- [    Test worker] c.a.web.AuditionCommentsController       : Fetching comment by ID: 1
2024-10-01 17:19:02.620  INFO 3844 --- [    Test worker] c.a.web.AuditionCommentsController       : Retrieved comment: AuditionComment{postId=1, id=1, name='Sample User', email='sample.user@example.com', body='Sample comment'}
2024-10-01 17:19:02.953  INFO 3844 --- [    Test worker] c.a.web.AuditionCommentsController       : Fetching comment by ID: 1
]]></system-out>
  <system-err><![CDATA[]]></system-err>
</testsuite>
