<?xml version="1.0" encoding="UTF-8"?>
<testsuite name="com.audition.web.AuditionPostByIdControllerTest" tests="9" skipped="0" failures="0" errors="0" timestamp="2024-09-30T12:09:27" hostname="DESKTOP-T0DGFL0" time="0.172">
  <properties/>
  <testcase name="shouldReturn204_WhenPostNotFound()" classname="com.audition.web.AuditionPostByIdControllerTest" time="0.027"/>
  <testcase name="shouldReturnBadRequestWhenInvalidPostIdFormat()" classname="com.audition.web.AuditionPostByIdControllerTest" time="0.022"/>
  <testcase name="shouldReturnBadRequestWhenPostIdIsNegative()" classname="com.audition.web.AuditionPostByIdControllerTest" time="0.016"/>
  <testcase name="shouldReturn400_WhenInvalidIdFormatIsProvided()" classname="com.audition.web.AuditionPostByIdControllerTest" time="0.013"/>
  <testcase name="shouldReturnPostWithCommentsWhenPostExists()" classname="com.audition.web.AuditionPostByIdControllerTest" time="0.018"/>
  <testcase name="shouldReturn500_WhenServerErrorOccurs()" classname="com.audition.web.AuditionPostByIdControllerTest" time="0.017"/>
  <testcase name="shouldReturnNotFoundWhenPostDoesNotExist()" classname="com.audition.web.AuditionPostByIdControllerTest" time="0.016"/>
  <testcase name="shouldReturnPost_WhenValidIdIsProvided()" classname="com.audition.web.AuditionPostByIdControllerTest" time="0.012"/>
  <testcase name="shouldHandleServiceExceptionGracefully()" classname="com.audition.web.AuditionPostByIdControllerTest" time="0.013"/>
  <system-out><![CDATA[2024-09-30 22:09:25.714  INFO 18020 --- [    Test worker] t.c.s.AnnotationConfigContextLoaderUtils : Could not detect default configuration classes for test class [com.audition.web.AuditionPostByIdControllerTest]: AuditionPostByIdControllerTest does not declare any static, non-private, non-final, nested classes annotated with @Configuration.
2024-09-30 22:09:25.718  INFO 18020 --- [    Test worker] .b.t.c.SpringBootTestContextBootstrapper : Found @SpringBootConfiguration com.audition.AuditionApplication for test class com.audition.web.AuditionPostByIdControllerTest
22:09:25,966 |-INFO in ch.qos.logback.core.joran.util.ConfigurationWatchListUtil@50fd4246 - Adding [jar:file:/C:/Users/User/.gradle/caches/modules-2/files-2.1/org.springframework.boot/spring-boot/3.0.3/d781e7afbeb3d05ce361e9cc4fa7d38b15fb3862/spring-boot-3.0.3.jar!/org/springframework/boot/logging/logback/defaults.xml] to configuration watch list.
22:09:25,966 |-INFO in ch.qos.logback.core.joran.spi.ConfigurationWatchList@1f93d1f3 - URL [jar:file:/C:/Users/User/.gradle/caches/modules-2/files-2.1/org.springframework.boot/spring-boot/3.0.3/d781e7afbeb3d05ce361e9cc4fa7d38b15fb3862/spring-boot-3.0.3.jar!/org/springframework/boot/logging/logback/defaults.xml] is not of type file
22:09:25,973 |-INFO in ch.qos.logback.core.joran.action.ConversionRuleAction - registering conversion word clr with class [org.springframework.boot.logging.logback.ColorConverter]
22:09:25,973 |-INFO in ch.qos.logback.core.joran.action.ConversionRuleAction - registering conversion word wex with class [org.springframework.boot.logging.logback.WhitespaceThrowableProxyConverter]
22:09:25,973 |-INFO in ch.qos.logback.core.joran.action.ConversionRuleAction - registering conversion word wEx with class [org.springframework.boot.logging.logback.ExtendedWhitespaceThrowableProxyConverter]
22:09:25,973 |-INFO in ch.qos.logback.core.model.processor.AppenderModelHandler - Processing appender named [console]
22:09:25,973 |-INFO in ch.qos.logback.core.model.processor.AppenderModelHandler - About to instantiate appender of type [ch.qos.logback.core.ConsoleAppender]
22:09:25,973 |-INFO in ch.qos.logback.core.model.processor.ImplicitModelHandler - Assuming default type [ch.qos.logback.classic.encoder.PatternLayoutEncoder] for [encoder] property
22:09:25,973 |-WARN in ch.qos.logback.core.model.processor.AppenderModelHandler - Appender named [flatfile] not referenced. Skipping further processing.
22:09:25,973 |-WARN in ch.qos.logback.core.model.processor.AppenderModelHandler - Appender named [logstash] not referenced. Skipping further processing.
22:09:25,973 |-INFO in ch.qos.logback.classic.model.processor.LoggerModelHandler - Setting level of logger [org.apache.catalina.startup.DigesterFactory] to ERROR
22:09:25,973 |-INFO in ch.qos.logback.classic.jul.LevelChangePropagator@56ca41a4 - Propagating ERROR level on Logger[org.apache.catalina.startup.DigesterFactory] onto the JUL framework
22:09:25,973 |-INFO in ch.qos.logback.classic.model.processor.LoggerModelHandler - Setting level of logger [org.apache.catalina.util.LifecycleBase] to ERROR
22:09:25,973 |-INFO in ch.qos.logback.classic.jul.LevelChangePropagator@56ca41a4 - Propagating ERROR level on Logger[org.apache.catalina.util.LifecycleBase] onto the JUL framework
22:09:25,973 |-INFO in ch.qos.logback.classic.model.processor.LoggerModelHandler - Setting level of logger [org.apache.coyote.http11.Http11NioProtocol] to WARN
22:09:25,973 |-INFO in ch.qos.logback.classic.jul.LevelChangePropagator@56ca41a4 - Propagating WARN level on Logger[org.apache.coyote.http11.Http11NioProtocol] onto the JUL framework
22:09:25,973 |-INFO in ch.qos.logback.classic.model.processor.LoggerModelHandler - Setting level of logger [org.apache.sshd.common.util.SecurityUtils] to WARN
22:09:25,973 |-INFO in ch.qos.logback.classic.jul.LevelChangePropagator@56ca41a4 - Propagating WARN level on Logger[org.apache.sshd.common.util.SecurityUtils] onto the JUL framework
22:09:25,973 |-INFO in ch.qos.logback.classic.model.processor.LoggerModelHandler - Setting level of logger [org.apache.tomcat.util.net.NioSelectorPool] to WARN
22:09:25,973 |-INFO in ch.qos.logback.classic.jul.LevelChangePropagator@56ca41a4 - Propagating WARN level on Logger[org.apache.tomcat.util.net.NioSelectorPool] onto the JUL framework
22:09:25,973 |-INFO in ch.qos.logback.classic.model.processor.LoggerModelHandler - Setting level of logger [org.eclipse.jetty.util.component.AbstractLifeCycle] to ERROR
22:09:25,973 |-INFO in ch.qos.logback.classic.jul.LevelChangePropagator@56ca41a4 - Propagating ERROR level on Logger[org.eclipse.jetty.util.component.AbstractLifeCycle] onto the JUL framework
22:09:25,973 |-INFO in ch.qos.logback.classic.model.processor.LoggerModelHandler - Setting level of logger [org.hibernate.validator.internal.util.Version] to WARN
22:09:25,973 |-INFO in ch.qos.logback.classic.jul.LevelChangePropagator@56ca41a4 - Propagating WARN level on Logger[org.hibernate.validator.internal.util.Version] onto the JUL framework
22:09:25,973 |-INFO in ch.qos.logback.classic.model.processor.LoggerModelHandler - Setting level of logger [org.springframework.boot.actuate.endpoint.jmx] to WARN
22:09:25,973 |-INFO in ch.qos.logback.classic.jul.LevelChangePropagator@56ca41a4 - Propagating WARN level on Logger[org.springframework.boot.actuate.endpoint.jmx] onto the JUL framework
22:09:25,973 |-INFO in ch.qos.logback.classic.model.processor.RootLoggerModelHandler - Setting level of ROOT logger to INFO
22:09:25,973 |-INFO in ch.qos.logback.classic.jul.LevelChangePropagator@56ca41a4 - Propagating INFO level on Logger[ROOT] onto the JUL framework
22:09:25,973 |-INFO in ch.qos.logback.core.model.processor.AppenderRefModelHandler - Attaching appender named [console] to Logger[ROOT]
22:09:25,973 |-INFO in ch.qos.logback.core.model.processor.DefaultProcessor@591b8c1a - End of configuration.
22:09:25,973 |-INFO in org.springframework.boot.logging.logback.SpringBootJoranConfigurator@5bf0c64a - Registering current configuration as safe fallback point


  .   ____          _            __ _ _
 /\\ / ___'_ __ _ _(_)_ __  __ _ \ \ \ \
( ( )\___ | '_ | '_| | '_ \/ _` | \ \ \ \
 \\/  ___)| |_)| | | | | || (_| |  ) ) ) )
  '  |____| .__|_| |_|_| |_\__, | / / / /
 =========|_|==============|___/=/_/_/_/
 :: Spring Boot ::                (v3.0.3)

2024-09-30 22:09:25.989  INFO 18020 --- [    Test worker] c.a.web.AuditionPostByIdControllerTest   : Starting AuditionPostByIdControllerTest using Java 17.0.12 with PID 18020 (started by User in C:\Users\User\Downloads\audition-api)
2024-09-30 22:09:25.989  INFO 18020 --- [    Test worker] c.a.web.AuditionPostByIdControllerTest   : No active profile set, falling back to 1 default profile: "default"
2024-09-30 22:09:25.989  INFO 18020 --- [    Test worker] o.s.c.c.c.ConfigServerConfigDataLoader   : Fetching config from server at : http://localhost:8888
2024-09-30 22:09:25.989  INFO 18020 --- [    Test worker] o.s.c.c.c.ConfigServerConfigDataLoader   : Connect Timeout Exception on Url - http://localhost:8888. Will try the next url if available
2024-09-30 22:09:25.996  WARN 18020 --- [    Test worker] o.s.c.c.c.ConfigServerConfigDataLoader   : Could not locate PropertySource ([ConfigServerConfigDataResource@92336 uris = array<String>['http://localhost:8888'], optional = true, profiles = list['default']]): I/O error on GET request for "http://localhost:8888/application/default": Connection refused: no further information
2024-09-30 22:09:26.333  WARN 18020 --- [    Test worker] .s.s.UserDetailsServiceAutoConfiguration : 

Using generated security password: dc761322-9aed-4e0d-9eb4-eb75fb91f666

This generated password is for development use only. Your security configuration must be updated before running your application in production.

2024-09-30 22:09:26.929  INFO 18020 --- [    Test worker] o.s.s.web.DefaultSecurityFilterChain     : Will secure any request with [org.springframework.security.web.session.DisableEncodeUrlFilter@63c1bf33, org.springframework.security.web.context.request.async.WebAsyncManagerIntegrationFilter@351108fa, org.springframework.security.web.context.SecurityContextHolderFilter@12205a5b, org.springframework.security.web.header.HeaderWriterFilter@64ac2054, org.springframework.security.web.authentication.logout.LogoutFilter@432f1d0a, org.springframework.security.web.authentication.www.BasicAuthenticationFilter@583d3e73, org.springframework.security.web.savedrequest.RequestCacheAwareFilter@7f1702a9, org.springframework.security.web.servletapi.SecurityContextHolderAwareRequestFilter@56e643b2, org.springframework.security.web.authentication.AnonymousAuthenticationFilter@7e84a54d, org.springframework.security.web.access.ExceptionTranslationFilter@722b7e7f, org.springframework.security.web.access.intercept.AuthorizationFilter@60757560]
2024-09-30 22:09:26.993  INFO 18020 --- [    Test worker] o.s.b.t.m.w.SpringBootMockServletContext : Initializing Spring TestDispatcherServlet ''
2024-09-30 22:09:26.993  INFO 18020 --- [    Test worker] o.s.t.web.servlet.TestDispatcherServlet  : Initializing Servlet ''
2024-09-30 22:09:26.993  INFO 18020 --- [    Test worker] o.s.t.web.servlet.TestDispatcherServlet  : Completed initialization in 0 ms
2024-09-30 22:09:27.003  INFO 18020 --- [    Test worker] c.a.web.AuditionPostByIdControllerTest   : Started AuditionPostByIdControllerTest in 1.278 seconds (process running for 64.068)
2024-09-30 22:09:27.026  INFO 18020 --- [    Test worker] c.audition.web.AuditionPostsController   : Received request to get post by ID: 999
2024-09-30 22:09:27.097  INFO 18020 --- [    Test worker] c.audition.web.AuditionPostsController   : Received request to get post with comments for post ID: 1
2024-09-30 22:09:27.121  INFO 18020 --- [    Test worker] c.audition.web.AuditionPostsController   : Received request to get post by ID: 1
2024-09-30 22:09:27.143  INFO 18020 --- [    Test worker] c.audition.web.AuditionPostsController   : Received request to get post with comments for post ID: 999
2024-09-30 22:09:27.160  INFO 18020 --- [    Test worker] c.audition.web.AuditionPostsController   : Received request to get post by ID: 1
2024-09-30 22:09:27.173  INFO 18020 --- [    Test worker] c.audition.web.AuditionPostsController   : Received request to get post with comments for post ID: 1
]]></system-out>
  <system-err><![CDATA[]]></system-err>
</testsuite>
