<?xml version="1.0" encoding="UTF-8"?>
<testsuite name="com.audition.service.AuditionCommentsServiceImplTest" tests="6" skipped="0" failures="0" errors="0" timestamp="2024-10-01T07:18:58" hostname="DESKTOP-T0DGFL0" time="1.371">
  <properties/>
  <testcase name="shouldThrowIllegalArgumentExceptionForInvalidParameters()" classname="com.audition.service.AuditionCommentsServiceImplTest" time="0.33"/>
  <testcase name="shouldUseDefaultPaginationWhenNullValuesProvided()" classname="com.audition.service.AuditionCommentsServiceImplTest" time="0.798"/>
  <testcase name="shouldThrowNoDataFoundExceptionWhenNoCommentsFound()" classname="com.audition.service.AuditionCommentsServiceImplTest" time="0.059"/>
  <testcase name="shouldGetComment()" classname="com.audition.service.AuditionCommentsServiceImplTest" time="0.046"/>
  <testcase name="shouldThrowNoDataFoundExceptionWhenCommentNotFound()" classname="com.audition.service.AuditionCommentsServiceImplTest" time="0.057"/>
  <testcase name="shouldGetComments()" classname="com.audition.service.AuditionCommentsServiceImplTest" time="0.076"/>
  <system-out><![CDATA[]]></system-out>
  <system-err><![CDATA[]]></system-err>
</testsuite>
