<?xml version="1.0" encoding="UTF-8"?>
<testsuite name="com.audition.web.AuditionPostByIdControllerTest" tests="9" skipped="0" failures="0" errors="0" timestamp="2024-10-01T07:19:04" hostname="DESKTOP-T0DGFL0" time="1.699">
  <properties/>
  <testcase name="shouldReturn204_WhenPostNotFound()" classname="com.audition.web.AuditionPostByIdControllerTest" time="0.273"/>
  <testcase name="shouldReturnBadRequestWhenInvalidPostIdFormat()" classname="com.audition.web.AuditionPostByIdControllerTest" time="0.116"/>
  <testcase name="shouldReturnBadRequestWhenPostIdIsNegative()" classname="com.audition.web.AuditionPostByIdControllerTest" time="0.177"/>
  <testcase name="shouldReturn400_WhenInvalidIdFormatIsProvided()" classname="com.audition.web.AuditionPostByIdControllerTest" time="0.18"/>
  <testcase name="shouldReturnPostWithCommentsWhenPostExists()" classname="com.audition.web.AuditionPostByIdControllerTest" time="0.194"/>
  <testcase name="shouldReturn500_WhenServerErrorOccurs()" classname="com.audition.web.AuditionPostByIdControllerTest" time="0.192"/>
  <testcase name="shouldReturnNotFoundWhenPostDoesNotExist()" classname="com.audition.web.AuditionPostByIdControllerTest" time="0.166"/>
  <testcase name="shouldReturnPost_WhenValidIdIsProvided()" classname="com.audition.web.AuditionPostByIdControllerTest" time="0.2"/>
  <testcase name="shouldHandleServiceExceptionGracefully()" classname="com.audition.web.AuditionPostByIdControllerTest" time="0.185"/>
  <system-out><![CDATA[2024-10-01 17:19:03.127  INFO 3844 --- [    Test worker] t.c.s.AnnotationConfigContextLoaderUtils : Could not detect default configuration classes for test class [com.audition.web.AuditionPostByIdControllerTest]: AuditionPostByIdControllerTest does not declare any static, non-private, non-final, nested classes annotated with @Configuration.
2024-10-01 17:19:03.142  INFO 3844 --- [    Test worker] .b.t.c.SpringBootTestContextBootstrapper : Found @SpringBootConfiguration com.audition.AuditionApplication for test class com.audition.web.AuditionPostByIdControllerTest
17:19:03,349 |-INFO in ch.qos.logback.core.joran.util.ConfigurationWatchListUtil@29c471f6 - Adding [jar:file:/C:/Users/User/.gradle/caches/modules-2/files-2.1/org.springframework.boot/spring-boot/3.0.3/d781e7afbeb3d05ce361e9cc4fa7d38b15fb3862/spring-boot-3.0.3.jar!/org/springframework/boot/logging/logback/defaults.xml] to configuration watch list.
17:19:03,349 |-INFO in ch.qos.logback.core.joran.spi.ConfigurationWatchList@db0393d - URL [jar:file:/C:/Users/User/.gradle/caches/modules-2/files-2.1/org.springframework.boot/spring-boot/3.0.3/d781e7afbeb3d05ce361e9cc4fa7d38b15fb3862/spring-boot-3.0.3.jar!/org/springframework/boot/logging/logback/defaults.xml] is not of type file
17:19:03,349 |-INFO in ch.qos.logback.core.joran.action.ConversionRuleAction - registering conversion word clr with class [org.springframework.boot.logging.logback.ColorConverter]
17:19:03,349 |-INFO in ch.qos.logback.core.joran.action.ConversionRuleAction - registering conversion word wex with class [org.springframework.boot.logging.logback.WhitespaceThrowableProxyConverter]
17:19:03,349 |-INFO in ch.qos.logback.core.joran.action.ConversionRuleAction - registering conversion word wEx with class [org.springframework.boot.logging.logback.ExtendedWhitespaceThrowableProxyConverter]
17:19:03,349 |-INFO in ch.qos.logback.core.model.processor.AppenderModelHandler - Processing appender named [console]
17:19:03,349 |-INFO in ch.qos.logback.core.model.processor.AppenderModelHandler - About to instantiate appender of type [ch.qos.logback.core.ConsoleAppender]
17:19:03,349 |-INFO in ch.qos.logback.core.model.processor.ImplicitModelHandler - Assuming default type [ch.qos.logback.classic.encoder.PatternLayoutEncoder] for [encoder] property
17:19:03,349 |-WARN in ch.qos.logback.core.model.processor.AppenderModelHandler - Appender named [flatfile] not referenced. Skipping further processing.
17:19:03,349 |-WARN in ch.qos.logback.core.model.processor.AppenderModelHandler - Appender named [logstash] not referenced. Skipping further processing.
17:19:03,349 |-INFO in ch.qos.logback.classic.model.processor.LoggerModelHandler - Setting level of logger [org.apache.catalina.startup.DigesterFactory] to ERROR
17:19:03,349 |-INFO in ch.qos.logback.classic.jul.LevelChangePropagator@16de04ae - Propagating ERROR level on Logger[org.apache.catalina.startup.DigesterFactory] onto the JUL framework
17:19:03,349 |-INFO in ch.qos.logback.classic.model.processor.LoggerModelHandler - Setting level of logger [org.apache.catalina.util.LifecycleBase] to ERROR
17:19:03,349 |-INFO in ch.qos.logback.classic.jul.LevelChangePropagator@16de04ae - Propagating ERROR level on Logger[org.apache.catalina.util.LifecycleBase] onto the JUL framework
17:19:03,349 |-INFO in ch.qos.logback.classic.model.processor.LoggerModelHandler - Setting level of logger [org.apache.coyote.http11.Http11NioProtocol] to WARN
17:19:03,349 |-INFO in ch.qos.logback.classic.jul.LevelChangePropagator@16de04ae - Propagating WARN level on Logger[org.apache.coyote.http11.Http11NioProtocol] onto the JUL framework
17:19:03,349 |-INFO in ch.qos.logback.classic.model.processor.LoggerModelHandler - Setting level of logger [org.apache.sshd.common.util.SecurityUtils] to WARN
17:19:03,349 |-INFO in ch.qos.logback.classic.jul.LevelChangePropagator@16de04ae - Propagating WARN level on Logger[org.apache.sshd.common.util.SecurityUtils] onto the JUL framework
17:19:03,349 |-INFO in ch.qos.logback.classic.model.processor.LoggerModelHandler - Setting level of logger [org.apache.tomcat.util.net.NioSelectorPool] to WARN
17:19:03,349 |-INFO in ch.qos.logback.classic.jul.LevelChangePropagator@16de04ae - Propagating WARN level on Logger[org.apache.tomcat.util.net.NioSelectorPool] onto the JUL framework
17:19:03,349 |-INFO in ch.qos.logback.classic.model.processor.LoggerModelHandler - Setting level of logger [org.eclipse.jetty.util.component.AbstractLifeCycle] to ERROR
17:19:03,349 |-INFO in ch.qos.logback.classic.jul.LevelChangePropagator@16de04ae - Propagating ERROR level on Logger[org.eclipse.jetty.util.component.AbstractLifeCycle] onto the JUL framework
17:19:03,349 |-INFO in ch.qos.logback.classic.model.processor.LoggerModelHandler - Setting level of logger [org.hibernate.validator.internal.util.Version] to WARN
17:19:03,349 |-INFO in ch.qos.logback.classic.jul.LevelChangePropagator@16de04ae - Propagating WARN level on Logger[org.hibernate.validator.internal.util.Version] onto the JUL framework
17:19:03,349 |-INFO in ch.qos.logback.classic.model.processor.LoggerModelHandler - Setting level of logger [org.springframework.boot.actuate.endpoint.jmx] to WARN
17:19:03,349 |-INFO in ch.qos.logback.classic.jul.LevelChangePropagator@16de04ae - Propagating WARN level on Logger[org.springframework.boot.actuate.endpoint.jmx] onto the JUL framework
17:19:03,349 |-INFO in ch.qos.logback.classic.model.processor.RootLoggerModelHandler - Setting level of ROOT logger to INFO
17:19:03,349 |-INFO in ch.qos.logback.classic.jul.LevelChangePropagator@16de04ae - Propagating INFO level on Logger[ROOT] onto the JUL framework
17:19:03,349 |-INFO in ch.qos.logback.core.model.processor.AppenderRefModelHandler - Attaching appender named [console] to Logger[ROOT]
17:19:03,349 |-INFO in ch.qos.logback.core.model.processor.DefaultProcessor@69079dc6 - End of configuration.
17:19:03,349 |-INFO in org.springframework.boot.logging.logback.SpringBootJoranConfigurator@60c45de8 - Registering current configuration as safe fallback point


  .   ____          _            __ _ _
 /\\ / ___'_ __ _ _(_)_ __  __ _ \ \ \ \
( ( )\___ | '_ | '_| | '_ \/ _` | \ \ \ \
 \\/  ___)| |_)| | | | | || (_| |  ) ) ) )
  '  |____| .__|_| |_|_| |_\__, | / / / /
 =========|_|==============|___/=/_/_/_/
 :: Spring Boot ::                (v3.0.3)

2024-10-01 17:19:03.367  INFO 3844 --- [    Test worker] c.a.web.AuditionPostByIdControllerTest   : Starting AuditionPostByIdControllerTest using Java 17.0.12 with PID 3844 (started by User in C:\Users\User\Downloads\audition-api)
2024-10-01 17:19:03.367  INFO 3844 --- [    Test worker] c.a.web.AuditionPostByIdControllerTest   : No active profile set, falling back to 1 default profile: "default"
2024-10-01 17:19:03.370  INFO 3844 --- [    Test worker] o.s.c.c.c.ConfigServerConfigDataLoader   : Fetching config from server at : http://localhost:8888
2024-10-01 17:19:03.370  INFO 3844 --- [    Test worker] o.s.c.c.c.ConfigServerConfigDataLoader   : Connect Timeout Exception on Url - http://localhost:8888. Will try the next url if available
2024-10-01 17:19:03.370  WARN 3844 --- [    Test worker] o.s.c.c.c.ConfigServerConfigDataLoader   : Could not locate PropertySource ([ConfigServerConfigDataResource@6a3e296c uris = array<String>['http://localhost:8888'], optional = true, profiles = list['default']]): I/O error on GET request for "http://localhost:8888/application/default": Connection refused: no further information
2024-10-01 17:19:04.158  INFO 3844 --- [    Test worker] o.s.s.web.DefaultSecurityFilterChain     : Will secure any request with [org.springframework.security.web.session.DisableEncodeUrlFilter@4d300c81, org.springframework.security.web.context.request.async.WebAsyncManagerIntegrationFilter@60212b77, org.springframework.security.web.context.SecurityContextHolderFilter@23e493b7, org.springframework.security.web.header.HeaderWriterFilter@fc2074f, org.springframework.security.web.authentication.logout.LogoutFilter@2fd30f87, org.springframework.security.web.authentication.www.BasicAuthenticationFilter@1361a66e, org.springframework.security.web.savedrequest.RequestCacheAwareFilter@f6db419, org.springframework.security.web.servletapi.SecurityContextHolderAwareRequestFilter@37cad9d7, org.springframework.security.web.authentication.AnonymousAuthenticationFilter@7d44391, org.springframework.security.web.access.ExceptionTranslationFilter@3781e3c0, org.springframework.security.web.access.intercept.FilterSecurityInterceptor@71a2c604]
2024-10-01 17:19:04.202  INFO 3844 --- [    Test worker] o.s.b.t.m.w.SpringBootMockServletContext : Initializing Spring TestDispatcherServlet ''
2024-10-01 17:19:04.202  INFO 3844 --- [    Test worker] o.s.t.web.servlet.TestDispatcherServlet  : Initializing Servlet ''
2024-10-01 17:19:04.202  INFO 3844 --- [    Test worker] o.s.t.web.servlet.TestDispatcherServlet  : Completed initialization in 0 ms
2024-10-01 17:19:04.202  INFO 3844 --- [    Test worker] c.a.web.AuditionPostByIdControllerTest   : Started AuditionPostByIdControllerTest in 1.066 seconds (process running for 60.428)
2024-10-01 17:19:04.485  INFO 3844 --- [    Test worker] c.audition.web.AuditionPostsController   : Received request to get post by ID: 999
2024-10-01 17:19:05.148  INFO 3844 --- [    Test worker] c.audition.web.AuditionPostsController   : Received request to get post with comments for post ID: 1
2024-10-01 17:19:05.352  INFO 3844 --- [    Test worker] c.audition.web.AuditionPostsController   : Received request to get post by ID: 1
2024-10-01 17:19:05.525  INFO 3844 --- [    Test worker] c.audition.web.AuditionPostsController   : Received request to get post with comments for post ID: 999
2024-10-01 17:19:05.716  INFO 3844 --- [    Test worker] c.audition.web.AuditionPostsController   : Received request to get post by ID: 1
2024-10-01 17:19:05.906  INFO 3844 --- [    Test worker] c.audition.web.AuditionPostsController   : Received request to get post with comments for post ID: 1
]]></system-out>
  <system-err><![CDATA[]]></system-err>
</testsuite>
