<?xml version="1.0" encoding="UTF-8"?>
<testsuite name="com.audition.web.AuditionPostByIdControllerTest" tests="9" skipped="0" failures="0" errors="0" timestamp="2024-10-01T12:25:22" hostname="DESKTOP-T0DGFL0" time="2.571">
  <properties/>
  <testcase name="shouldReturnBadRequestWhenInvalidPostIdFormat()" classname="com.audition.web.AuditionPostByIdControllerTest" time="0.55"/>
  <testcase name="shouldReturnBadRequestWhenPostIdIsNegative()" classname="com.audition.web.AuditionPostByIdControllerTest" time="0.361"/>
  <testcase name="shouldReturn400WhenInvalidIdFormatIsProvided()" classname="com.audition.web.AuditionPostByIdControllerTest" time="0.304"/>
  <testcase name="shouldReturn204WhenPostNotFound()" classname="com.audition.web.AuditionPostByIdControllerTest" time="0.34"/>
  <testcase name="shouldReturnPostWithCommentsWhenPostExists()" classname="com.audition.web.AuditionPostByIdControllerTest" time="0.238"/>
  <testcase name="shouldReturn500WhenServerErrorOccurs()" classname="com.audition.web.AuditionPostByIdControllerTest" time="0.233"/>
  <testcase name="shouldReturnNotFoundWhenPostDoesNotExist()" classname="com.audition.web.AuditionPostByIdControllerTest" time="0.156"/>
  <testcase name="shouldHandleServiceExceptionGracefully()" classname="com.audition.web.AuditionPostByIdControllerTest" time="0.18"/>
  <testcase name="shouldReturnPostWhenValidIdIsProvided()" classname="com.audition.web.AuditionPostByIdControllerTest" time="0.175"/>
  <system-out><![CDATA[2024-10-01 22:25:19.738  INFO 2284 --- [    Test worker] t.c.s.AnnotationConfigContextLoaderUtils : Could not detect default configuration classes for test class [com.audition.web.AuditionPostByIdControllerTest]: AuditionPostByIdControllerTest does not declare any static, non-private, non-final, nested classes annotated with @Configuration.
2024-10-01 22:25:19.746  INFO 2284 --- [    Test worker] .b.t.c.SpringBootTestContextBootstrapper : Found @SpringBootConfiguration com.audition.AuditionApplication for test class com.audition.web.AuditionPostByIdControllerTest
22:25:20,091 |-INFO in ch.qos.logback.core.joran.util.ConfigurationWatchListUtil@1ea6446b - Adding [jar:file:/C:/Users/User/.gradle/caches/modules-2/files-2.1/org.springframework.boot/spring-boot/3.0.3/d781e7afbeb3d05ce361e9cc4fa7d38b15fb3862/spring-boot-3.0.3.jar!/org/springframework/boot/logging/logback/defaults.xml] to configuration watch list.
22:25:20,091 |-INFO in ch.qos.logback.core.joran.spi.ConfigurationWatchList@62de35e1 - URL [jar:file:/C:/Users/User/.gradle/caches/modules-2/files-2.1/org.springframework.boot/spring-boot/3.0.3/d781e7afbeb3d05ce361e9cc4fa7d38b15fb3862/spring-boot-3.0.3.jar!/org/springframework/boot/logging/logback/defaults.xml] is not of type file
22:25:20,107 |-INFO in ch.qos.logback.core.joran.action.ConversionRuleAction - registering conversion word clr with class [org.springframework.boot.logging.logback.ColorConverter]
22:25:20,107 |-INFO in ch.qos.logback.core.joran.action.ConversionRuleAction - registering conversion word wex with class [org.springframework.boot.logging.logback.WhitespaceThrowableProxyConverter]
22:25:20,107 |-INFO in ch.qos.logback.core.joran.action.ConversionRuleAction - registering conversion word wEx with class [org.springframework.boot.logging.logback.ExtendedWhitespaceThrowableProxyConverter]
22:25:20,112 |-INFO in ch.qos.logback.core.model.processor.AppenderModelHandler - Processing appender named [console]
22:25:20,112 |-INFO in ch.qos.logback.core.model.processor.AppenderModelHandler - About to instantiate appender of type [ch.qos.logback.core.ConsoleAppender]
22:25:20,112 |-INFO in ch.qos.logback.core.model.processor.ImplicitModelHandler - Assuming default type [ch.qos.logback.classic.encoder.PatternLayoutEncoder] for [encoder] property
22:25:20,115 |-WARN in ch.qos.logback.core.model.processor.AppenderModelHandler - Appender named [flatfile] not referenced. Skipping further processing.
22:25:20,115 |-WARN in ch.qos.logback.core.model.processor.AppenderModelHandler - Appender named [logstash] not referenced. Skipping further processing.
22:25:20,115 |-INFO in ch.qos.logback.classic.model.processor.LoggerModelHandler - Setting level of logger [org.apache.catalina.startup.DigesterFactory] to ERROR
22:25:20,115 |-INFO in ch.qos.logback.classic.jul.LevelChangePropagator@7162e4af - Propagating ERROR level on Logger[org.apache.catalina.startup.DigesterFactory] onto the JUL framework
22:25:20,115 |-INFO in ch.qos.logback.classic.model.processor.LoggerModelHandler - Setting level of logger [org.apache.catalina.util.LifecycleBase] to ERROR
22:25:20,115 |-INFO in ch.qos.logback.classic.jul.LevelChangePropagator@7162e4af - Propagating ERROR level on Logger[org.apache.catalina.util.LifecycleBase] onto the JUL framework
22:25:20,115 |-INFO in ch.qos.logback.classic.model.processor.LoggerModelHandler - Setting level of logger [org.apache.coyote.http11.Http11NioProtocol] to WARN
22:25:20,115 |-INFO in ch.qos.logback.classic.jul.LevelChangePropagator@7162e4af - Propagating WARN level on Logger[org.apache.coyote.http11.Http11NioProtocol] onto the JUL framework
22:25:20,115 |-INFO in ch.qos.logback.classic.model.processor.LoggerModelHandler - Setting level of logger [org.apache.sshd.common.util.SecurityUtils] to WARN
22:25:20,115 |-INFO in ch.qos.logback.classic.jul.LevelChangePropagator@7162e4af - Propagating WARN level on Logger[org.apache.sshd.common.util.SecurityUtils] onto the JUL framework
22:25:20,115 |-INFO in ch.qos.logback.classic.model.processor.LoggerModelHandler - Setting level of logger [org.apache.tomcat.util.net.NioSelectorPool] to WARN
22:25:20,115 |-INFO in ch.qos.logback.classic.jul.LevelChangePropagator@7162e4af - Propagating WARN level on Logger[org.apache.tomcat.util.net.NioSelectorPool] onto the JUL framework
22:25:20,118 |-INFO in ch.qos.logback.classic.model.processor.LoggerModelHandler - Setting level of logger [org.eclipse.jetty.util.component.AbstractLifeCycle] to ERROR
22:25:20,118 |-INFO in ch.qos.logback.classic.jul.LevelChangePropagator@7162e4af - Propagating ERROR level on Logger[org.eclipse.jetty.util.component.AbstractLifeCycle] onto the JUL framework
22:25:20,121 |-INFO in ch.qos.logback.classic.model.processor.LoggerModelHandler - Setting level of logger [org.hibernate.validator.internal.util.Version] to WARN
22:25:20,121 |-INFO in ch.qos.logback.classic.jul.LevelChangePropagator@7162e4af - Propagating WARN level on Logger[org.hibernate.validator.internal.util.Version] onto the JUL framework
22:25:20,121 |-INFO in ch.qos.logback.classic.model.processor.LoggerModelHandler - Setting level of logger [org.springframework.boot.actuate.endpoint.jmx] to WARN
22:25:20,121 |-INFO in ch.qos.logback.classic.jul.LevelChangePropagator@7162e4af - Propagating WARN level on Logger[org.springframework.boot.actuate.endpoint.jmx] onto the JUL framework
22:25:20,121 |-INFO in ch.qos.logback.classic.model.processor.RootLoggerModelHandler - Setting level of ROOT logger to INFO
22:25:20,121 |-INFO in ch.qos.logback.classic.jul.LevelChangePropagator@7162e4af - Propagating INFO level on Logger[ROOT] onto the JUL framework
22:25:20,121 |-INFO in ch.qos.logback.core.model.processor.AppenderRefModelHandler - Attaching appender named [console] to Logger[ROOT]
22:25:20,121 |-INFO in ch.qos.logback.core.model.processor.DefaultProcessor@618b6b60 - End of configuration.
22:25:20,121 |-INFO in org.springframework.boot.logging.logback.SpringBootJoranConfigurator@3a71373b - Registering current configuration as safe fallback point


  .   ____          _            __ _ _
 /\\ / ___'_ __ _ _(_)_ __  __ _ \ \ \ \
( ( )\___ | '_ | '_| | '_ \/ _` | \ \ \ \
 \\/  ___)| |_)| | | | | || (_| |  ) ) ) )
  '  |____| .__|_| |_|_| |_\__, | / / / /
 =========|_|==============|___/=/_/_/_/
 :: Spring Boot ::                (v3.0.3)

2024-10-01 22:25:20.179  INFO 2284 --- [    Test worker] c.a.web.AuditionPostByIdControllerTest   : Starting AuditionPostByIdControllerTest using Java 17.0.12 with PID 2284 (started by User in C:\Users\User\Downloads\audition-api)
2024-10-01 22:25:20.179  INFO 2284 --- [    Test worker] c.a.web.AuditionPostByIdControllerTest   : No active profile set, falling back to 1 default profile: "default"
2024-10-01 22:25:20.185  INFO 2284 --- [    Test worker] o.s.c.c.c.ConfigServerConfigDataLoader   : Fetching config from server at : http://localhost:8888
2024-10-01 22:25:20.186  INFO 2284 --- [    Test worker] o.s.c.c.c.ConfigServerConfigDataLoader   : Connect Timeout Exception on Url - http://localhost:8888. Will try the next url if available
2024-10-01 22:25:20.186  WARN 2284 --- [    Test worker] o.s.c.c.c.ConfigServerConfigDataLoader   : Could not locate PropertySource ([ConfigServerConfigDataResource@71fc4a67 uris = array<String>['http://localhost:8888'], optional = true, profiles = list['default']]): I/O error on GET request for "http://localhost:8888/application/default": Connection refused: no further information
2024-10-01 22:25:22.091  INFO 2284 --- [    Test worker] o.s.s.web.DefaultSecurityFilterChain     : Will secure any request with [org.springframework.security.web.session.DisableEncodeUrlFilter@54f46870, org.springframework.security.web.context.request.async.WebAsyncManagerIntegrationFilter@9444e51, org.springframework.security.web.context.SecurityContextHolderFilter@3d8d3cb2, org.springframework.security.web.header.HeaderWriterFilter@2d23b27c, org.springframework.security.web.authentication.logout.LogoutFilter@573bc8c0, org.springframework.security.web.authentication.www.BasicAuthenticationFilter@2575a0a6, org.springframework.security.web.savedrequest.RequestCacheAwareFilter@5e9fe0c0, org.springframework.security.web.servletapi.SecurityContextHolderAwareRequestFilter@3387e8e0, org.springframework.security.web.authentication.AnonymousAuthenticationFilter@39254e5f, org.springframework.security.web.access.ExceptionTranslationFilter@47854e15, org.springframework.security.web.access.intercept.FilterSecurityInterceptor@23d27066]
2024-10-01 22:25:22.163  INFO 2284 --- [    Test worker] o.s.b.t.m.w.SpringBootMockServletContext : Initializing Spring TestDispatcherServlet ''
2024-10-01 22:25:22.163  INFO 2284 --- [    Test worker] o.s.t.web.servlet.TestDispatcherServlet  : Initializing Servlet ''
2024-10-01 22:25:22.165  INFO 2284 --- [    Test worker] o.s.t.web.servlet.TestDispatcherServlet  : Completed initialization in 2 ms
2024-10-01 22:25:22.172  INFO 2284 --- [    Test worker] c.a.web.AuditionPostByIdControllerTest   : Started AuditionPostByIdControllerTest in 2.426 seconds (process running for 89.573)
2024-10-01 22:25:23.749  INFO 2284 --- [    Test worker] c.audition.web.AuditionPostsController   : Received request to get post by ID: 999
2024-10-01 22:25:23.988  INFO 2284 --- [    Test worker] c.audition.web.AuditionPostsController   : Received request to get post with comments for post ID: 1
2024-10-01 22:25:24.212  INFO 2284 --- [    Test worker] c.audition.web.AuditionPostsController   : Received request to get post by ID: 1
2024-10-01 22:25:24.387  INFO 2284 --- [    Test worker] c.audition.web.AuditionPostsController   : Received request to get post with comments for post ID: 999
2024-10-01 22:25:24.570  INFO 2284 --- [    Test worker] c.audition.web.AuditionPostsController   : Received request to get post with comments for post ID: 1
2024-10-01 22:25:24.740  INFO 2284 --- [    Test worker] c.audition.web.AuditionPostsController   : Received request to get post by ID: 1
]]></system-out>
  <system-err><![CDATA[]]></system-err>
</testsuite>
