<?xml version="1.0" encoding="UTF-8"?>
<testsuite name="com.audition.AuditionPostControllerIntegrationTest" tests="7" skipped="0" failures="0" errors="0" timestamp="2024-10-01T11:40:54" hostname="DESKTOP-T0DGFL0" time="1.306">
  <properties/>
  <testcase name="shouldFailForInvalidUserIdFormat()" classname="com.audition.AuditionPostControllerIntegrationTest" time="0.28"/>
  <testcase name="shouldGetAuditionPostsForUser()" classname="com.audition.AuditionPostControllerIntegrationTest" time="0.187"/>
  <testcase name="shouldFailForWrongMediaType()" classname="com.audition.AuditionPostControllerIntegrationTest" time="0.131"/>
  <testcase name="shouldFailForNegativePageSize()" classname="com.audition.AuditionPostControllerIntegrationTest" time="0.188"/>
  <testcase name="shouldReturnEmptyListForUserWithNoPosts()" classname="com.audition.AuditionPostControllerIntegrationTest" time="0.197"/>
  <testcase name="shouldGetPostsWhenUserIdIsNegative()" classname="com.audition.AuditionPostControllerIntegrationTest" time="0.142"/>
  <testcase name="shouldGetFailureResponseWhenPostsApiFails()" classname="com.audition.AuditionPostControllerIntegrationTest" time="0.169"/>
  <system-out><![CDATA[2024-10-01 21:40:49.274  INFO 6680 --- [    Test worker] t.c.s.AnnotationConfigContextLoaderUtils : Could not detect default configuration classes for test class [com.audition.AuditionPostControllerIntegrationTest]: AuditionPostControllerIntegrationTest does not declare any static, non-private, non-final, nested classes annotated with @Configuration.
2024-10-01 21:40:49.276  INFO 6680 --- [    Test worker] .b.t.c.SpringBootTestContextBootstrapper : Found @SpringBootConfiguration com.audition.AuditionApplication for test class com.audition.AuditionPostControllerIntegrationTest
2024-10-01 21:40:49.286  INFO 6680 --- [    Test worker] org.eclipse.jetty.server.Server          : jetty-11.0.13; built: 2022-12-07T20:47:15.149Z; git: a04bd1ccf844cf9bebc12129335d7493111cbff6; jvm 17.0.12+8-LTS-286
2024-10-01 21:40:49.291  INFO 6680 --- [    Test worker] o.e.jetty.server.handler.ContextHandler  : Started o.e.j.s.ServletContextHandler@11f862fd{/__admin,null,AVAILABLE}
2024-10-01 21:40:49.291  INFO 6680 --- [    Test worker] o.e.j.s.handler.ContextHandler.ROOT      : RequestHandlerClass from context returned com.github.tomakehurst.wiremock.http.StubRequestHandler. Normalized mapped under returned 'null'
2024-10-01 21:40:49.291  INFO 6680 --- [    Test worker] o.e.jetty.server.handler.ContextHandler  : Started o.e.j.s.ServletContextHandler@3907b0cd{/,null,AVAILABLE}
2024-10-01 21:40:49.295  INFO 6680 --- [    Test worker] o.e.jetty.server.AbstractConnector       : Started NetworkTrafficServerConnector@15047900{HTTP/1.1, (http/1.1, h2c)}{0.0.0.0:64583}
2024-10-01 21:40:49.295  INFO 6680 --- [    Test worker] org.eclipse.jetty.server.Server          : Started Server@42e49c9d{STARTING}[11.0.13,sto=1000] @41511ms
21:40:49,491 |-INFO in ch.qos.logback.core.joran.util.ConfigurationWatchListUtil@1ea6446b - Adding [jar:file:/C:/Users/User/.gradle/caches/modules-2/files-2.1/org.springframework.boot/spring-boot/3.0.3/d781e7afbeb3d05ce361e9cc4fa7d38b15fb3862/spring-boot-3.0.3.jar!/org/springframework/boot/logging/logback/defaults.xml] to configuration watch list.
21:40:49,491 |-INFO in ch.qos.logback.core.joran.spi.ConfigurationWatchList@ff01f06 - URL [jar:file:/C:/Users/User/.gradle/caches/modules-2/files-2.1/org.springframework.boot/spring-boot/3.0.3/d781e7afbeb3d05ce361e9cc4fa7d38b15fb3862/spring-boot-3.0.3.jar!/org/springframework/boot/logging/logback/defaults.xml] is not of type file
21:40:49,499 |-INFO in ch.qos.logback.core.joran.action.ConversionRuleAction - registering conversion word clr with class [org.springframework.boot.logging.logback.ColorConverter]
21:40:49,499 |-INFO in ch.qos.logback.core.joran.action.ConversionRuleAction - registering conversion word wex with class [org.springframework.boot.logging.logback.WhitespaceThrowableProxyConverter]
21:40:49,499 |-INFO in ch.qos.logback.core.joran.action.ConversionRuleAction - registering conversion word wEx with class [org.springframework.boot.logging.logback.ExtendedWhitespaceThrowableProxyConverter]
21:40:49,499 |-INFO in ch.qos.logback.core.model.processor.AppenderModelHandler - Processing appender named [console]
21:40:49,499 |-INFO in ch.qos.logback.core.model.processor.AppenderModelHandler - About to instantiate appender of type [ch.qos.logback.core.ConsoleAppender]
21:40:49,499 |-INFO in ch.qos.logback.core.model.processor.ImplicitModelHandler - Assuming default type [ch.qos.logback.classic.encoder.PatternLayoutEncoder] for [encoder] property
21:40:49,507 |-WARN in ch.qos.logback.core.model.processor.AppenderModelHandler - Appender named [flatfile] not referenced. Skipping further processing.
21:40:49,507 |-WARN in ch.qos.logback.core.model.processor.AppenderModelHandler - Appender named [logstash] not referenced. Skipping further processing.
21:40:49,507 |-INFO in ch.qos.logback.classic.model.processor.LoggerModelHandler - Setting level of logger [org.apache.catalina.startup.DigesterFactory] to ERROR
21:40:49,507 |-INFO in ch.qos.logback.classic.jul.LevelChangePropagator@7e4b2774 - Propagating ERROR level on Logger[org.apache.catalina.startup.DigesterFactory] onto the JUL framework
21:40:49,507 |-INFO in ch.qos.logback.classic.model.processor.LoggerModelHandler - Setting level of logger [org.apache.catalina.util.LifecycleBase] to ERROR
21:40:49,507 |-INFO in ch.qos.logback.classic.jul.LevelChangePropagator@7e4b2774 - Propagating ERROR level on Logger[org.apache.catalina.util.LifecycleBase] onto the JUL framework
21:40:49,507 |-INFO in ch.qos.logback.classic.model.processor.LoggerModelHandler - Setting level of logger [org.apache.coyote.http11.Http11NioProtocol] to WARN
21:40:49,507 |-INFO in ch.qos.logback.classic.jul.LevelChangePropagator@7e4b2774 - Propagating WARN level on Logger[org.apache.coyote.http11.Http11NioProtocol] onto the JUL framework
21:40:49,507 |-INFO in ch.qos.logback.classic.model.processor.LoggerModelHandler - Setting level of logger [org.apache.sshd.common.util.SecurityUtils] to WARN
21:40:49,507 |-INFO in ch.qos.logback.classic.jul.LevelChangePropagator@7e4b2774 - Propagating WARN level on Logger[org.apache.sshd.common.util.SecurityUtils] onto the JUL framework
21:40:49,507 |-INFO in ch.qos.logback.classic.model.processor.LoggerModelHandler - Setting level of logger [org.apache.tomcat.util.net.NioSelectorPool] to WARN
21:40:49,507 |-INFO in ch.qos.logback.classic.jul.LevelChangePropagator@7e4b2774 - Propagating WARN level on Logger[org.apache.tomcat.util.net.NioSelectorPool] onto the JUL framework
21:40:49,507 |-INFO in ch.qos.logback.classic.model.processor.LoggerModelHandler - Setting level of logger [org.eclipse.jetty.util.component.AbstractLifeCycle] to ERROR
21:40:49,507 |-INFO in ch.qos.logback.classic.jul.LevelChangePropagator@7e4b2774 - Propagating ERROR level on Logger[org.eclipse.jetty.util.component.AbstractLifeCycle] onto the JUL framework
21:40:49,507 |-INFO in ch.qos.logback.classic.model.processor.LoggerModelHandler - Setting level of logger [org.hibernate.validator.internal.util.Version] to WARN
21:40:49,507 |-INFO in ch.qos.logback.classic.jul.LevelChangePropagator@7e4b2774 - Propagating WARN level on Logger[org.hibernate.validator.internal.util.Version] onto the JUL framework
21:40:49,507 |-INFO in ch.qos.logback.classic.model.processor.LoggerModelHandler - Setting level of logger [org.springframework.boot.actuate.endpoint.jmx] to WARN
21:40:49,507 |-INFO in ch.qos.logback.classic.jul.LevelChangePropagator@7e4b2774 - Propagating WARN level on Logger[org.springframework.boot.actuate.endpoint.jmx] onto the JUL framework
21:40:49,507 |-INFO in ch.qos.logback.classic.model.processor.RootLoggerModelHandler - Setting level of ROOT logger to INFO
21:40:49,507 |-INFO in ch.qos.logback.classic.jul.LevelChangePropagator@7e4b2774 - Propagating INFO level on Logger[ROOT] onto the JUL framework
21:40:49,507 |-INFO in ch.qos.logback.core.model.processor.AppenderRefModelHandler - Attaching appender named [console] to Logger[ROOT]
21:40:49,507 |-INFO in ch.qos.logback.core.model.processor.DefaultProcessor@616e1183 - End of configuration.
21:40:49,507 |-INFO in org.springframework.boot.logging.logback.SpringBootJoranConfigurator@721778d8 - Registering current configuration as safe fallback point


  .   ____          _            __ _ _
 /\\ / ___'_ __ _ _(_)_ __  __ _ \ \ \ \
( ( )\___ | '_ | '_| | '_ \/ _` | \ \ \ \
 \\/  ___)| |_)| | | | | || (_| |  ) ) ) )
  '  |____| .__|_| |_|_| |_\__, | / / / /
 =========|_|==============|___/=/_/_/_/
 :: Spring Boot ::                (v3.0.3)

2024-10-01 21:40:49.521  INFO 6680 --- [    Test worker] .a.AuditionPostControllerIntegrationTest : Starting AuditionPostControllerIntegrationTest using Java 17.0.12 with PID 6680 (started by User in C:\Users\User\Downloads\audition-api)
2024-10-01 21:40:49.521  INFO 6680 --- [    Test worker] .a.AuditionPostControllerIntegrationTest : No active profile set, falling back to 1 default profile: "default"
2024-10-01 21:40:49.521  INFO 6680 --- [    Test worker] o.s.c.c.c.ConfigServerConfigDataLoader   : Fetching config from server at : http://localhost:8888
2024-10-01 21:40:49.521  INFO 6680 --- [    Test worker] o.s.c.c.c.ConfigServerConfigDataLoader   : Connect Timeout Exception on Url - http://localhost:8888. Will try the next url if available
2024-10-01 21:40:49.521  WARN 6680 --- [    Test worker] o.s.c.c.c.ConfigServerConfigDataLoader   : Could not locate PropertySource ([ConfigServerConfigDataResource@3a507beb uris = array<String>['http://localhost:8888'], optional = true, profiles = list['default']]): I/O error on GET request for "http://localhost:8888/application/default": Connection refused: no further information
2024-10-01 21:40:50.279  INFO 6680 --- [    Test worker] o.s.cloud.context.scope.GenericScope     : BeanFactory id=f70c0464-7a74-35f3-ae73-ed547d031ccb
2024-10-01 21:40:50.524  INFO 6680 --- [    Test worker] o.s.b.w.embedded.tomcat.TomcatWebServer  : Tomcat initialized with port(s): 0 (http)
2024-10-01 21:40:50.524  INFO 6680 --- [    Test worker] o.apache.catalina.core.StandardService   : Starting service [Tomcat]
2024-10-01 21:40:50.524  INFO 6680 --- [    Test worker] o.apache.catalina.core.StandardEngine    : Starting Servlet engine: [Apache Tomcat/10.1.5]
2024-10-01 21:40:50.658  INFO 6680 --- [    Test worker] o.a.c.c.C.[Tomcat-2].[localhost].[/]     : Initializing Spring embedded WebApplicationContext
2024-10-01 21:40:50.658  INFO 6680 --- [    Test worker] w.s.c.ServletWebServerApplicationContext : Root WebApplicationContext: initialization completed in 1137 ms
2024-10-01 21:40:52.969  INFO 6680 --- [    Test worker] o.s.b.a.e.web.EndpointLinksResolver      : Exposing 1 endpoint(s) beneath base path '/actuator'
2024-10-01 21:40:53.064  INFO 6680 --- [    Test worker] o.s.s.web.DefaultSecurityFilterChain     : Will secure any request with [org.springframework.security.web.session.DisableEncodeUrlFilter@4144ef2a, org.springframework.security.web.context.request.async.WebAsyncManagerIntegrationFilter@2b30d57, org.springframework.security.web.context.SecurityContextHolderFilter@47e7e284, org.springframework.security.web.header.HeaderWriterFilter@1bd1d9f0, org.springframework.security.web.authentication.logout.LogoutFilter@2a6e9470, org.springframework.security.web.authentication.www.BasicAuthenticationFilter@24220d7a, org.springframework.security.web.savedrequest.RequestCacheAwareFilter@37b784dc, org.springframework.security.web.servletapi.SecurityContextHolderAwareRequestFilter@28c8ec96, org.springframework.security.web.authentication.AnonymousAuthenticationFilter@4dd876d3, org.springframework.security.web.access.ExceptionTranslationFilter@6c493592, org.springframework.security.web.access.intercept.FilterSecurityInterceptor@70b9bbe2]
2024-10-01 21:40:54.157  INFO 6680 --- [    Test worker] o.a.c.c.C.[Tomcat-2].[localhost].[/]     : Initializing Spring TestDispatcherServlet ''
2024-10-01 21:40:54.157  INFO 6680 --- [    Test worker] o.s.t.web.servlet.TestDispatcherServlet  : Initializing Servlet ''
2024-10-01 21:40:54.173  INFO 6680 --- [    Test worker] o.s.t.web.servlet.TestDispatcherServlet  : Completed initialization in 16 ms
2024-10-01 21:40:54.515  INFO 6680 --- [    Test worker] o.s.b.w.embedded.tomcat.TomcatWebServer  : Tomcat started on port(s): 64585 (http) with context path ''
2024-10-01 21:40:54.740  INFO 6680 --- [    Test worker] .a.AuditionPostControllerIntegrationTest : Started AuditionPostControllerIntegrationTest in 5.446 seconds (process running for 46.96)
2024-10-01 21:40:56.049  INFO 6680 --- [    Test worker] org.eclipse.jetty.server.Server          : Stopped Server@42e49c9d{STOPPING}[11.0.13,sto=1000]
2024-10-01 21:40:56.049  INFO 6680 --- [    Test worker] org.eclipse.jetty.server.Server          : Shutdown Server@42e49c9d{STOPPING}[11.0.13,sto=1000]
2024-10-01 21:40:56.049  INFO 6680 --- [    Test worker] o.e.jetty.server.AbstractConnector       : Stopped NetworkTrafficServerConnector@15047900{HTTP/1.1, (http/1.1, h2c)}{0.0.0.0:0}
2024-10-01 21:40:56.049  INFO 6680 --- [    Test worker] o.e.jetty.server.handler.ContextHandler  : Stopped o.e.j.s.ServletContextHandler@3907b0cd{/,null,STOPPED}
2024-10-01 21:40:56.049  INFO 6680 --- [    Test worker] o.e.jetty.server.handler.ContextHandler  : Stopped o.e.j.s.ServletContextHandler@11f862fd{/__admin,null,STOPPED}
]]></system-out>
  <system-err><![CDATA[]]></system-err>
</testsuite>
