<?xml version="1.0" encoding="UTF-8"?>
<testsuite name="com.audition.integration.IntegrationUrlServiceTest" tests="5" skipped="0" failures="0" errors="0" timestamp="2024-10-01T12:25:14" hostname="DESKTOP-T0DGFL0" time="0.051">
  <properties/>
  <testcase name="testGetCommentUrl()" classname="com.audition.integration.IntegrationUrlServiceTest" time="0.012"/>
  <testcase name="testGetPostsUrlWithUserIdAndPagination()" classname="com.audition.integration.IntegrationUrlServiceTest" time="0.009"/>
  <testcase name="testGetPostByIdUrl()" classname="com.audition.integration.IntegrationUrlServiceTest" time="0.008"/>
  <testcase name="testGetPostsUrlWithoutUserIdAndPagination()" classname="com.audition.integration.IntegrationUrlServiceTest" time="0.007"/>
  <testcase name="testGetCommentsUrlWithPagination()" classname="com.audition.integration.IntegrationUrlServiceTest" time="0.007"/>
  <system-out><![CDATA[2024-10-01 22:25:05.998  INFO 2284 --- [    Test worker] t.c.s.AnnotationConfigContextLoaderUtils : Could not detect default configuration classes for test class [com.audition.integration.IntegrationUrlServiceTest]: IntegrationUrlServiceTest does not declare any static, non-private, non-final, nested classes annotated with @Configuration.
2024-10-01 22:25:06.032  INFO 2284 --- [    Test worker] .b.t.c.SpringBootTestContextBootstrapper : Found @SpringBootConfiguration com.audition.AuditionApplication for test class com.audition.integration.IntegrationUrlServiceTest
22:25:06,336 |-INFO in ch.qos.logback.core.joran.util.ConfigurationWatchListUtil@1ea6446b - Adding [jar:file:/C:/Users/User/.gradle/caches/modules-2/files-2.1/org.springframework.boot/spring-boot/3.0.3/d781e7afbeb3d05ce361e9cc4fa7d38b15fb3862/spring-boot-3.0.3.jar!/org/springframework/boot/logging/logback/defaults.xml] to configuration watch list.
22:25:06,336 |-INFO in ch.qos.logback.core.joran.spi.ConfigurationWatchList@7998bfe4 - URL [jar:file:/C:/Users/User/.gradle/caches/modules-2/files-2.1/org.springframework.boot/spring-boot/3.0.3/d781e7afbeb3d05ce361e9cc4fa7d38b15fb3862/spring-boot-3.0.3.jar!/org/springframework/boot/logging/logback/defaults.xml] is not of type file
22:25:06,336 |-INFO in ch.qos.logback.core.joran.action.ConversionRuleAction - registering conversion word clr with class [org.springframework.boot.logging.logback.ColorConverter]
22:25:06,336 |-INFO in ch.qos.logback.core.joran.action.ConversionRuleAction - registering conversion word wex with class [org.springframework.boot.logging.logback.WhitespaceThrowableProxyConverter]
22:25:06,336 |-INFO in ch.qos.logback.core.joran.action.ConversionRuleAction - registering conversion word wEx with class [org.springframework.boot.logging.logback.ExtendedWhitespaceThrowableProxyConverter]
22:25:06,336 |-INFO in ch.qos.logback.core.model.processor.AppenderModelHandler - Processing appender named [console]
22:25:06,336 |-INFO in ch.qos.logback.core.model.processor.AppenderModelHandler - About to instantiate appender of type [ch.qos.logback.core.ConsoleAppender]
22:25:06,336 |-INFO in ch.qos.logback.core.model.processor.ImplicitModelHandler - Assuming default type [ch.qos.logback.classic.encoder.PatternLayoutEncoder] for [encoder] property
22:25:06,350 |-WARN in ch.qos.logback.core.model.processor.AppenderModelHandler - Appender named [flatfile] not referenced. Skipping further processing.
22:25:06,350 |-WARN in ch.qos.logback.core.model.processor.AppenderModelHandler - Appender named [logstash] not referenced. Skipping further processing.
22:25:06,350 |-INFO in ch.qos.logback.classic.model.processor.LoggerModelHandler - Setting level of logger [org.apache.catalina.startup.DigesterFactory] to ERROR
22:25:06,350 |-INFO in ch.qos.logback.classic.jul.LevelChangePropagator@19a51f05 - Propagating ERROR level on Logger[org.apache.catalina.startup.DigesterFactory] onto the JUL framework
22:25:06,350 |-INFO in ch.qos.logback.classic.model.processor.LoggerModelHandler - Setting level of logger [org.apache.catalina.util.LifecycleBase] to ERROR
22:25:06,350 |-INFO in ch.qos.logback.classic.jul.LevelChangePropagator@19a51f05 - Propagating ERROR level on Logger[org.apache.catalina.util.LifecycleBase] onto the JUL framework
22:25:06,350 |-INFO in ch.qos.logback.classic.model.processor.LoggerModelHandler - Setting level of logger [org.apache.coyote.http11.Http11NioProtocol] to WARN
22:25:06,350 |-INFO in ch.qos.logback.classic.jul.LevelChangePropagator@19a51f05 - Propagating WARN level on Logger[org.apache.coyote.http11.Http11NioProtocol] onto the JUL framework
22:25:06,350 |-INFO in ch.qos.logback.classic.model.processor.LoggerModelHandler - Setting level of logger [org.apache.sshd.common.util.SecurityUtils] to WARN
22:25:06,350 |-INFO in ch.qos.logback.classic.jul.LevelChangePropagator@19a51f05 - Propagating WARN level on Logger[org.apache.sshd.common.util.SecurityUtils] onto the JUL framework
22:25:06,350 |-INFO in ch.qos.logback.classic.model.processor.LoggerModelHandler - Setting level of logger [org.apache.tomcat.util.net.NioSelectorPool] to WARN
22:25:06,350 |-INFO in ch.qos.logback.classic.jul.LevelChangePropagator@19a51f05 - Propagating WARN level on Logger[org.apache.tomcat.util.net.NioSelectorPool] onto the JUL framework
22:25:06,350 |-INFO in ch.qos.logback.classic.model.processor.LoggerModelHandler - Setting level of logger [org.eclipse.jetty.util.component.AbstractLifeCycle] to ERROR
22:25:06,350 |-INFO in ch.qos.logback.classic.jul.LevelChangePropagator@19a51f05 - Propagating ERROR level on Logger[org.eclipse.jetty.util.component.AbstractLifeCycle] onto the JUL framework
22:25:06,350 |-INFO in ch.qos.logback.classic.model.processor.LoggerModelHandler - Setting level of logger [org.hibernate.validator.internal.util.Version] to WARN
22:25:06,350 |-INFO in ch.qos.logback.classic.jul.LevelChangePropagator@19a51f05 - Propagating WARN level on Logger[org.hibernate.validator.internal.util.Version] onto the JUL framework
22:25:06,350 |-INFO in ch.qos.logback.classic.model.processor.LoggerModelHandler - Setting level of logger [org.springframework.boot.actuate.endpoint.jmx] to WARN
22:25:06,350 |-INFO in ch.qos.logback.classic.jul.LevelChangePropagator@19a51f05 - Propagating WARN level on Logger[org.springframework.boot.actuate.endpoint.jmx] onto the JUL framework
22:25:06,350 |-INFO in ch.qos.logback.classic.model.processor.RootLoggerModelHandler - Setting level of ROOT logger to INFO
22:25:06,350 |-INFO in ch.qos.logback.classic.jul.LevelChangePropagator@19a51f05 - Propagating INFO level on Logger[ROOT] onto the JUL framework
22:25:06,350 |-INFO in ch.qos.logback.core.model.processor.AppenderRefModelHandler - Attaching appender named [console] to Logger[ROOT]
22:25:06,351 |-INFO in ch.qos.logback.core.model.processor.DefaultProcessor@4bb636b0 - End of configuration.
22:25:06,351 |-INFO in org.springframework.boot.logging.logback.SpringBootJoranConfigurator@27c66620 - Registering current configuration as safe fallback point


  .   ____          _            __ _ _
 /\\ / ___'_ __ _ _(_)_ __  __ _ \ \ \ \
( ( )\___ | '_ | '_| | '_ \/ _` | \ \ \ \
 \\/  ___)| |_)| | | | | || (_| |  ) ) ) )
  '  |____| .__|_| |_|_| |_\__, | / / / /
 =========|_|==============|___/=/_/_/_/
 :: Spring Boot ::                (v3.0.3)

2024-10-01 22:25:06.354  INFO 2284 --- [    Test worker] c.a.i.IntegrationUrlServiceTest          : Starting IntegrationUrlServiceTest using Java 17.0.12 with PID 2284 (started by User in C:\Users\User\Downloads\audition-api)
2024-10-01 22:25:06.354  INFO 2284 --- [    Test worker] c.a.i.IntegrationUrlServiceTest          : The following 1 profile is active: "test"
2024-10-01 22:25:06.366  INFO 2284 --- [    Test worker] o.s.c.c.c.ConfigServerConfigDataLoader   : Fetching config from server at : http://localhost:8888
2024-10-01 22:25:06.366  INFO 2284 --- [    Test worker] o.s.c.c.c.ConfigServerConfigDataLoader   : Connect Timeout Exception on Url - http://localhost:8888. Will try the next url if available
2024-10-01 22:25:06.366  WARN 2284 --- [    Test worker] o.s.c.c.c.ConfigServerConfigDataLoader   : Could not locate PropertySource ([ConfigServerConfigDataResource@34c6230 uris = array<String>['http://localhost:8888'], optional = true, profiles = list['test']]): I/O error on GET request for "http://localhost:8888/application/test": Connection refused: no further information
2024-10-01 22:25:07.730  INFO 2284 --- [    Test worker] o.s.cloud.context.scope.GenericScope     : BeanFactory id=fb2ecf61-2e9f-386c-84ae-9e53417604b6
2024-10-01 22:25:11.575  INFO 2284 --- [    Test worker] o.s.b.a.e.web.EndpointLinksResolver      : Exposing 1 endpoint(s) beneath base path '/actuator'
2024-10-01 22:25:11.693  INFO 2284 --- [    Test worker] o.s.s.web.DefaultSecurityFilterChain     : Will secure any request with [org.springframework.security.web.session.DisableEncodeUrlFilter@5dc14d6d, org.springframework.security.web.context.request.async.WebAsyncManagerIntegrationFilter@3dd05779, org.springframework.security.web.context.SecurityContextHolderFilter@632de6a4, org.springframework.security.web.header.HeaderWriterFilter@3c3c4be, org.springframework.security.web.authentication.logout.LogoutFilter@1025d606, org.springframework.security.web.authentication.www.BasicAuthenticationFilter@15b28c65, org.springframework.security.web.savedrequest.RequestCacheAwareFilter@5b982177, org.springframework.security.web.servletapi.SecurityContextHolderAwareRequestFilter@3a7d5e1a, org.springframework.security.web.authentication.AnonymousAuthenticationFilter@66b873bb, org.springframework.security.web.access.ExceptionTranslationFilter@95e537b, org.springframework.security.web.access.intercept.FilterSecurityInterceptor@7dcb62e6]
2024-10-01 22:25:14.600  INFO 2284 --- [    Test worker] c.a.i.IntegrationUrlServiceTest          : Started IntegrationUrlServiceTest in 8.54 seconds (process running for 81.997)
]]></system-out>
  <system-err><![CDATA[]]></system-err>
</testsuite>
