<?xml version="1.0" encoding="UTF-8"?>
<testsuite name="com.audition.service.AuditionPostServiceImplTest" tests="3" skipped="0" failures="0" errors="0" timestamp="2024-10-01T07:19:00" hostname="DESKTOP-T0DGFL0" time="0.219">
  <properties/>
  <testcase name="shouldGetPostByIdWhenResponseIs200()" classname="com.audition.service.AuditionPostServiceImplTest" time="0.071"/>
  <testcase name="shouldGetPostsWhenResponseIs200()" classname="com.audition.service.AuditionPostServiceImplTest" time="0.081"/>
  <testcase name="shouldGetPostByIdLoadCommentsWhenResponseIs200()" classname="com.audition.service.AuditionPostServiceImplTest" time="0.066"/>
  <system-out><![CDATA[]]></system-out>
  <system-err><![CDATA[]]></system-err>
</testsuite>
