<?xml version="1.0" encoding="UTF-8"?>
<testsuite name="com.audition.common.logging.RestTemplateRequestResponseLoggingInterceptorTest" tests="3" skipped="0" failures="0" errors="0" timestamp="2024-10-01T11:40:56" hostname="DESKTOP-T0DGFL0" time="0.149">
  <properties/>
  <testcase name="shouldLogRequestAndResponse()" classname="com.audition.common.logging.RestTemplateRequestResponseLoggingInterceptorTest" time="0.14"/>
  <testcase name="shouldLogResponse()" classname="com.audition.common.logging.RestTemplateRequestResponseLoggingInterceptorTest" time="0.003"/>
  <testcase name="shouldLogRequest()" classname="com.audition.common.logging.RestTemplateRequestResponseLoggingInterceptorTest" time="0.004"/>
  <system-out><![CDATA[]]></system-out>
  <system-err><![CDATA[]]></system-err>
</testsuite>
