<?xml version="1.0" encoding="UTF-8"?>
<testsuite name="com.audition.configuration.ResponseHeaderInjectorTest" tests="1" skipped="0" failures="0" errors="0" timestamp="2024-09-30T12:09:22" hostname="DESKTOP-T0DGFL0" time="0.244">
  <properties/>
  <testcase name="shouldInjectHeaders()" classname="com.audition.configuration.ResponseHeaderInjectorTest" time="0.244"/>
  <system-out><![CDATA[]]></system-out>
  <system-err><![CDATA[]]></system-err>
</testsuite>
