<?xml version="1.0" encoding="UTF-8"?>
<testsuite name="com.audition.configuration.WebServiceConfigurationTest" tests="2" skipped="0" failures="0" errors="0" timestamp="2024-10-01T11:40:57" hostname="DESKTOP-T0DGFL0" time="0.052">
  <properties/>
  <testcase name="shouldCreateObjectMapper()" classname="com.audition.configuration.WebServiceConfigurationTest" time="0.049"/>
  <testcase name="itShouldCreateRestTemplate()" classname="com.audition.configuration.WebServiceConfigurationTest" time="0.002"/>
  <system-out><![CDATA[]]></system-out>
  <system-err><![CDATA[]]></system-err>
</testsuite>
