<?xml version="1.0" encoding="UTF-8"?>
<testsuite name="com.audition.web.AuditionCommentsControllerTest" tests="6" skipped="0" failures="0" errors="0" timestamp="2024-09-29T12:01:51" hostname="DESKTOP-T0DGFL0" time="0.103">
  <properties/>
  <testcase name="shouldReturnAllComments_WhenValidPostIdIsProvided()" classname="com.audition.web.AuditionCommentsControllerTest" time="0.036"/>
  <testcase name="shouldReturnComment_WhenValidCommentIdIsProvided()" classname="com.audition.web.AuditionCommentsControllerTest" time="0.013"/>
  <testcase name="shouldReturn404_WhenCommentNotFound()" classname="com.audition.web.AuditionCommentsControllerTest" time="0.009"/>
  <testcase name="shouldReturn400_WhenInvalidCommentIdFormatIsProvided()" classname="com.audition.web.AuditionCommentsControllerTest" time="0.014"/>
  <testcase name="shouldHandleServiceExceptionGracefully()" classname="com.audition.web.AuditionCommentsControllerTest" time="0.013"/>
  <testcase name="shouldReturn400_WhenPostIdIsNegative()" classname="com.audition.web.AuditionCommentsControllerTest" time="0.009"/>
  <system-out><![CDATA[2024-09-29 22:01:49.902  INFO 20928 --- [    Test worker] t.c.s.AnnotationConfigContextLoaderUtils : Could not detect default configuration classes for test class [com.audition.web.AuditionCommentsControllerTest]: AuditionCommentsControllerTest does not declare any static, non-private, non-final, nested classes annotated with @Configuration.
2024-09-29 22:01:49.951  INFO 20928 --- [    Test worker] .b.t.c.SpringBootTestContextBootstrapper : Found @SpringBootConfiguration com.audition.AuditionApplication for test class com.audition.web.AuditionCommentsControllerTest
22:01:50,171 |-INFO in ch.qos.logback.core.joran.util.ConfigurationWatchListUtil@1a26eecb - Adding [jar:file:/C:/Users/User/.gradle/caches/modules-2/files-2.1/org.springframework.boot/spring-boot/3.0.3/d781e7afbeb3d05ce361e9cc4fa7d38b15fb3862/spring-boot-3.0.3.jar!/org/springframework/boot/logging/logback/defaults.xml] to configuration watch list.
22:01:50,171 |-INFO in ch.qos.logback.core.joran.spi.ConfigurationWatchList@5384f549 - URL [jar:file:/C:/Users/User/.gradle/caches/modules-2/files-2.1/org.springframework.boot/spring-boot/3.0.3/d781e7afbeb3d05ce361e9cc4fa7d38b15fb3862/spring-boot-3.0.3.jar!/org/springframework/boot/logging/logback/defaults.xml] is not of type file
22:01:50,171 |-INFO in ch.qos.logback.core.joran.action.ConversionRuleAction - registering conversion word clr with class [org.springframework.boot.logging.logback.ColorConverter]
22:01:50,171 |-INFO in ch.qos.logback.core.joran.action.ConversionRuleAction - registering conversion word wex with class [org.springframework.boot.logging.logback.WhitespaceThrowableProxyConverter]
22:01:50,171 |-INFO in ch.qos.logback.core.joran.action.ConversionRuleAction - registering conversion word wEx with class [org.springframework.boot.logging.logback.ExtendedWhitespaceThrowableProxyConverter]
22:01:50,171 |-INFO in ch.qos.logback.core.model.processor.AppenderModelHandler - Processing appender named [console]
22:01:50,171 |-INFO in ch.qos.logback.core.model.processor.AppenderModelHandler - About to instantiate appender of type [ch.qos.logback.core.ConsoleAppender]
22:01:50,171 |-INFO in ch.qos.logback.core.model.processor.ImplicitModelHandler - Assuming default type [ch.qos.logback.classic.encoder.PatternLayoutEncoder] for [encoder] property
22:01:50,171 |-WARN in ch.qos.logback.core.model.processor.AppenderModelHandler - Appender named [flatfile] not referenced. Skipping further processing.
22:01:50,171 |-WARN in ch.qos.logback.core.model.processor.AppenderModelHandler - Appender named [logstash] not referenced. Skipping further processing.
22:01:50,171 |-INFO in ch.qos.logback.classic.model.processor.LoggerModelHandler - Setting level of logger [org.apache.catalina.startup.DigesterFactory] to ERROR
22:01:50,171 |-INFO in ch.qos.logback.classic.jul.LevelChangePropagator@1df09105 - Propagating ERROR level on Logger[org.apache.catalina.startup.DigesterFactory] onto the JUL framework
22:01:50,171 |-INFO in ch.qos.logback.classic.model.processor.LoggerModelHandler - Setting level of logger [org.apache.catalina.util.LifecycleBase] to ERROR
22:01:50,171 |-INFO in ch.qos.logback.classic.jul.LevelChangePropagator@1df09105 - Propagating ERROR level on Logger[org.apache.catalina.util.LifecycleBase] onto the JUL framework
22:01:50,171 |-INFO in ch.qos.logback.classic.model.processor.LoggerModelHandler - Setting level of logger [org.apache.coyote.http11.Http11NioProtocol] to WARN
22:01:50,171 |-INFO in ch.qos.logback.classic.jul.LevelChangePropagator@1df09105 - Propagating WARN level on Logger[org.apache.coyote.http11.Http11NioProtocol] onto the JUL framework
22:01:50,171 |-INFO in ch.qos.logback.classic.model.processor.LoggerModelHandler - Setting level of logger [org.apache.sshd.common.util.SecurityUtils] to WARN
22:01:50,171 |-INFO in ch.qos.logback.classic.jul.LevelChangePropagator@1df09105 - Propagating WARN level on Logger[org.apache.sshd.common.util.SecurityUtils] onto the JUL framework
22:01:50,171 |-INFO in ch.qos.logback.classic.model.processor.LoggerModelHandler - Setting level of logger [org.apache.tomcat.util.net.NioSelectorPool] to WARN
22:01:50,171 |-INFO in ch.qos.logback.classic.jul.LevelChangePropagator@1df09105 - Propagating WARN level on Logger[org.apache.tomcat.util.net.NioSelectorPool] onto the JUL framework
22:01:50,171 |-INFO in ch.qos.logback.classic.model.processor.LoggerModelHandler - Setting level of logger [org.eclipse.jetty.util.component.AbstractLifeCycle] to ERROR
22:01:50,171 |-INFO in ch.qos.logback.classic.jul.LevelChangePropagator@1df09105 - Propagating ERROR level on Logger[org.eclipse.jetty.util.component.AbstractLifeCycle] onto the JUL framework
22:01:50,171 |-INFO in ch.qos.logback.classic.model.processor.LoggerModelHandler - Setting level of logger [org.hibernate.validator.internal.util.Version] to WARN
22:01:50,171 |-INFO in ch.qos.logback.classic.jul.LevelChangePropagator@1df09105 - Propagating WARN level on Logger[org.hibernate.validator.internal.util.Version] onto the JUL framework
22:01:50,171 |-INFO in ch.qos.logback.classic.model.processor.LoggerModelHandler - Setting level of logger [org.springframework.boot.actuate.endpoint.jmx] to WARN
22:01:50,171 |-INFO in ch.qos.logback.classic.jul.LevelChangePropagator@1df09105 - Propagating WARN level on Logger[org.springframework.boot.actuate.endpoint.jmx] onto the JUL framework
22:01:50,171 |-INFO in ch.qos.logback.classic.model.processor.RootLoggerModelHandler - Setting level of ROOT logger to INFO
22:01:50,171 |-INFO in ch.qos.logback.classic.jul.LevelChangePropagator@1df09105 - Propagating INFO level on Logger[ROOT] onto the JUL framework
22:01:50,171 |-INFO in ch.qos.logback.core.model.processor.AppenderRefModelHandler - Attaching appender named [console] to Logger[ROOT]
22:01:50,171 |-INFO in ch.qos.logback.core.model.processor.DefaultProcessor@15665a85 - End of configuration.
22:01:50,171 |-INFO in org.springframework.boot.logging.logback.SpringBootJoranConfigurator@4ede4622 - Registering current configuration as safe fallback point


  .   ____          _            __ _ _
 /\\ / ___'_ __ _ _(_)_ __  __ _ \ \ \ \
( ( )\___ | '_ | '_| | '_ \/ _` | \ \ \ \
 \\/  ___)| |_)| | | | | || (_| |  ) ) ) )
  '  |____| .__|_| |_|_| |_\__, | / / / /
 =========|_|==============|___/=/_/_/_/
 :: Spring Boot ::                (v3.0.3)

2024-09-29 22:01:50.187  INFO 20928 --- [    Test worker] c.a.web.AuditionCommentsControllerTest   : Starting AuditionCommentsControllerTest using Java 17.0.12 with PID 20928 (started by User in C:\Users\User\Downloads\audition-api)
2024-09-29 22:01:50.187  INFO 20928 --- [    Test worker] c.a.web.AuditionCommentsControllerTest   : No active profile set, falling back to 1 default profile: "default"
2024-09-29 22:01:50.191  INFO 20928 --- [    Test worker] o.s.c.c.c.ConfigServerConfigDataLoader   : Fetching config from server at : http://localhost:8888
2024-09-29 22:01:50.191  INFO 20928 --- [    Test worker] o.s.c.c.c.ConfigServerConfigDataLoader   : Connect Timeout Exception on Url - http://localhost:8888. Will try the next url if available
2024-09-29 22:01:50.191  WARN 20928 --- [    Test worker] o.s.c.c.c.ConfigServerConfigDataLoader   : Could not locate PropertySource ([ConfigServerConfigDataResource@6991468 uris = array<String>['http://localhost:8888'], optional = true, profiles = list['default']]): I/O error on GET request for "http://localhost:8888/application/default": Connection refused: no further information
2024-09-29 22:01:51.051  INFO 20928 --- [    Test worker] o.s.b.t.m.w.SpringBootMockServletContext : Initializing Spring TestDispatcherServlet ''
2024-09-29 22:01:51.051  INFO 20928 --- [    Test worker] o.s.t.web.servlet.TestDispatcherServlet  : Initializing Servlet ''
2024-09-29 22:01:51.051  INFO 20928 --- [    Test worker] o.s.t.web.servlet.TestDispatcherServlet  : Completed initialization in 0 ms
2024-09-29 22:01:51.051  INFO 20928 --- [    Test worker] c.a.web.AuditionCommentsControllerTest   : Started AuditionCommentsControllerTest in 1.082 seconds (process running for 50.255)
]]></system-out>
  <system-err><![CDATA[]]></system-err>
</testsuite>
