<?xml version="1.0" encoding="UTF-8"?>
<testsuite name="com.audition.web.AuditionCommentsControllerTest" tests="6" skipped="0" failures="0" errors="0" timestamp="2024-09-30T12:09:25" hostname="DESKTOP-T0DGFL0" time="0.148">
  <properties/>
  <testcase name="testShouldReturnAllComments_WhenValidPostIdIsProvided()" classname="com.audition.web.AuditionCommentsControllerTest" time="0.051"/>
  <testcase name="testShouldReturn404_WhenCommentNotFound()" classname="com.audition.web.AuditionCommentsControllerTest" time="0.015"/>
  <testcase name="testShouldReturn400_WhenInvalidCommentIdFormatIsProvided()" classname="com.audition.web.AuditionCommentsControllerTest" time="0.022"/>
  <testcase name="testShouldHandleServiceExceptionGracefully()" classname="com.audition.web.AuditionCommentsControllerTest" time="0.02"/>
  <testcase name="testShouldReturn400_WhenPostIdIsNegative()" classname="com.audition.web.AuditionCommentsControllerTest" time="0.014"/>
  <testcase name="testShouldReturnComment_WhenValidCommentIdIsProvided()" classname="com.audition.web.AuditionCommentsControllerTest" time="0.015"/>
  <system-out><![CDATA[2024-09-30 22:09:24.134  INFO 18020 --- [    Test worker] t.c.s.AnnotationConfigContextLoaderUtils : Could not detect default configuration classes for test class [com.audition.web.AuditionCommentsControllerTest]: AuditionCommentsControllerTest does not declare any static, non-private, non-final, nested classes annotated with @Configuration.
2024-09-30 22:09:24.182  INFO 18020 --- [    Test worker] .b.t.c.SpringBootTestContextBootstrapper : Found @SpringBootConfiguration com.audition.AuditionApplication for test class com.audition.web.AuditionCommentsControllerTest
22:09:24,429 |-INFO in ch.qos.logback.core.joran.util.ConfigurationWatchListUtil@50fd4246 - Adding [jar:file:/C:/Users/User/.gradle/caches/modules-2/files-2.1/org.springframework.boot/spring-boot/3.0.3/d781e7afbeb3d05ce361e9cc4fa7d38b15fb3862/spring-boot-3.0.3.jar!/org/springframework/boot/logging/logback/defaults.xml] to configuration watch list.
22:09:24,429 |-INFO in ch.qos.logback.core.joran.spi.ConfigurationWatchList@65cbe677 - URL [jar:file:/C:/Users/User/.gradle/caches/modules-2/files-2.1/org.springframework.boot/spring-boot/3.0.3/d781e7afbeb3d05ce361e9cc4fa7d38b15fb3862/spring-boot-3.0.3.jar!/org/springframework/boot/logging/logback/defaults.xml] is not of type file
22:09:24,437 |-INFO in ch.qos.logback.core.joran.action.ConversionRuleAction - registering conversion word clr with class [org.springframework.boot.logging.logback.ColorConverter]
22:09:24,437 |-INFO in ch.qos.logback.core.joran.action.ConversionRuleAction - registering conversion word wex with class [org.springframework.boot.logging.logback.WhitespaceThrowableProxyConverter]
22:09:24,437 |-INFO in ch.qos.logback.core.joran.action.ConversionRuleAction - registering conversion word wEx with class [org.springframework.boot.logging.logback.ExtendedWhitespaceThrowableProxyConverter]
22:09:24,437 |-INFO in ch.qos.logback.core.model.processor.AppenderModelHandler - Processing appender named [console]
22:09:24,437 |-INFO in ch.qos.logback.core.model.processor.AppenderModelHandler - About to instantiate appender of type [ch.qos.logback.core.ConsoleAppender]
22:09:24,437 |-INFO in ch.qos.logback.core.model.processor.ImplicitModelHandler - Assuming default type [ch.qos.logback.classic.encoder.PatternLayoutEncoder] for [encoder] property
22:09:24,444 |-WARN in ch.qos.logback.core.model.processor.AppenderModelHandler - Appender named [flatfile] not referenced. Skipping further processing.
22:09:24,444 |-WARN in ch.qos.logback.core.model.processor.AppenderModelHandler - Appender named [logstash] not referenced. Skipping further processing.
22:09:24,444 |-INFO in ch.qos.logback.classic.model.processor.LoggerModelHandler - Setting level of logger [org.apache.catalina.startup.DigesterFactory] to ERROR
22:09:24,444 |-INFO in ch.qos.logback.classic.jul.LevelChangePropagator@55ef36c3 - Propagating ERROR level on Logger[org.apache.catalina.startup.DigesterFactory] onto the JUL framework
22:09:24,444 |-INFO in ch.qos.logback.classic.model.processor.LoggerModelHandler - Setting level of logger [org.apache.catalina.util.LifecycleBase] to ERROR
22:09:24,444 |-INFO in ch.qos.logback.classic.jul.LevelChangePropagator@55ef36c3 - Propagating ERROR level on Logger[org.apache.catalina.util.LifecycleBase] onto the JUL framework
22:09:24,444 |-INFO in ch.qos.logback.classic.model.processor.LoggerModelHandler - Setting level of logger [org.apache.coyote.http11.Http11NioProtocol] to WARN
22:09:24,444 |-INFO in ch.qos.logback.classic.jul.LevelChangePropagator@55ef36c3 - Propagating WARN level on Logger[org.apache.coyote.http11.Http11NioProtocol] onto the JUL framework
22:09:24,444 |-INFO in ch.qos.logback.classic.model.processor.LoggerModelHandler - Setting level of logger [org.apache.sshd.common.util.SecurityUtils] to WARN
22:09:24,444 |-INFO in ch.qos.logback.classic.jul.LevelChangePropagator@55ef36c3 - Propagating WARN level on Logger[org.apache.sshd.common.util.SecurityUtils] onto the JUL framework
22:09:24,444 |-INFO in ch.qos.logback.classic.model.processor.LoggerModelHandler - Setting level of logger [org.apache.tomcat.util.net.NioSelectorPool] to WARN
22:09:24,444 |-INFO in ch.qos.logback.classic.jul.LevelChangePropagator@55ef36c3 - Propagating WARN level on Logger[org.apache.tomcat.util.net.NioSelectorPool] onto the JUL framework
22:09:24,444 |-INFO in ch.qos.logback.classic.model.processor.LoggerModelHandler - Setting level of logger [org.eclipse.jetty.util.component.AbstractLifeCycle] to ERROR
22:09:24,444 |-INFO in ch.qos.logback.classic.jul.LevelChangePropagator@55ef36c3 - Propagating ERROR level on Logger[org.eclipse.jetty.util.component.AbstractLifeCycle] onto the JUL framework
22:09:24,444 |-INFO in ch.qos.logback.classic.model.processor.LoggerModelHandler - Setting level of logger [org.hibernate.validator.internal.util.Version] to WARN
22:09:24,444 |-INFO in ch.qos.logback.classic.jul.LevelChangePropagator@55ef36c3 - Propagating WARN level on Logger[org.hibernate.validator.internal.util.Version] onto the JUL framework
22:09:24,444 |-INFO in ch.qos.logback.classic.model.processor.LoggerModelHandler - Setting level of logger [org.springframework.boot.actuate.endpoint.jmx] to WARN
22:09:24,444 |-INFO in ch.qos.logback.classic.jul.LevelChangePropagator@55ef36c3 - Propagating WARN level on Logger[org.springframework.boot.actuate.endpoint.jmx] onto the JUL framework
22:09:24,444 |-INFO in ch.qos.logback.classic.model.processor.RootLoggerModelHandler - Setting level of ROOT logger to INFO
22:09:24,445 |-INFO in ch.qos.logback.classic.jul.LevelChangePropagator@55ef36c3 - Propagating INFO level on Logger[ROOT] onto the JUL framework
22:09:24,445 |-INFO in ch.qos.logback.core.model.processor.AppenderRefModelHandler - Attaching appender named [console] to Logger[ROOT]
22:09:24,445 |-INFO in ch.qos.logback.core.model.processor.DefaultProcessor@1dbd209d - End of configuration.
22:09:24,445 |-INFO in org.springframework.boot.logging.logback.SpringBootJoranConfigurator@585ec0a2 - Registering current configuration as safe fallback point


  .   ____          _            __ _ _
 /\\ / ___'_ __ _ _(_)_ __  __ _ \ \ \ \
( ( )\___ | '_ | '_| | '_ \/ _` | \ \ \ \
 \\/  ___)| |_)| | | | | || (_| |  ) ) ) )
  '  |____| .__|_| |_|_| |_\__, | / / / /
 =========|_|==============|___/=/_/_/_/
 :: Spring Boot ::                (v3.0.3)

2024-09-30 22:09:24.455  INFO 18020 --- [    Test worker] c.a.web.AuditionCommentsControllerTest   : Starting AuditionCommentsControllerTest using Java 17.0.12 with PID 18020 (started by User in C:\Users\User\Downloads\audition-api)
2024-09-30 22:09:24.455  INFO 18020 --- [    Test worker] c.a.web.AuditionCommentsControllerTest   : No active profile set, falling back to 1 default profile: "default"
2024-09-30 22:09:24.462  INFO 18020 --- [    Test worker] o.s.c.c.c.ConfigServerConfigDataLoader   : Fetching config from server at : http://localhost:8888
2024-09-30 22:09:24.462  INFO 18020 --- [    Test worker] o.s.c.c.c.ConfigServerConfigDataLoader   : Connect Timeout Exception on Url - http://localhost:8888. Will try the next url if available
2024-09-30 22:09:24.462  WARN 18020 --- [    Test worker] o.s.c.c.c.ConfigServerConfigDataLoader   : Could not locate PropertySource ([ConfigServerConfigDataResource@716f055 uris = array<String>['http://localhost:8888'], optional = true, profiles = list['default']]): I/O error on GET request for "http://localhost:8888/application/default": Connection refused: no further information
2024-09-30 22:09:24.818  WARN 18020 --- [    Test worker] .s.s.UserDetailsServiceAutoConfiguration : 

Using generated security password: b94b5630-c00f-4734-b001-603b2cce47fd

This generated password is for development use only. Your security configuration must be updated before running your application in production.

2024-09-30 22:09:25.478  INFO 18020 --- [    Test worker] o.s.s.web.DefaultSecurityFilterChain     : Will secure any request with [org.springframework.security.web.session.DisableEncodeUrlFilter@155f1904, org.springframework.security.web.context.request.async.WebAsyncManagerIntegrationFilter@2d523345, org.springframework.security.web.context.SecurityContextHolderFilter@76e8f0ff, org.springframework.security.web.header.HeaderWriterFilter@370814b1, org.springframework.security.web.authentication.logout.LogoutFilter@3b58ade1, org.springframework.security.web.authentication.www.BasicAuthenticationFilter@6b968632, org.springframework.security.web.savedrequest.RequestCacheAwareFilter@7ce3fc2, org.springframework.security.web.servletapi.SecurityContextHolderAwareRequestFilter@7ddce5d0, org.springframework.security.web.authentication.AnonymousAuthenticationFilter@4b19b83d, org.springframework.security.web.access.ExceptionTranslationFilter@29ba7a59, org.springframework.security.web.access.intercept.AuthorizationFilter@57762b71]
2024-09-30 22:09:25.540  INFO 18020 --- [    Test worker] o.s.b.t.m.w.SpringBootMockServletContext : Initializing Spring TestDispatcherServlet ''
2024-09-30 22:09:25.540  INFO 18020 --- [    Test worker] o.s.t.web.servlet.TestDispatcherServlet  : Initializing Servlet ''
2024-09-30 22:09:25.540  INFO 18020 --- [    Test worker] o.s.t.web.servlet.TestDispatcherServlet  : Completed initialization in 0 ms
2024-09-30 22:09:25.548  INFO 18020 --- [    Test worker] c.a.web.AuditionCommentsControllerTest   : Started AuditionCommentsControllerTest in 1.344 seconds (process running for 62.618)
2024-09-30 22:09:25.580  INFO 18020 --- [    Test worker] c.a.web.AuditionCommentsController       : Fetching comments for post ID: 1
2024-09-30 22:09:25.580  INFO 18020 --- [    Test worker] c.a.web.AuditionCommentsController       : Retrieved  comments for post ID: 1
2024-09-30 22:09:25.621  INFO 18020 --- [    Test worker] c.a.web.AuditionCommentsController       : Fetching comment by ID: 999
2024-09-30 22:09:25.621  WARN 18020 --- [    Test worker] c.a.web.AuditionCommentsController       : Comment not found for ID: 999
2024-09-30 22:09:25.661  INFO 18020 --- [    Test worker] c.a.web.AuditionCommentsController       : Fetching comment by ID: 1
2024-09-30 22:09:25.697  INFO 18020 --- [    Test worker] c.a.web.AuditionCommentsController       : Fetching comment by ID: 1
2024-09-30 22:09:25.697  INFO 18020 --- [    Test worker] c.a.web.AuditionCommentsController       : Retrieved comment: AuditionComment{postId=1, id=1, name='Sample User', email='sample.user@example.com', body='Sample comment'}
]]></system-out>
  <system-err><![CDATA[]]></system-err>
</testsuite>
