<?xml version="1.0" encoding="UTF-8"?>
<testsuite name="com.audition.integration.AuditionIntegrationCommentsClientTest" tests="2" skipped="0" failures="0" errors="0" timestamp="2024-09-29T12:01:48" hostname="DESKTOP-T0DGFL0" time="1.399">
  <properties/>
  <testcase name="shouldGetComment()" classname="com.audition.integration.AuditionIntegrationCommentsClientTest" time="1.199"/>
  <testcase name="shouldGetCommentsGetComments()" classname="com.audition.integration.AuditionIntegrationCommentsClientTest" time="0.197"/>
  <system-out><![CDATA[]]></system-out>
  <system-err><![CDATA[]]></system-err>
</testsuite>
