<?xml version="1.0" encoding="UTF-8"?>
<testsuite name="com.audition.common.logging.AuditionLoggerTest" tests="3" skipped="0" failures="0" errors="0" timestamp="2024-09-30T12:09:21" hostname="DESKTOP-T0DGFL0" time="0.848">
  <properties/>
  <testcase name="shouldLogInfo()" classname="com.audition.common.logging.AuditionLoggerTest" time="0.608"/>
  <testcase name="shouldNotLogInfo()" classname="com.audition.common.logging.AuditionLoggerTest" time="0.005"/>
  <testcase name="shouldLogStandardProblemDetail()" classname="com.audition.common.logging.AuditionLoggerTest" time="0.233"/>
  <system-out><![CDATA[]]></system-out>
  <system-err><![CDATA[]]></system-err>
</testsuite>
