<?xml version="1.0" encoding="UTF-8"?>
<testsuite name="com.audition.common.logging.AuditionLoggerTest" tests="3" skipped="0" failures="0" errors="0" timestamp="2024-10-01T12:25:04" hostname="DESKTOP-T0DGFL0" time="1.204">
  <properties/>
  <testcase name="shouldLogInfo()" classname="com.audition.common.logging.AuditionLoggerTest" time="0.903"/>
  <testcase name="shouldNotLogInfo()" classname="com.audition.common.logging.AuditionLoggerTest" time="0.004"/>
  <testcase name="shouldLogStandardProblemDetail()" classname="com.audition.common.logging.AuditionLoggerTest" time="0.295"/>
  <system-out><![CDATA[]]></system-out>
  <system-err><![CDATA[]]></system-err>
</testsuite>
