<?xml version="1.0" encoding="UTF-8"?>
<testsuite name="com.audition.AuditionPostByIdControllerIntegrationTest" tests="4" skipped="0" failures="0" errors="0" timestamp="2024-10-01T07:18:45" hostname="DESKTOP-T0DGFL0" time="0.734">
  <properties/>
  <testcase name="shouldFailForWrongMediaType()" classname="com.audition.AuditionPostByIdControllerIntegrationTest" time="0.329"/>
  <testcase name="shouldReturnAuditionPostById()" classname="com.audition.AuditionPostByIdControllerIntegrationTest" time="0.17"/>
  <testcase name="shouldReturnEmptyListForUserWithNoPosts()" classname="com.audition.AuditionPostByIdControllerIntegrationTest" time="0.123"/>
  <testcase name="shouldFailForWrongMediaTypeWithComments()" classname="com.audition.AuditionPostByIdControllerIntegrationTest" time="0.106"/>
  <system-out><![CDATA[2024-10-01 17:18:38.633  INFO 3844 --- [    Test worker] t.c.s.AnnotationConfigContextLoaderUtils : Could not detect default configuration classes for test class [com.audition.AuditionPostByIdControllerIntegrationTest]: AuditionPostByIdControllerIntegrationTest does not declare any static, non-private, non-final, nested classes annotated with @Configuration.
2024-10-01 17:18:38.640  INFO 3844 --- [    Test worker] .b.t.c.SpringBootTestContextBootstrapper : Found @SpringBootConfiguration com.audition.AuditionApplication for test class com.audition.AuditionPostByIdControllerIntegrationTest
2024-10-01 17:18:38.652  INFO 3844 --- [    Test worker] org.eclipse.jetty.server.Server          : jetty-11.0.13; built: 2022-12-07T20:47:15.149Z; git: a04bd1ccf844cf9bebc12129335d7493111cbff6; jvm 17.0.12+8-LTS-286
2024-10-01 17:18:38.652  INFO 3844 --- [    Test worker] o.e.jetty.server.handler.ContextHandler  : Started o.e.j.s.ServletContextHandler@c870a68{/__admin,null,AVAILABLE}
2024-10-01 17:18:38.656  INFO 3844 --- [    Test worker] o.e.j.s.handler.ContextHandler.ROOT      : RequestHandlerClass from context returned com.github.tomakehurst.wiremock.http.StubRequestHandler. Normalized mapped under returned 'null'
2024-10-01 17:18:38.656  INFO 3844 --- [    Test worker] o.e.jetty.server.handler.ContextHandler  : Started o.e.j.s.ServletContextHandler@6fe7b99a{/,null,AVAILABLE}
2024-10-01 17:18:38.663  INFO 3844 --- [    Test worker] o.e.jetty.server.AbstractConnector       : Started NetworkTrafficServerConnector@3222940e{HTTP/1.1, (http/1.1, h2c)}{0.0.0.0:62302}
2024-10-01 17:18:38.664  INFO 3844 --- [    Test worker] org.eclipse.jetty.server.Server          : Started Server@63a846fe{STARTING}[11.0.13,sto=1000] @34879ms
17:18:38,887 |-INFO in ch.qos.logback.core.joran.util.ConfigurationWatchListUtil@29c471f6 - Adding [jar:file:/C:/Users/User/.gradle/caches/modules-2/files-2.1/org.springframework.boot/spring-boot/3.0.3/d781e7afbeb3d05ce361e9cc4fa7d38b15fb3862/spring-boot-3.0.3.jar!/org/springframework/boot/logging/logback/defaults.xml] to configuration watch list.
17:18:38,887 |-INFO in ch.qos.logback.core.joran.spi.ConfigurationWatchList@5456a012 - URL [jar:file:/C:/Users/User/.gradle/caches/modules-2/files-2.1/org.springframework.boot/spring-boot/3.0.3/d781e7afbeb3d05ce361e9cc4fa7d38b15fb3862/spring-boot-3.0.3.jar!/org/springframework/boot/logging/logback/defaults.xml] is not of type file
17:18:38,893 |-INFO in ch.qos.logback.core.joran.action.ConversionRuleAction - registering conversion word clr with class [org.springframework.boot.logging.logback.ColorConverter]
17:18:38,893 |-INFO in ch.qos.logback.core.joran.action.ConversionRuleAction - registering conversion word wex with class [org.springframework.boot.logging.logback.WhitespaceThrowableProxyConverter]
17:18:38,893 |-INFO in ch.qos.logback.core.joran.action.ConversionRuleAction - registering conversion word wEx with class [org.springframework.boot.logging.logback.ExtendedWhitespaceThrowableProxyConverter]
17:18:38,895 |-INFO in ch.qos.logback.core.model.processor.AppenderModelHandler - Processing appender named [console]
17:18:38,895 |-INFO in ch.qos.logback.core.model.processor.AppenderModelHandler - About to instantiate appender of type [ch.qos.logback.core.ConsoleAppender]
17:18:38,895 |-INFO in ch.qos.logback.core.model.processor.ImplicitModelHandler - Assuming default type [ch.qos.logback.classic.encoder.PatternLayoutEncoder] for [encoder] property
17:18:38,895 |-WARN in ch.qos.logback.core.model.processor.AppenderModelHandler - Appender named [flatfile] not referenced. Skipping further processing.
17:18:38,895 |-WARN in ch.qos.logback.core.model.processor.AppenderModelHandler - Appender named [logstash] not referenced. Skipping further processing.
17:18:38,895 |-INFO in ch.qos.logback.classic.model.processor.LoggerModelHandler - Setting level of logger [org.apache.catalina.startup.DigesterFactory] to ERROR
17:18:38,895 |-INFO in ch.qos.logback.classic.jul.LevelChangePropagator@6d79c8b5 - Propagating ERROR level on Logger[org.apache.catalina.startup.DigesterFactory] onto the JUL framework
17:18:38,895 |-INFO in ch.qos.logback.classic.model.processor.LoggerModelHandler - Setting level of logger [org.apache.catalina.util.LifecycleBase] to ERROR
17:18:38,895 |-INFO in ch.qos.logback.classic.jul.LevelChangePropagator@6d79c8b5 - Propagating ERROR level on Logger[org.apache.catalina.util.LifecycleBase] onto the JUL framework
17:18:38,895 |-INFO in ch.qos.logback.classic.model.processor.LoggerModelHandler - Setting level of logger [org.apache.coyote.http11.Http11NioProtocol] to WARN
17:18:38,895 |-INFO in ch.qos.logback.classic.jul.LevelChangePropagator@6d79c8b5 - Propagating WARN level on Logger[org.apache.coyote.http11.Http11NioProtocol] onto the JUL framework
17:18:38,895 |-INFO in ch.qos.logback.classic.model.processor.LoggerModelHandler - Setting level of logger [org.apache.sshd.common.util.SecurityUtils] to WARN
17:18:38,895 |-INFO in ch.qos.logback.classic.jul.LevelChangePropagator@6d79c8b5 - Propagating WARN level on Logger[org.apache.sshd.common.util.SecurityUtils] onto the JUL framework
17:18:38,895 |-INFO in ch.qos.logback.classic.model.processor.LoggerModelHandler - Setting level of logger [org.apache.tomcat.util.net.NioSelectorPool] to WARN
17:18:38,895 |-INFO in ch.qos.logback.classic.jul.LevelChangePropagator@6d79c8b5 - Propagating WARN level on Logger[org.apache.tomcat.util.net.NioSelectorPool] onto the JUL framework
17:18:38,895 |-INFO in ch.qos.logback.classic.model.processor.LoggerModelHandler - Setting level of logger [org.eclipse.jetty.util.component.AbstractLifeCycle] to ERROR
17:18:38,895 |-INFO in ch.qos.logback.classic.jul.LevelChangePropagator@6d79c8b5 - Propagating ERROR level on Logger[org.eclipse.jetty.util.component.AbstractLifeCycle] onto the JUL framework
17:18:38,895 |-INFO in ch.qos.logback.classic.model.processor.LoggerModelHandler - Setting level of logger [org.hibernate.validator.internal.util.Version] to WARN
17:18:38,895 |-INFO in ch.qos.logback.classic.jul.LevelChangePropagator@6d79c8b5 - Propagating WARN level on Logger[org.hibernate.validator.internal.util.Version] onto the JUL framework
17:18:38,895 |-INFO in ch.qos.logback.classic.model.processor.LoggerModelHandler - Setting level of logger [org.springframework.boot.actuate.endpoint.jmx] to WARN
17:18:38,895 |-INFO in ch.qos.logback.classic.jul.LevelChangePropagator@6d79c8b5 - Propagating WARN level on Logger[org.springframework.boot.actuate.endpoint.jmx] onto the JUL framework
17:18:38,895 |-INFO in ch.qos.logback.classic.model.processor.RootLoggerModelHandler - Setting level of ROOT logger to INFO
17:18:38,895 |-INFO in ch.qos.logback.classic.jul.LevelChangePropagator@6d79c8b5 - Propagating INFO level on Logger[ROOT] onto the JUL framework
17:18:38,895 |-INFO in ch.qos.logback.core.model.processor.AppenderRefModelHandler - Attaching appender named [console] to Logger[ROOT]
17:18:38,895 |-INFO in ch.qos.logback.core.model.processor.DefaultProcessor@79dca6fe - End of configuration.
17:18:38,895 |-INFO in org.springframework.boot.logging.logback.SpringBootJoranConfigurator@276a60 - Registering current configuration as safe fallback point


  .   ____          _            __ _ _
 /\\ / ___'_ __ _ _(_)_ __  __ _ \ \ \ \
( ( )\___ | '_ | '_| | '_ \/ _` | \ \ \ \
 \\/  ___)| |_)| | | | | || (_| |  ) ) ) )
  '  |____| .__|_| |_|_| |_\__, | / / / /
 =========|_|==============|___/=/_/_/_/
 :: Spring Boot ::                (v3.0.3)

2024-10-01 17:18:38.908  INFO 3844 --- [    Test worker] uditionPostByIdControllerIntegrationTest : Starting AuditionPostByIdControllerIntegrationTest using Java 17.0.12 with PID 3844 (started by User in C:\Users\User\Downloads\audition-api)
2024-10-01 17:18:38.908  INFO 3844 --- [    Test worker] uditionPostByIdControllerIntegrationTest : No active profile set, falling back to 1 default profile: "default"
2024-10-01 17:18:38.908  INFO 3844 --- [    Test worker] o.s.c.c.c.ConfigServerConfigDataLoader   : Fetching config from server at : http://localhost:8888
2024-10-01 17:18:38.908  INFO 3844 --- [    Test worker] o.s.c.c.c.ConfigServerConfigDataLoader   : Connect Timeout Exception on Url - http://localhost:8888. Will try the next url if available
2024-10-01 17:18:38.908  WARN 3844 --- [    Test worker] o.s.c.c.c.ConfigServerConfigDataLoader   : Could not locate PropertySource ([ConfigServerConfigDataResource@1cf4bc59 uris = array<String>['http://localhost:8888'], optional = true, profiles = list['default']]): I/O error on GET request for "http://localhost:8888/application/default": Connection refused: no further information
2024-10-01 17:18:39.892  INFO 3844 --- [    Test worker] o.s.cloud.context.scope.GenericScope     : BeanFactory id=f70c0464-7a74-35f3-ae73-ed547d031ccb
2024-10-01 17:18:40.192  INFO 3844 --- [    Test worker] o.s.b.w.embedded.tomcat.TomcatWebServer  : Tomcat initialized with port(s): 0 (http)
2024-10-01 17:18:40.192  INFO 3844 --- [    Test worker] o.apache.catalina.core.StandardService   : Starting service [Tomcat]
2024-10-01 17:18:40.192  INFO 3844 --- [    Test worker] o.apache.catalina.core.StandardEngine    : Starting Servlet engine: [Apache Tomcat/10.1.5]
2024-10-01 17:18:40.271  INFO 3844 --- [    Test worker] o.a.c.c.C.[Tomcat-1].[localhost].[/]     : Initializing Spring embedded WebApplicationContext
2024-10-01 17:18:40.271  INFO 3844 --- [    Test worker] w.s.c.ServletWebServerApplicationContext : Root WebApplicationContext: initialization completed in 1363 ms
2024-10-01 17:18:43.167  INFO 3844 --- [    Test worker] o.s.b.a.e.web.EndpointLinksResolver      : Exposing 1 endpoint(s) beneath base path '/actuator'
2024-10-01 17:18:43.243  INFO 3844 --- [    Test worker] o.s.s.web.DefaultSecurityFilterChain     : Will secure any request with [org.springframework.security.web.session.DisableEncodeUrlFilter@38cd40af, org.springframework.security.web.context.request.async.WebAsyncManagerIntegrationFilter@5f7511eb, org.springframework.security.web.context.SecurityContextHolderFilter@4b1ca7a, org.springframework.security.web.header.HeaderWriterFilter@2eeed8d4, org.springframework.security.web.authentication.logout.LogoutFilter@5a84e9e1, org.springframework.security.web.authentication.www.BasicAuthenticationFilter@3fe73f7, org.springframework.security.web.savedrequest.RequestCacheAwareFilter@26975ae, org.springframework.security.web.servletapi.SecurityContextHolderAwareRequestFilter@bfe47c8, org.springframework.security.web.authentication.AnonymousAuthenticationFilter@6fdf0b8a, org.springframework.security.web.access.ExceptionTranslationFilter@46ade696, org.springframework.security.web.access.intercept.FilterSecurityInterceptor@60c27905]
2024-10-01 17:18:44.465  INFO 3844 --- [    Test worker] o.a.c.c.C.[Tomcat-1].[localhost].[/]     : Initializing Spring TestDispatcherServlet ''
2024-10-01 17:18:44.465  INFO 3844 --- [    Test worker] o.s.t.web.servlet.TestDispatcherServlet  : Initializing Servlet ''
2024-10-01 17:18:44.465  INFO 3844 --- [    Test worker] o.s.t.web.servlet.TestDispatcherServlet  : Completed initialization in 0 ms
2024-10-01 17:18:44.782  INFO 3844 --- [    Test worker] o.s.b.w.embedded.tomcat.TomcatWebServer  : Tomcat started on port(s): 62304 (http) with context path ''
2024-10-01 17:18:44.998  INFO 3844 --- [    Test worker] uditionPostByIdControllerIntegrationTest : Started AuditionPostByIdControllerIntegrationTest in 6.344 seconds (process running for 41.227)
2024-10-01 17:18:45.495  INFO 3844 --- [    Test worker] c.audition.web.AuditionPostsController   : Received request to get post by ID: 1
2024-10-01 17:18:45.613  INFO 3844 --- [    Test worker] c.audition.web.AuditionPostsController   : Received request to get post by ID: 3
2024-10-01 17:18:45.755  INFO 3844 --- [    Test worker] org.eclipse.jetty.server.Server          : Stopped Server@63a846fe{STOPPING}[11.0.13,sto=1000]
2024-10-01 17:18:45.755  INFO 3844 --- [    Test worker] org.eclipse.jetty.server.Server          : Shutdown Server@63a846fe{STOPPING}[11.0.13,sto=1000]
2024-10-01 17:18:45.757  INFO 3844 --- [    Test worker] o.e.jetty.server.AbstractConnector       : Stopped NetworkTrafficServerConnector@3222940e{HTTP/1.1, (http/1.1, h2c)}{0.0.0.0:0}
2024-10-01 17:18:45.757  INFO 3844 --- [    Test worker] o.e.jetty.server.handler.ContextHandler  : Stopped o.e.j.s.ServletContextHandler@6fe7b99a{/,null,STOPPED}
2024-10-01 17:18:45.757  INFO 3844 --- [    Test worker] o.e.jetty.server.handler.ContextHandler  : Stopped o.e.j.s.ServletContextHandler@c870a68{/__admin,null,STOPPED}
]]></system-out>
  <system-err><![CDATA[]]></system-err>
</testsuite>
