<?xml version="1.0" encoding="UTF-8"?>
<testsuite name="com.audition.AuditionCommentsControllerIntegrationTest" tests="2" skipped="0" failures="0" errors="0" timestamp="2024-10-01T07:18:35" hostname="DESKTOP-T0DGFL0" time="3.113">
  <properties/>
  <testcase name="shouldReturnCommentId()" classname="com.audition.AuditionCommentsControllerIntegrationTest" time="2.896"/>
  <testcase name="shouldReturnCommentsForPostId()" classname="com.audition.AuditionCommentsControllerIntegrationTest" time="0.212"/>
  <system-out><![CDATA[17:18:09.664 [Test worker] DEBUG org.springframework.boot.test.context.SpringBootTestContextBootstrapper - Neither @ContextConfiguration nor @ContextHierarchy found for test class [AuditionCommentsControllerIntegrationTest]: using SpringBootContextLoader
17:18:09.706 [Test worker] DEBUG org.springframework.test.context.support.AbstractContextLoader - Could not detect default resource locations for test class [com.audition.AuditionCommentsControllerIntegrationTest]: no resource found for suffixes {-context.xml, Context.groovy}.
17:18:09.722 [Test worker] INFO org.springframework.test.context.support.AnnotationConfigContextLoaderUtils - Could not detect default configuration classes for test class [com.audition.AuditionCommentsControllerIntegrationTest]: AuditionCommentsControllerIntegrationTest does not declare any static, non-private, non-final, nested classes annotated with @Configuration.
17:18:10.020 [Test worker] DEBUG org.springframework.boot.test.context.SpringBootTestContextBootstrapper - Using ContextCustomizers for test class [AuditionCommentsControllerIntegrationTest]: [DisableObservabilityContextCustomizer, PropertyMappingContextCustomizer, Customizer, ImportsContextCustomizer, ExcludeFilterContextCustomizer, DuplicateJsonObjectContextCustomizer, MockitoContextCustomizer, TestRestTemplateContextCustomizer, WebTestClientContextCustomizer, DynamicPropertiesContextCustomizer]
17:18:10.480 [Test worker] DEBUG org.springframework.context.annotation.ClassPathScanningCandidateComponentProvider - Identified candidate component class: file [C:\Users\User\Downloads\audition-api\build\classes\java\main\com\audition\AuditionApplication.class]
17:18:10.480 [Test worker] INFO org.springframework.boot.test.context.SpringBootTestContextBootstrapper - Found @SpringBootConfiguration com.audition.AuditionApplication for test class com.audition.AuditionCommentsControllerIntegrationTest
17:18:11.446 [Test worker] DEBUG org.springframework.boot.test.context.SpringBootTestContextBootstrapper - Using TestExecutionListeners for test class [AuditionCommentsControllerIntegrationTest]: [ServletTestExecutionListener, DirtiesContextBeforeModesTestExecutionListener, ApplicationEventsTestExecutionListener, MockitoTestExecutionListener, DependencyInjectionTestExecutionListener, DirtiesContextTestExecutionListener, TransactionalTestExecutionListener, SqlScriptsTestExecutionListener, EventPublishingTestExecutionListener, RestDocsTestExecutionListener, MockRestServiceServerResetTestExecutionListener, MockMvcPrintOnlyOnFailureTestExecutionListener, WebDriverTestExecutionListener, MockWebServiceServerTestExecutionListener, ResetMocksTestExecutionListener]
17:18:11.446 [Test worker] DEBUG org.springframework.test.context.support.AbstractDirtiesContextTestExecutionListener - Before test class: class [AuditionCommentsControllerIntegrationTest], class annotated with @DirtiesContext [false] with mode [null]
17:18:13.535 [Test worker] DEBUG org.eclipse.jetty.util.component.ContainerLifeCycle - QueuedThreadPool[qtp615280623]@24ac6fef{STOPPED,8<=0<=25,i=0,r=-1,q=0}[NO_TRY] added {org.eclipse.jetty.util.thread.ThreadPoolBudget@6d7556a8,POJO}
17:18:13.535 [Test worker] DEBUG org.eclipse.jetty.util.component.ContainerLifeCycle - Server@1ac25dbb{STOPPED}[11.0.13,sto=0] added {QueuedThreadPool[qtp615280623]@24ac6fef{STOPPED,8<=0<=25,i=0,r=-1,q=0}[NO_TRY],AUTO}
17:18:13.573 [Test worker] DEBUG org.eclipse.jetty.util.component.ContainerLifeCycle - Server@1ac25dbb{STOPPED}[11.0.13,sto=0] added {AttributeContainerMap@4db568e1{size=0},AUTO}
17:18:13.652 [Test worker] DEBUG org.eclipse.jetty.util.component.ContainerLifeCycle - HttpConnectionFactory@20afd96f[HTTP/1.1] added {HttpConfiguration@565a6af{32768/8192,32768/32768,https://:0,[SecureRequestCustomizer@21bf308]},POJO}
17:18:13.731 [Test worker] DEBUG org.eclipse.jetty.util.component.ContainerLifeCycle - HTTP2CServerConnectionFactory@1a7a21d0[h2c] added {HTTP2SessionContainer@bb21063[size=0],POJO}
17:18:13.731 [Test worker] DEBUG org.eclipse.jetty.util.component.ContainerLifeCycle - HTTP2CServerConnectionFactory@1a7a21d0[h2c] added {HttpConfiguration@565a6af{32768/8192,32768/32768,https://:0,[SecureRequestCustomizer@21bf308]},POJO}
17:18:13.763 [Test worker] DEBUG org.eclipse.jetty.util.component.ContainerLifeCycle - NetworkTrafficServerConnector@1bde9a22{null, ()}{0.0.0.0:0} added {QueuedThreadPool[qtp615280623]@24ac6fef{STOPPED,8<=0<=25,i=0,r=-1,q=0}[NO_TRY],AUTO}
17:18:13.780 [Test worker] DEBUG org.eclipse.jetty.util.component.ContainerLifeCycle - NetworkTrafficServerConnector@1bde9a22{null, ()}{0.0.0.0:0} added {ScheduledExecutorScheduler@3a8ead9{STOPPED},AUTO}
17:18:13.820 [Test worker] DEBUG org.eclipse.jetty.util.component.ContainerLifeCycle - Server@1ac25dbb{STOPPED}[11.0.13,sto=0] added {LogarithmicArrayByteBufferPool@5a31abe9{minBufferCapacity=0, maxBufferCapacity=65536, maxQueueLength=-1, factor=4096},POJO}
17:18:13.821 [Test worker] DEBUG org.eclipse.jetty.util.component.ContainerLifeCycle - NetworkTrafficServerConnector@1bde9a22{null, ()}{0.0.0.0:0} added {LogarithmicArrayByteBufferPool@5a31abe9{minBufferCapacity=0, maxBufferCapacity=65536, maxQueueLength=-1, factor=4096},UNMANAGED}
17:18:13.823 [Test worker] DEBUG org.eclipse.jetty.util.component.ContainerLifeCycle - NetworkTrafficServerConnector@1bde9a22{null, ()}{0.0.0.0:0} added {org.eclipse.jetty.io.LogarithmicArrayByteBufferPool$LogarithmicRetainablePool@2dacda9a{min=0,max=65536,buckets=17,heap=0/-1,direct=0/-1},POJO}
17:18:13.827 [Test worker] DEBUG org.eclipse.jetty.util.component.ContainerLifeCycle - NetworkTrafficServerConnector@1bde9a22{null, ()}{0.0.0.0:0} added {org.eclipse.jetty.server.AbstractConnector$1@24a7d3d3,POJO}
17:18:13.828 [Test worker] DEBUG org.eclipse.jetty.util.component.ContainerLifeCycle - NetworkTrafficServerConnector@1bde9a22{null, (http/1.1)}{0.0.0.0:0} added {HttpConnectionFactory@20afd96f[HTTP/1.1],AUTO}
17:18:13.828 [Test worker] DEBUG org.eclipse.jetty.server.AbstractConnector - NetworkTrafficServerConnector@1bde9a22{HTTP/1.1, (http/1.1)}{0.0.0.0:0} added HttpConnectionFactory@20afd96f[HTTP/1.1]
17:18:13.828 [Test worker] DEBUG org.eclipse.jetty.util.component.ContainerLifeCycle - NetworkTrafficServerConnector@1bde9a22{HTTP/1.1, (http/1.1, h2c)}{0.0.0.0:0} added {HTTP2CServerConnectionFactory@1a7a21d0[h2c],AUTO}
17:18:13.828 [Test worker] DEBUG org.eclipse.jetty.server.AbstractConnector - NetworkTrafficServerConnector@1bde9a22{HTTP/1.1, (http/1.1, h2c)}{0.0.0.0:0} added HTTP2CServerConnectionFactory@1a7a21d0[h2c]
17:18:13.844 [Test worker] DEBUG org.eclipse.jetty.util.component.ContainerLifeCycle - NetworkTrafficServerConnector@1bde9a22{HTTP/1.1, (http/1.1, h2c)}{0.0.0.0:0} added {SelectorManager@NetworkTrafficServerConnector@1bde9a22{HTTP/1.1, (http/1.1, h2c)}{0.0.0.0:0},MANAGED}
17:18:13.848 [Test worker] DEBUG org.eclipse.jetty.util.component.ContainerLifeCycle - Server@1ac25dbb{STOPPED}[11.0.13,sto=0] added {NetworkTrafficServerConnector@1bde9a22{HTTP/1.1, (http/1.1, h2c)}{0.0.0.0:0},AUTO}
17:18:13.926 [Test worker] DEBUG org.eclipse.jetty.util.component.ContainerLifeCycle - Server@1ac25dbb{STOPPED}[11.0.13,sto=0] added {o.e.j.s.ServletContextHandler@6cf3b3d7{/__admin,null,STOPPED},MANAGED}
17:18:13.949 [Test worker] DEBUG org.eclipse.jetty.util.component.ContainerLifeCycle - o.e.j.s.ServletContextHandler@6cf3b3d7{/__admin,null,STOPPED} added {ServletHandler@3d5f08d4{STOPPED},MANAGED}
17:18:13.980 [Test worker] DEBUG org.eclipse.jetty.util.component.ContainerLifeCycle - ServletHandler@3d5f08d4{STOPPED} added {org.eclipse.jetty.servlet.DefaultServlet-5020e5ab==org.eclipse.jetty.servlet.DefaultServlet@c5aa2949{jsp=null,order=-1,inst=false,async=true,src=EMBEDDED:null,STOPPED},AUTO}
17:18:13.980 [Test worker] DEBUG org.eclipse.jetty.util.component.ContainerLifeCycle - ServletHandler@3d5f08d4{STOPPED} added {[/swagger-ui/*]=>org.eclipse.jetty.servlet.DefaultServlet-5020e5ab,POJO}
17:18:13.996 [Test worker] DEBUG org.eclipse.jetty.util.component.ContainerLifeCycle - ServletHandler@3d5f08d4{STOPPED} added {org.eclipse.jetty.servlet.DefaultServlet-544e6b==org.eclipse.jetty.servlet.DefaultServlet@60994f5b{jsp=null,order=-1,inst=false,async=true,src=EMBEDDED:null,STOPPED},AUTO}
17:18:13.996 [Test worker] DEBUG org.eclipse.jetty.util.component.ContainerLifeCycle - ServletHandler@3d5f08d4{STOPPED} added {[/recorder/*]=>org.eclipse.jetty.servlet.DefaultServlet-544e6b,POJO}
17:18:13.996 [Test worker] DEBUG org.eclipse.jetty.util.component.ContainerLifeCycle - ServletHandler@3d5f08d4{STOPPED} added {com.github.tomakehurst.wiremock.servlet.WireMockHandlerDispatchingServlet-71de1091==com.github.tomakehurst.wiremock.servlet.WireMockHandlerDispatchingServlet@8026d6a0{jsp=null,order=-1,inst=false,async=true,src=EMBEDDED:null,STOPPED},AUTO}
17:18:13.996 [Test worker] DEBUG org.eclipse.jetty.util.component.ContainerLifeCycle - ServletHandler@3d5f08d4{STOPPED} added {[/]=>com.github.tomakehurst.wiremock.servlet.WireMockHandlerDispatchingServlet-71de1091,POJO}
17:18:13.996 [Test worker] DEBUG org.eclipse.jetty.util.component.ContainerLifeCycle - ServletHandler@3d5f08d4{STOPPED} added {com.github.tomakehurst.wiremock.servlet.NotMatchedServlet-5f4f6f89==com.github.tomakehurst.wiremock.servlet.NotMatchedServlet@90995ec6{jsp=null,order=-1,inst=false,async=true,src=EMBEDDED:null,STOPPED},AUTO}
17:18:13.996 [Test worker] DEBUG org.eclipse.jetty.util.component.ContainerLifeCycle - ServletHandler@3d5f08d4{STOPPED} added {[/not-matched]=>com.github.tomakehurst.wiremock.servlet.NotMatchedServlet-5f4f6f89,POJO}
17:18:14.012 [Test worker] DEBUG org.eclipse.jetty.util.component.ContainerLifeCycle - ServletHandler@3d5f08d4{STOPPED} added {org.eclipse.jetty.servlets.CrossOriginFilter-339cde4b==org.eclipse.jetty.servlets.CrossOriginFilter@339cde4b{inst=false,async=true,src=EMBEDDED:null},AUTO}
17:18:14.028 [Test worker] DEBUG org.eclipse.jetty.util.component.ContainerLifeCycle - ServletHandler@3d5f08d4{STOPPED} added {[/*]/[]/[]=>org.eclipse.jetty.servlets.CrossOriginFilter-339cde4b,POJO}
17:18:14.059 [Test worker] DEBUG org.eclipse.jetty.util.component.ContainerLifeCycle - Server@1ac25dbb{STOPPED}[11.0.13,sto=0] added {o.e.j.s.ServletContextHandler@19de32cb{/,null,STOPPED},MANAGED}
17:18:14.059 [Test worker] DEBUG org.eclipse.jetty.util.component.ContainerLifeCycle - o.e.j.s.ServletContextHandler@19de32cb{/,null,STOPPED} added {ServletHandler@7872e91f{STOPPED},MANAGED}
17:18:14.059 [Test worker] DEBUG org.eclipse.jetty.util.component.ContainerLifeCycle - ServletHandler@7872e91f{STOPPED} added {org.eclipse.jetty.servlet.DefaultServlet-10b2c1cf==org.eclipse.jetty.servlet.DefaultServlet@78294b1f{jsp=null,order=-1,inst=false,async=true,src=EMBEDDED:null,STOPPED},AUTO}
17:18:14.059 [Test worker] DEBUG org.eclipse.jetty.util.component.ContainerLifeCycle - ServletHandler@7872e91f{STOPPED} added {[/__files/*]=>org.eclipse.jetty.servlet.DefaultServlet-10b2c1cf,POJO}
17:18:14.075 [Test worker] DEBUG org.eclipse.jetty.util.component.ContainerLifeCycle - ServletHandler@7872e91f{STOPPED} added {com.github.tomakehurst.wiremock.servlet.WireMockHandlerDispatchingServlet-38363e96==com.github.tomakehurst.wiremock.servlet.WireMockHandlerDispatchingServlet@fcbbaa85{jsp=null,order=-1,inst=false,async=true,src=EMBEDDED:null,STOPPED},AUTO}
17:18:14.075 [Test worker] DEBUG org.eclipse.jetty.util.component.ContainerLifeCycle - ServletHandler@7872e91f{STOPPED} added {[/]=>com.github.tomakehurst.wiremock.servlet.WireMockHandlerDispatchingServlet-38363e96,POJO}
17:18:14.091 [Test worker] DEBUG org.eclipse.jetty.http.PreEncodedHttpField - HttpField encoders loaded: [org.eclipse.jetty.http2.hpack.HpackFieldPreEncoder@63062eea, org.eclipse.jetty.http.Http1FieldPreEncoder@7bad18f5]
17:18:14.207 [Test worker] DEBUG org.eclipse.jetty.util.component.ContainerLifeCycle - o.e.j.s.ServletContextHandler@19de32cb{/,null,STOPPED} added {NotFoundHandler@38b0e2a7{STOPPED},MANAGED}
17:18:14.209 [Test worker] DEBUG org.eclipse.jetty.util.component.ContainerLifeCycle - ServletHandler@7872e91f{STOPPED} added {com.github.tomakehurst.wiremock.servlet.ContentTypeSettingFilter-4902c584==com.github.tomakehurst.wiremock.servlet.ContentTypeSettingFilter@4902c584{inst=false,async=true,src=EMBEDDED:null},AUTO}
17:18:14.210 [Test worker] DEBUG org.eclipse.jetty.util.component.ContainerLifeCycle - ServletHandler@7872e91f{STOPPED} added {[/__files/*]/[]/[]=>com.github.tomakehurst.wiremock.servlet.ContentTypeSettingFilter-4902c584,POJO}
17:18:14.212 [Test worker] DEBUG org.eclipse.jetty.util.component.ContainerLifeCycle - ServletHandler@7872e91f{STOPPED} added {com.github.tomakehurst.wiremock.servlet.TrailingSlashFilter-92b1bda==com.github.tomakehurst.wiremock.servlet.TrailingSlashFilter@92b1bda{inst=false,async=true,src=EMBEDDED:null},AUTO}
17:18:14.212 [Test worker] DEBUG org.eclipse.jetty.util.component.ContainerLifeCycle - ServletHandler@7872e91f{STOPPED} added {[/__files/*]/[]/[]=>com.github.tomakehurst.wiremock.servlet.TrailingSlashFilter-92b1bda,POJO}
17:18:14.212 [Test worker] DEBUG org.eclipse.jetty.util.component.ContainerLifeCycle - HandlerCollection@104cf647{STOPPED} added {o.e.j.s.ServletContextHandler@6cf3b3d7{/__admin,null,STOPPED},AUTO}
17:18:14.212 [Test worker] DEBUG org.eclipse.jetty.util.component.ContainerLifeCycle - HandlerCollection@104cf647{STOPPED} added {AbstractHandler@66779435{STOPPED},AUTO}
17:18:14.258 [Test worker] DEBUG org.eclipse.jetty.http.pathmap.ServletPathSpec - Creating ServletPathSpec[*.svgz] (group: SUFFIX_GLOB, prefix: "null", suffix: "svgz")
17:18:14.258 [Test worker] DEBUG org.eclipse.jetty.http.pathmap.PathMappings - Added MappedResource[pathSpec=ServletPathSpec@9727ded2{*.svgz},resource=true] to PathMappings[size=1]
17:18:14.258 [Test worker] DEBUG org.eclipse.jetty.server.handler.gzip.GzipHandler - GzipHandler@50a095cb{STOPPED,min=32,inflate=-1} mime types IncludeExclude@3f2afa8b{i=[],ip=CONTAINS,e=[image/ief, image/vnd.wap.wbmp, image/jpeg, application/bzip2, image/x-portable-graymap, application/brotli, image/bmp, image/gif, image/x-icon, image/apng, audio/midi, image/webp, video/x-msvideo, image/x-xbitmap, application/x-rar-compressed, text/event-stream, image/avif, image/x-portable-bitmap, image/x-rgb, image/x-cmu-raster, application/gzip, audio/x-wav, audio/x-pn-realaudio, audio/basic, application/compress, audio/x-aiff, video/x.ms.asx, video/x.ms.asf, image/png, video/vnd.rn-realvideo, image/x-xwindowdump, image/jpeg2000, video/x-sgi-movie, audio/mpeg, image/xcf, video/mpeg, image/x-portable-pixmap, image/tiff, image/x-portable-anymap, image/x-xpixmap, application/zip, video/quicktime, application/x-xz, video/mp4],ep=CONTAINS}
17:18:14.258 [Test worker] DEBUG org.eclipse.jetty.util.component.ContainerLifeCycle - GzipHandler@50a095cb{STOPPED,min=32,inflate=-1} added {o.e.j.s.ServletContextHandler@19de32cb{/,null,STOPPED},MANAGED}
17:18:14.258 [Test worker] DEBUG org.eclipse.jetty.util.component.ContainerLifeCycle - HandlerCollection@104cf647{STOPPED} added {GzipHandler@50a095cb{STOPPED,min=32,inflate=-1},AUTO}
17:18:14.274 [Test worker] DEBUG org.eclipse.jetty.util.component.ContainerLifeCycle - Server@1ac25dbb{STOPPED}[11.0.13,sto=0] added {HandlerCollection@104cf647{STOPPED},MANAGED}
17:18:15.439 [Test worker] DEBUG org.eclipse.jetty.util.component.AbstractLifeCycle - STARTING Server@1ac25dbb{STOPPED}[11.0.13,sto=1000]
17:18:15.439 [Test worker] DEBUG org.eclipse.jetty.util.component.ContainerLifeCycle - Server@1ac25dbb{STARTING}[11.0.13,sto=1000] added {ErrorHandler@4cc4f6bd{STOPPED},AUTO}
17:18:15.439 [Test worker] INFO org.eclipse.jetty.server.Server - jetty-11.0.13; built: 2022-12-07T20:47:15.149Z; git: a04bd1ccf844cf9bebc12129335d7493111cbff6; jvm 17.0.12+8-LTS-286
17:18:15.493 [Test worker] DEBUG org.eclipse.jetty.server.AbstractConnector - Could not configure SO_REUSEPORT to false on sun.nio.ch.ServerSocketChannelImpl[unbound]
java.lang.UnsupportedOperationException: 'SO_REUSEPORT' not supported
	at java.base/sun.nio.ch.ServerSocketChannelImpl.setOption(ServerSocketChannelImpl.java:212)
	at org.eclipse.jetty.server.ServerConnector.setSocketOption(ServerConnector.java:355)
	at org.eclipse.jetty.server.ServerConnector.openAcceptChannel(ServerConnector.java:336)
	at org.eclipse.jetty.server.ServerConnector.open(ServerConnector.java:304)
	at org.eclipse.jetty.server.Server.lambda$doStart$0(Server.java:402)
	at java.base/java.util.stream.ForEachOps$ForEachOp$OfRef.accept(ForEachOps.java:183)
	at java.base/java.util.stream.ReferencePipeline$3$1.accept(ReferencePipeline.java:197)
	at java.base/java.util.stream.ReferencePipeline$2$1.accept(ReferencePipeline.java:179)
	at java.base/java.util.Spliterators$ArraySpliterator.forEachRemaining(Spliterators.java:992)
	at java.base/java.util.stream.AbstractPipeline.copyInto(AbstractPipeline.java:509)
	at java.base/java.util.stream.AbstractPipeline.wrapAndCopyInto(AbstractPipeline.java:499)
	at java.base/java.util.stream.ForEachOps$ForEachOp.evaluateSequential(ForEachOps.java:150)
	at java.base/java.util.stream.ForEachOps$ForEachOp$OfRef.evaluateSequential(ForEachOps.java:173)
	at java.base/java.util.stream.AbstractPipeline.evaluate(AbstractPipeline.java:234)
	at java.base/java.util.stream.ReferencePipeline.forEach(ReferencePipeline.java:596)
	at org.eclipse.jetty.server.Server.doStart(Server.java:398)
	at org.eclipse.jetty.util.component.AbstractLifeCycle.start(AbstractLifeCycle.java:93)
	at com.github.tomakehurst.wiremock.jetty.JettyHttpServer.start(JettyHttpServer.java:139)
	at com.github.tomakehurst.wiremock.WireMockServer.start(WireMockServer.java:189)
	at com.github.tomakehurst.wiremock.junit5.WireMockExtension.startServerIfRequired(WireMockExtension.java:216)
	at com.github.tomakehurst.wiremock.junit5.WireMockExtension.beforeAll(WireMockExtension.java:282)
	at org.junit.jupiter.engine.descriptor.ClassBasedTestDescriptor.lambda$invokeBeforeAllCallbacks$12(ClassBasedTestDescriptor.java:395)
	at org.junit.platform.engine.support.hierarchical.ThrowableCollector.execute(ThrowableCollector.java:73)
	at org.junit.jupiter.engine.descriptor.ClassBasedTestDescriptor.invokeBeforeAllCallbacks(ClassBasedTestDescriptor.java:395)
	at org.junit.jupiter.engine.descriptor.ClassBasedTestDescriptor.before(ClassBasedTestDescriptor.java:211)
	at org.junit.jupiter.engine.descriptor.ClassBasedTestDescriptor.before(ClassBasedTestDescriptor.java:84)
	at org.junit.platform.engine.support.hierarchical.NodeTestTask.lambda$executeRecursively$6(NodeTestTask.java:148)
	at org.junit.platform.engine.support.hierarchical.ThrowableCollector.execute(ThrowableCollector.java:73)
	at org.junit.platform.engine.support.hierarchical.NodeTestTask.lambda$executeRecursively$8(NodeTestTask.java:141)
	at org.junit.platform.engine.support.hierarchical.Node.around(Node.java:137)
	at org.junit.platform.engine.support.hierarchical.NodeTestTask.lambda$executeRecursively$9(NodeTestTask.java:139)
	at org.junit.platform.engine.support.hierarchical.ThrowableCollector.execute(ThrowableCollector.java:73)
	at org.junit.platform.engine.support.hierarchical.NodeTestTask.executeRecursively(NodeTestTask.java:138)
	at org.junit.platform.engine.support.hierarchical.NodeTestTask.execute(NodeTestTask.java:95)
	at java.base/java.util.ArrayList.forEach(ArrayList.java:1511)
	at org.junit.platform.engine.support.hierarchical.SameThreadHierarchicalTestExecutorService.invokeAll(SameThreadHierarchicalTestExecutorService.java:41)
	at org.junit.platform.engine.support.hierarchical.NodeTestTask.lambda$executeRecursively$6(NodeTestTask.java:155)
	at org.junit.platform.engine.support.hierarchical.ThrowableCollector.execute(ThrowableCollector.java:73)
	at org.junit.platform.engine.support.hierarchical.NodeTestTask.lambda$executeRecursively$8(NodeTestTask.java:141)
	at org.junit.platform.engine.support.hierarchical.Node.around(Node.java:137)
	at org.junit.platform.engine.support.hierarchical.NodeTestTask.lambda$executeRecursively$9(NodeTestTask.java:139)
	at org.junit.platform.engine.support.hierarchical.ThrowableCollector.execute(ThrowableCollector.java:73)
	at org.junit.platform.engine.support.hierarchical.NodeTestTask.executeRecursively(NodeTestTask.java:138)
	at org.junit.platform.engine.support.hierarchical.NodeTestTask.execute(NodeTestTask.java:95)
	at org.junit.platform.engine.support.hierarchical.SameThreadHierarchicalTestExecutorService.submit(SameThreadHierarchicalTestExecutorService.java:35)
	at org.junit.platform.engine.support.hierarchical.HierarchicalTestExecutor.execute(HierarchicalTestExecutor.java:57)
	at org.junit.platform.engine.support.hierarchical.HierarchicalTestEngine.execute(HierarchicalTestEngine.java:54)
	at org.junit.platform.launcher.core.EngineExecutionOrchestrator.execute(EngineExecutionOrchestrator.java:107)
	at org.junit.platform.launcher.core.EngineExecutionOrchestrator.execute(EngineExecutionOrchestrator.java:88)
	at org.junit.platform.launcher.core.EngineExecutionOrchestrator.lambda$execute$0(EngineExecutionOrchestrator.java:54)
	at org.junit.platform.launcher.core.EngineExecutionOrchestrator.withInterceptedStreams(EngineExecutionOrchestrator.java:67)
	at org.junit.platform.launcher.core.EngineExecutionOrchestrator.execute(EngineExecutionOrchestrator.java:52)
	at org.junit.platform.launcher.core.DefaultLauncher.execute(DefaultLauncher.java:114)
	at org.junit.platform.launcher.core.DefaultLauncher.execute(DefaultLauncher.java:86)
	at org.junit.platform.launcher.core.DefaultLauncherSession$DelegatingLauncher.execute(DefaultLauncherSession.java:86)
	at org.junit.platform.launcher.core.SessionPerRequestLauncher.execute(SessionPerRequestLauncher.java:53)
	at org.gradle.api.internal.tasks.testing.junitplatform.JUnitPlatformTestClassProcessor$CollectAllTestClassesExecutor.processAllTestClasses(JUnitPlatformTestClassProcessor.java:99)
	at org.gradle.api.internal.tasks.testing.junitplatform.JUnitPlatformTestClassProcessor$CollectAllTestClassesExecutor.access$000(JUnitPlatformTestClassProcessor.java:79)
	at org.gradle.api.internal.tasks.testing.junitplatform.JUnitPlatformTestClassProcessor.stop(JUnitPlatformTestClassProcessor.java:75)
	at org.gradle.api.internal.tasks.testing.SuiteTestClassProcessor.stop(SuiteTestClassProcessor.java:62)
	at java.base/jdk.internal.reflect.NativeMethodAccessorImpl.invoke0(Native Method)
	at java.base/jdk.internal.reflect.NativeMethodAccessorImpl.invoke(NativeMethodAccessorImpl.java:77)
	at java.base/jdk.internal.reflect.DelegatingMethodAccessorImpl.invoke(DelegatingMethodAccessorImpl.java:43)
	at java.base/java.lang.reflect.Method.invoke(Method.java:568)
	at org.gradle.internal.dispatch.ReflectionDispatch.dispatch(ReflectionDispatch.java:36)
	at org.gradle.internal.dispatch.ReflectionDispatch.dispatch(ReflectionDispatch.java:24)
	at org.gradle.internal.dispatch.ContextClassLoaderDispatch.dispatch(ContextClassLoaderDispatch.java:33)
	at org.gradle.internal.dispatch.ProxyDispatchAdapter$DispatchingInvocationHandler.invoke(ProxyDispatchAdapter.java:94)
	at jdk.proxy2/jdk.proxy2.$Proxy5.stop(Unknown Source)
	at org.gradle.api.internal.tasks.testing.worker.TestWorker$3.run(TestWorker.java:193)
	at org.gradle.api.internal.tasks.testing.worker.TestWorker.executeAndMaintainThreadName(TestWorker.java:129)
	at org.gradle.api.internal.tasks.testing.worker.TestWorker.execute(TestWorker.java:100)
	at org.gradle.api.internal.tasks.testing.worker.TestWorker.execute(TestWorker.java:60)
	at org.gradle.process.internal.worker.child.ActionExecutionWorker.execute(ActionExecutionWorker.java:56)
	at org.gradle.process.internal.worker.child.SystemApplicationClassLoaderWorker.call(SystemApplicationClassLoaderWorker.java:113)
	at org.gradle.process.internal.worker.child.SystemApplicationClassLoaderWorker.call(SystemApplicationClassLoaderWorker.java:65)
	at worker.org.gradle.process.internal.worker.GradleWorkerMain.run(GradleWorkerMain.java:69)
	at worker.org.gradle.process.internal.worker.GradleWorkerMain.main(GradleWorkerMain.java:74)
17:18:15.513 [Test worker] DEBUG org.eclipse.jetty.util.component.ContainerLifeCycle - NetworkTrafficServerConnector@1bde9a22{HTTP/1.1, (http/1.1, h2c)}{0.0.0.0:62292} added {sun.nio.ch.ServerSocketChannelImpl[/[0:0:0:0:0:0:0:0]:62292],POJO}
17:18:15.514 [Test worker] DEBUG org.eclipse.jetty.server.handler.AbstractHandler - starting Server@1ac25dbb{STARTING}[11.0.13,sto=1000]
17:18:15.514 [Test worker] DEBUG org.eclipse.jetty.util.component.AbstractLifeCycle - STARTING QueuedThreadPool[qtp615280623]@24ac6fef{STOPPED,8<=0<=25,i=0,r=-1,q=0}[NO_TRY]
17:18:15.521 [Test worker] DEBUG org.eclipse.jetty.util.thread.ReservedThreadExecutor - ReservedThreadExecutor@4f4b7a2e{reserved=0/2,pending=0}
17:18:15.523 [Test worker] DEBUG org.eclipse.jetty.util.component.ContainerLifeCycle - QueuedThreadPool[qtp615280623]@24ac6fef{STARTING,8<=0<=25,i=0,r=-1,q=0}[ReservedThreadExecutor@4f4b7a2e{reserved=0/2,pending=0}] added {ReservedThreadExecutor@4f4b7a2e{reserved=0/2,pending=0},AUTO}
17:18:15.524 [Test worker] DEBUG org.eclipse.jetty.util.component.AbstractLifeCycle - STARTING ReservedThreadExecutor@4f4b7a2e{reserved=0/2,pending=0}
17:18:15.562 [Test worker] DEBUG org.eclipse.jetty.util.component.AbstractLifeCycle - STARTED @11779ms ReservedThreadExecutor@4f4b7a2e{reserved=0/2,pending=0}
17:18:15.575 [Test worker] DEBUG org.eclipse.jetty.util.thread.QueuedThreadPool - Starting Thread[qtp615280623-20,5,main]
17:18:15.575 [Test worker] DEBUG org.eclipse.jetty.util.thread.QueuedThreadPool - Starting Thread[qtp615280623-21,5,main]
17:18:15.578 [Test worker] DEBUG org.eclipse.jetty.util.thread.QueuedThreadPool - Starting Thread[qtp615280623-22,5,main]
17:18:15.578 [qtp615280623-20] DEBUG org.eclipse.jetty.util.thread.QueuedThreadPool - Runner started for QueuedThreadPool[qtp615280623]@24ac6fef{STARTING,8<=3<=25,i=3,r=-1,q=0}[ReservedThreadExecutor@4f4b7a2e{reserved=0/2,pending=0}]
17:18:15.578 [qtp615280623-21] DEBUG org.eclipse.jetty.util.thread.QueuedThreadPool - Runner started for QueuedThreadPool[qtp615280623]@24ac6fef{STARTING,8<=3<=25,i=3,r=-1,q=0}[ReservedThreadExecutor@4f4b7a2e{reserved=0/2,pending=0}]
17:18:15.582 [Test worker] DEBUG org.eclipse.jetty.util.thread.QueuedThreadPool - Starting Thread[qtp615280623-23,5,main]
17:18:15.584 [Test worker] DEBUG org.eclipse.jetty.util.thread.QueuedThreadPool - Starting Thread[qtp615280623-24,5,main]
17:18:15.584 [Test worker] DEBUG org.eclipse.jetty.util.thread.QueuedThreadPool - Starting Thread[qtp615280623-25,5,main]
17:18:15.584 [qtp615280623-23] DEBUG org.eclipse.jetty.util.thread.QueuedThreadPool - Runner started for QueuedThreadPool[qtp615280623]@24ac6fef{STARTING,8<=7<=25,i=7,r=-1,q=0}[ReservedThreadExecutor@4f4b7a2e{reserved=0/2,pending=0}]
17:18:15.584 [Test worker] DEBUG org.eclipse.jetty.util.thread.QueuedThreadPool - Starting Thread[qtp615280623-26,5,main]
17:18:15.584 [Test worker] DEBUG org.eclipse.jetty.util.thread.QueuedThreadPool - Starting Thread[qtp615280623-27,5,main]
17:18:15.584 [Test worker] DEBUG org.eclipse.jetty.util.component.AbstractLifeCycle - STARTED @11804ms QueuedThreadPool[qtp615280623]@24ac6fef{STARTED,8<=8<=25,i=8,r=-1,q=0}[ReservedThreadExecutor@4f4b7a2e{reserved=0/2,pending=0}]
17:18:15.584 [Test worker] DEBUG org.eclipse.jetty.util.component.AbstractLifeCycle - STARTING AttributeContainerMap@4db568e1{size=0}
17:18:15.584 [Test worker] DEBUG org.eclipse.jetty.util.component.AbstractLifeCycle - STARTED @11805ms AttributeContainerMap@4db568e1{size=0}
17:18:15.584 [Test worker] DEBUG org.eclipse.jetty.util.component.AbstractLifeCycle - STARTING HandlerCollection@104cf647{STOPPED}
17:18:15.584 [Test worker] DEBUG org.eclipse.jetty.server.handler.AbstractHandler - starting HandlerCollection@104cf647{STARTING}
17:18:15.584 [Test worker] DEBUG org.eclipse.jetty.util.component.AbstractLifeCycle - STARTING o.e.j.s.ServletContextHandler@6cf3b3d7{/__admin,null,STOPPED}
17:18:15.584 [Test worker] DEBUG org.eclipse.jetty.util.DecoratedObjectFactory - Adding Decorator: org.eclipse.jetty.util.DeprecationWarning@1b89debc
17:18:15.584 [Test worker] DEBUG org.eclipse.jetty.server.handler.AbstractHandler - starting o.e.j.s.ServletContextHandler@6cf3b3d7{/__admin,null,STARTING}
17:18:15.584 [Test worker] DEBUG org.eclipse.jetty.util.component.AbstractLifeCycle - STARTING ServletHandler@3d5f08d4{STOPPED}
17:18:15.584 [qtp615280623-22] DEBUG org.eclipse.jetty.util.thread.QueuedThreadPool - Runner started for QueuedThreadPool[qtp615280623]@24ac6fef{STARTING,8<=6<=25,i=6,r=-1,q=0}[ReservedThreadExecutor@4f4b7a2e{reserved=0/2,pending=0}]
17:18:15.584 [qtp615280623-24] DEBUG org.eclipse.jetty.util.thread.QueuedThreadPool - Runner started for QueuedThreadPool[qtp615280623]@24ac6fef{STARTED,8<=8<=25,i=8,r=-1,q=0}[ReservedThreadExecutor@4f4b7a2e{reserved=0/2,pending=0}]
17:18:15.584 [qtp615280623-26] DEBUG org.eclipse.jetty.util.thread.QueuedThreadPool - Runner started for QueuedThreadPool[qtp615280623]@24ac6fef{STARTED,8<=8<=25,i=8,r=-1,q=0}[ReservedThreadExecutor@4f4b7a2e{reserved=0/2,pending=0}]
17:18:15.598 [Test worker] DEBUG org.eclipse.jetty.servlet.ServletHandler - Path=/not-matched[EMBEDDED:null] mapped to servlet=com.github.tomakehurst.wiremock.servlet.NotMatchedServlet-5f4f6f89[EMBEDDED:null]
17:18:15.598 [qtp615280623-25] DEBUG org.eclipse.jetty.util.thread.QueuedThreadPool - Runner started for QueuedThreadPool[qtp615280623]@24ac6fef{STARTED,8<=8<=25,i=8,r=-1,q=0}[ReservedThreadExecutor@4f4b7a2e{reserved=0/2,pending=0}]
17:18:15.598 [qtp615280623-27] DEBUG org.eclipse.jetty.util.thread.QueuedThreadPool - Runner started for QueuedThreadPool[qtp615280623]@24ac6fef{STARTED,8<=8<=25,i=8,r=-1,q=0}[ReservedThreadExecutor@4f4b7a2e{reserved=0/2,pending=0}]
17:18:15.606 [Test worker] DEBUG org.eclipse.jetty.http.pathmap.ServletPathSpec - Creating ServletPathSpec[/not-matched] (group: EXACT, prefix: "/not-matched", suffix: "null")
17:18:15.614 [Test worker] DEBUG org.eclipse.jetty.http.pathmap.PathMappings - Added MappedResource[pathSpec=ServletPathSpec@ee4519a{/not-matched},resource=MappedServlet14aa2123{/not-matched->com.github.tomakehurst.wiremock.servlet.NotMatchedServlet-5f4f6f89==com.github.tomakehurst.wiremock.servlet.NotMatchedServlet@90995ec6{jsp=null,order=-1,inst=false,async=true,src=EMBEDDED:null,STOPPED}}] to PathMappings[size=1]
17:18:15.614 [Test worker] DEBUG org.eclipse.jetty.servlet.ServletHandler - Path=/recorder/*[EMBEDDED:null] mapped to servlet=org.eclipse.jetty.servlet.DefaultServlet-544e6b[EMBEDDED:null]
17:18:15.614 [Test worker] DEBUG org.eclipse.jetty.http.pathmap.ServletPathSpec - Creating ServletPathSpec[/recorder/*] (group: PREFIX_GLOB, prefix: "/recorder", suffix: "null")
17:18:15.614 [Test worker] DEBUG org.eclipse.jetty.http.pathmap.PathMappings - Added MappedResource[pathSpec=ServletPathSpec@4ccddc4a{/recorder/*},resource=MappedServlet7def62d0{/recorder/*->org.eclipse.jetty.servlet.DefaultServlet-544e6b==org.eclipse.jetty.servlet.DefaultServlet@60994f5b{jsp=null,order=-1,inst=false,async=true,src=EMBEDDED:null,STOPPED}}] to PathMappings[size=2]
17:18:15.619 [Test worker] DEBUG org.eclipse.jetty.servlet.ServletHandler - Path=/[EMBEDDED:null] mapped to servlet=com.github.tomakehurst.wiremock.servlet.WireMockHandlerDispatchingServlet-71de1091[EMBEDDED:null]
17:18:15.619 [Test worker] DEBUG org.eclipse.jetty.http.pathmap.PathMappings - Added MappedResource[pathSpec=ServletPathSpec@9457dcb7{/},resource=MappedServlet736eb2a2{/->com.github.tomakehurst.wiremock.servlet.WireMockHandlerDispatchingServlet-71de1091==com.github.tomakehurst.wiremock.servlet.WireMockHandlerDispatchingServlet@8026d6a0{jsp=null,order=-1,inst=false,async=true,src=EMBEDDED:null,STOPPED}}] to PathMappings[size=3]
17:18:15.619 [Test worker] DEBUG org.eclipse.jetty.servlet.ServletHandler - Path=/swagger-ui/*[EMBEDDED:null] mapped to servlet=org.eclipse.jetty.servlet.DefaultServlet-5020e5ab[EMBEDDED:null]
17:18:15.619 [Test worker] DEBUG org.eclipse.jetty.http.pathmap.ServletPathSpec - Creating ServletPathSpec[/swagger-ui/*] (group: PREFIX_GLOB, prefix: "/swagger-ui", suffix: "null")
17:18:15.619 [Test worker] DEBUG org.eclipse.jetty.http.pathmap.PathMappings - Added MappedResource[pathSpec=ServletPathSpec@fe042bf3{/swagger-ui/*},resource=MappedServlet7ec5d3e1{/swagger-ui/*->org.eclipse.jetty.servlet.DefaultServlet-5020e5ab==org.eclipse.jetty.servlet.DefaultServlet@c5aa2949{jsp=null,order=-1,inst=false,async=false,src=EMBEDDED:null,STOPPED}}] to PathMappings[size=4]
17:18:15.619 [Test worker] DEBUG org.eclipse.jetty.servlet.ServletHandler - filterNameMap={org.eclipse.jetty.servlets.CrossOriginFilter-339cde4b=org.eclipse.jetty.servlets.CrossOriginFilter-339cde4b==org.eclipse.jetty.servlets.CrossOriginFilter@339cde4b{inst=false,async=true,src=EMBEDDED:null}} pathFilters=[[/*]/[]/[REQUEST]=>org.eclipse.jetty.servlets.CrossOriginFilter-339cde4b] servletFilterMap={} servletPathMap=PathMappings[size=4] servletNameMap={org.eclipse.jetty.servlet.DefaultServlet-544e6b=MappedServlet3ddc5a75{null->org.eclipse.jetty.servlet.DefaultServlet-544e6b==org.eclipse.jetty.servlet.DefaultServlet@60994f5b{jsp=null,order=-1,inst=false,async=true,src=EMBEDDED:null,STOPPED}}, org.eclipse.jetty.servlet.DefaultServlet-5020e5ab=MappedServlet3b2114ce{null->org.eclipse.jetty.servlet.DefaultServlet-5020e5ab==org.eclipse.jetty.servlet.DefaultServlet@c5aa2949{jsp=null,order=-1,inst=false,async=false,src=EMBEDDED:null,STOPPED}}, com.github.tomakehurst.wiremock.servlet.WireMockHandlerDispatchingServlet-71de1091=MappedServlet6bab8290{null->com.github.tomakehurst.wiremock.servlet.WireMockHandlerDispatchingServlet-71de1091==com.github.tomakehurst.wiremock.servlet.WireMockHandlerDispatchingServlet@8026d6a0{jsp=null,order=-1,inst=false,async=true,src=EMBEDDED:null,STOPPED}}, com.github.tomakehurst.wiremock.servlet.NotMatchedServlet-5f4f6f89=MappedServlet4a985388{null->com.github.tomakehurst.wiremock.servlet.NotMatchedServlet-5f4f6f89==com.github.tomakehurst.wiremock.servlet.NotMatchedServlet@90995ec6{jsp=null,order=-1,inst=false,async=true,src=EMBEDDED:null,STOPPED}}}
17:18:15.619 [Test worker] DEBUG org.eclipse.jetty.server.handler.AbstractHandler - starting ServletHandler@3d5f08d4{STARTING}
17:18:15.619 [Test worker] DEBUG org.eclipse.jetty.util.component.AbstractLifeCycle - STARTED @11838ms ServletHandler@3d5f08d4{STARTED}
17:18:15.619 [Test worker] DEBUG org.eclipse.jetty.util.component.AbstractLifeCycle - STARTING org.eclipse.jetty.servlets.CrossOriginFilter-339cde4b==org.eclipse.jetty.servlets.CrossOriginFilter@339cde4b{inst=false,async=true,src=EMBEDDED:null}
17:18:15.619 [Test worker] DEBUG org.eclipse.jetty.util.component.AbstractLifeCycle - STARTED @11840ms org.eclipse.jetty.servlets.CrossOriginFilter-339cde4b==org.eclipse.jetty.servlets.CrossOriginFilter@339cde4b{inst=false,async=true,src=EMBEDDED:null}
17:18:15.630 [Test worker] DEBUG org.eclipse.jetty.servlet.FilterHolder - Filter.init org.eclipse.jetty.servlets.CrossOriginFilter@19a544cd
17:18:15.659 [Test worker] DEBUG org.eclipse.jetty.servlets.CrossOriginFilter - Cross-origin filter configuration: allowedOrigins = *, allowedTimingOrigins = null, allowedMethods = OPTIONS,GET,POST,PUT,PATCH,DELETE, allowedHeaders = *, preflightMaxAge = 1800, allowCredentials = true,exposedHeaders = ,chainPreflight = false
17:18:15.660 [Test worker] DEBUG org.eclipse.jetty.util.component.AbstractLifeCycle - STARTING com.github.tomakehurst.wiremock.servlet.NotMatchedServlet-5f4f6f89==com.github.tomakehurst.wiremock.servlet.NotMatchedServlet@90995ec6{jsp=null,order=-1,inst=false,async=true,src=EMBEDDED:null,STOPPED}
17:18:15.661 [Test worker] DEBUG org.eclipse.jetty.util.component.AbstractLifeCycle - STARTED @11881ms com.github.tomakehurst.wiremock.servlet.NotMatchedServlet-5f4f6f89==com.github.tomakehurst.wiremock.servlet.NotMatchedServlet@90995ec6{jsp=null,order=-1,inst=false,async=true,src=EMBEDDED:null,STARTED}
17:18:15.666 [Test worker] DEBUG org.eclipse.jetty.util.component.AbstractLifeCycle - STARTING com.github.tomakehurst.wiremock.servlet.WireMockHandlerDispatchingServlet-71de1091==com.github.tomakehurst.wiremock.servlet.WireMockHandlerDispatchingServlet@8026d6a0{jsp=null,order=-1,inst=false,async=true,src=EMBEDDED:null,STOPPED}
17:18:15.666 [Test worker] DEBUG org.eclipse.jetty.util.component.AbstractLifeCycle - STARTED @11882ms com.github.tomakehurst.wiremock.servlet.WireMockHandlerDispatchingServlet-71de1091==com.github.tomakehurst.wiremock.servlet.WireMockHandlerDispatchingServlet@8026d6a0{jsp=null,order=-1,inst=false,async=true,src=EMBEDDED:null,STARTED}
17:18:15.666 [Test worker] DEBUG org.eclipse.jetty.util.component.AbstractLifeCycle - STARTING org.eclipse.jetty.servlet.DefaultServlet-5020e5ab==org.eclipse.jetty.servlet.DefaultServlet@c5aa2949{jsp=null,order=-1,inst=false,async=false,src=EMBEDDED:null,STOPPED}
17:18:15.666 [Test worker] DEBUG org.eclipse.jetty.util.component.AbstractLifeCycle - STARTED @11883ms org.eclipse.jetty.servlet.DefaultServlet-5020e5ab==org.eclipse.jetty.servlet.DefaultServlet@c5aa2949{jsp=null,order=-1,inst=false,async=false,src=EMBEDDED:null,STARTED}
17:18:15.666 [Test worker] DEBUG org.eclipse.jetty.util.component.AbstractLifeCycle - STARTING org.eclipse.jetty.servlet.DefaultServlet-544e6b==org.eclipse.jetty.servlet.DefaultServlet@60994f5b{jsp=null,order=-1,inst=false,async=true,src=EMBEDDED:null,STOPPED}
17:18:15.666 [Test worker] DEBUG org.eclipse.jetty.util.component.AbstractLifeCycle - STARTED @11884ms org.eclipse.jetty.servlet.DefaultServlet-544e6b==org.eclipse.jetty.servlet.DefaultServlet@60994f5b{jsp=null,order=-1,inst=false,async=true,src=EMBEDDED:null,STARTED}
17:18:15.666 [Test worker] INFO org.eclipse.jetty.server.handler.ContextHandler - Started o.e.j.s.ServletContextHandler@6cf3b3d7{/__admin,null,AVAILABLE}
17:18:15.666 [Test worker] DEBUG org.eclipse.jetty.util.component.AbstractLifeCycle - STARTED @11884ms o.e.j.s.ServletContextHandler@6cf3b3d7{/__admin,null,AVAILABLE}
17:18:15.666 [Test worker] DEBUG org.eclipse.jetty.util.component.AbstractLifeCycle - STARTING AbstractHandler@66779435{STOPPED}
17:18:15.666 [Test worker] DEBUG org.eclipse.jetty.server.handler.AbstractHandler - starting AbstractHandler@66779435{STARTING}
17:18:15.666 [Test worker] DEBUG org.eclipse.jetty.util.component.AbstractLifeCycle - STARTED @11885ms AbstractHandler@66779435{STARTED}
17:18:15.666 [Test worker] DEBUG org.eclipse.jetty.util.component.AbstractLifeCycle - STARTING GzipHandler@50a095cb{STOPPED,min=32,inflate=-1}
17:18:15.666 [Test worker] DEBUG org.eclipse.jetty.util.component.AbstractLifeCycle - STARTING InflaterPool@cfe72b0{STOPPED,size=-1,capacity=25}
17:18:15.666 [Test worker] DEBUG org.eclipse.jetty.util.component.ContainerLifeCycle - InflaterPool@cfe72b0{STARTING,size=0,capacity=25} added {Pool@12f933c7[inUse=0,size=0,max=25,closed=false],POJO}
17:18:15.677 [Test worker] DEBUG org.eclipse.jetty.util.component.AbstractLifeCycle - STARTED @11893ms InflaterPool@cfe72b0{STARTED,size=0,capacity=25}
17:18:15.677 [Test worker] DEBUG org.eclipse.jetty.util.component.ContainerLifeCycle - Server@1ac25dbb{STARTING}[11.0.13,sto=1000] added {InflaterPool@cfe72b0{STARTED,size=0,capacity=25},MANAGED}
17:18:15.677 [Test worker] DEBUG org.eclipse.jetty.util.component.ContainerLifeCycle - GzipHandler@50a095cb{STARTING,min=32,inflate=-1} added {InflaterPool@cfe72b0{STARTED,size=0,capacity=25},UNMANAGED}
17:18:15.677 [Test worker] DEBUG org.eclipse.jetty.util.component.AbstractLifeCycle - STARTING DeflaterPool@2981064d{STOPPED,size=-1,capacity=25}
17:18:15.681 [Test worker] DEBUG org.eclipse.jetty.util.component.ContainerLifeCycle - DeflaterPool@2981064d{STARTING,size=0,capacity=25} added {Pool@1dc9e4d2[inUse=0,size=0,max=25,closed=false],POJO}
17:18:15.681 [Test worker] DEBUG org.eclipse.jetty.util.component.AbstractLifeCycle - STARTED @11897ms DeflaterPool@2981064d{STARTED,size=0,capacity=25}
17:18:15.681 [Test worker] DEBUG org.eclipse.jetty.util.component.ContainerLifeCycle - Server@1ac25dbb{STARTING}[11.0.13,sto=1000] added {DeflaterPool@2981064d{STARTED,size=0,capacity=25},MANAGED}
17:18:15.681 [Test worker] DEBUG org.eclipse.jetty.util.component.ContainerLifeCycle - GzipHandler@50a095cb{STARTING,min=32,inflate=-1} added {DeflaterPool@2981064d{STARTED,size=0,capacity=25},UNMANAGED}
17:18:15.681 [Test worker] DEBUG org.eclipse.jetty.server.handler.AbstractHandler - starting GzipHandler@50a095cb{STARTING,min=32,inflate=-1}
17:18:15.681 [Test worker] DEBUG org.eclipse.jetty.util.component.AbstractLifeCycle - STARTING o.e.j.s.ServletContextHandler@19de32cb{/,null,STOPPED}
17:18:15.681 [Test worker] DEBUG org.eclipse.jetty.util.DecoratedObjectFactory - Adding Decorator: org.eclipse.jetty.util.DeprecationWarning@7ef8899d
17:18:15.681 [Test worker] DEBUG org.eclipse.jetty.server.handler.AbstractHandler - starting o.e.j.s.ServletContextHandler@19de32cb{/,null,STARTING}
17:18:15.681 [Test worker] DEBUG org.eclipse.jetty.util.component.AbstractLifeCycle - STARTING ServletHandler@7872e91f{STOPPED}
17:18:15.681 [Test worker] DEBUG org.eclipse.jetty.servlet.ServletHandler - Path=/__files/*[EMBEDDED:null] mapped to servlet=org.eclipse.jetty.servlet.DefaultServlet-10b2c1cf[EMBEDDED:null]
17:18:15.681 [Test worker] DEBUG org.eclipse.jetty.http.pathmap.ServletPathSpec - Creating ServletPathSpec[/__files/*] (group: PREFIX_GLOB, prefix: "/__files", suffix: "null")
17:18:15.681 [Test worker] DEBUG org.eclipse.jetty.http.pathmap.PathMappings - Added MappedResource[pathSpec=ServletPathSpec@6b2fe10e{/__files/*},resource=MappedServlet41bc501b{/__files/*->org.eclipse.jetty.servlet.DefaultServlet-10b2c1cf==org.eclipse.jetty.servlet.DefaultServlet@78294b1f{jsp=null,order=-1,inst=false,async=true,src=EMBEDDED:null,STOPPED}}] to PathMappings[size=1]
17:18:15.681 [Test worker] DEBUG org.eclipse.jetty.servlet.ServletHandler - Path=/[EMBEDDED:null] mapped to servlet=com.github.tomakehurst.wiremock.servlet.WireMockHandlerDispatchingServlet-38363e96[EMBEDDED:null]
17:18:15.681 [Test worker] DEBUG org.eclipse.jetty.http.pathmap.PathMappings - Added MappedResource[pathSpec=ServletPathSpec@9457dcb7{/},resource=MappedServlet60ae950f{/->com.github.tomakehurst.wiremock.servlet.WireMockHandlerDispatchingServlet-38363e96==com.github.tomakehurst.wiremock.servlet.WireMockHandlerDispatchingServlet@fcbbaa85{jsp=null,order=1,inst=false,async=true,src=EMBEDDED:null,STOPPED}}] to PathMappings[size=2]
17:18:15.681 [Test worker] DEBUG org.eclipse.jetty.servlet.ServletHandler - filterNameMap={com.github.tomakehurst.wiremock.servlet.ContentTypeSettingFilter-4902c584=com.github.tomakehurst.wiremock.servlet.ContentTypeSettingFilter-4902c584==com.github.tomakehurst.wiremock.servlet.ContentTypeSettingFilter@4902c584{inst=false,async=true,src=EMBEDDED:null}, com.github.tomakehurst.wiremock.servlet.TrailingSlashFilter-92b1bda=com.github.tomakehurst.wiremock.servlet.TrailingSlashFilter-92b1bda==com.github.tomakehurst.wiremock.servlet.TrailingSlashFilter@92b1bda{inst=false,async=true,src=EMBEDDED:null}} pathFilters=[[/__files/*]/[]/[REQUEST, ASYNC, ERROR, FORWARD, INCLUDE]=>com.github.tomakehurst.wiremock.servlet.TrailingSlashFilter-92b1bda, [/__files/*]/[]/[FORWARD]=>com.github.tomakehurst.wiremock.servlet.ContentTypeSettingFilter-4902c584] servletFilterMap={} servletPathMap=PathMappings[size=2] servletNameMap={org.eclipse.jetty.servlet.DefaultServlet-10b2c1cf=MappedServlet153c69bc{null->org.eclipse.jetty.servlet.DefaultServlet-10b2c1cf==org.eclipse.jetty.servlet.DefaultServlet@78294b1f{jsp=null,order=-1,inst=false,async=true,src=EMBEDDED:null,STOPPED}}, com.github.tomakehurst.wiremock.servlet.WireMockHandlerDispatchingServlet-38363e96=MappedServlet73cfafd8{null->com.github.tomakehurst.wiremock.servlet.WireMockHandlerDispatchingServlet-38363e96==com.github.tomakehurst.wiremock.servlet.WireMockHandlerDispatchingServlet@fcbbaa85{jsp=null,order=1,inst=false,async=true,src=EMBEDDED:null,STOPPED}}}
17:18:15.681 [Test worker] DEBUG org.eclipse.jetty.server.handler.AbstractHandler - starting ServletHandler@7872e91f{STARTING}
17:18:15.681 [Test worker] DEBUG org.eclipse.jetty.util.component.AbstractLifeCycle - STARTED @11907ms ServletHandler@7872e91f{STARTED}
17:18:15.681 [Test worker] DEBUG org.eclipse.jetty.util.component.AbstractLifeCycle - STARTING NotFoundHandler@38b0e2a7{STOPPED}
17:18:15.681 [Test worker] DEBUG org.eclipse.jetty.server.handler.AbstractHandler - starting NotFoundHandler@38b0e2a7{STARTING}
17:18:15.681 [Test worker] DEBUG org.eclipse.jetty.util.component.AbstractLifeCycle - STARTED @11907ms NotFoundHandler@38b0e2a7{STARTED}
17:18:15.681 [Test worker] DEBUG org.eclipse.jetty.util.component.AbstractLifeCycle - STARTING com.github.tomakehurst.wiremock.servlet.ContentTypeSettingFilter-4902c584==com.github.tomakehurst.wiremock.servlet.ContentTypeSettingFilter@4902c584{inst=false,async=true,src=EMBEDDED:null}
17:18:15.693 [Test worker] DEBUG org.eclipse.jetty.util.component.AbstractLifeCycle - STARTED @11909ms com.github.tomakehurst.wiremock.servlet.ContentTypeSettingFilter-4902c584==com.github.tomakehurst.wiremock.servlet.ContentTypeSettingFilter@4902c584{inst=false,async=true,src=EMBEDDED:null}
17:18:15.693 [Test worker] DEBUG org.eclipse.jetty.servlet.FilterHolder - Filter.init com.github.tomakehurst.wiremock.servlet.ContentTypeSettingFilter@8929865
17:18:15.693 [Test worker] DEBUG org.eclipse.jetty.util.component.AbstractLifeCycle - STARTING com.github.tomakehurst.wiremock.servlet.TrailingSlashFilter-92b1bda==com.github.tomakehurst.wiremock.servlet.TrailingSlashFilter@92b1bda{inst=false,async=true,src=EMBEDDED:null}
17:18:15.693 [Test worker] DEBUG org.eclipse.jetty.util.component.AbstractLifeCycle - STARTED @11910ms com.github.tomakehurst.wiremock.servlet.TrailingSlashFilter-92b1bda==com.github.tomakehurst.wiremock.servlet.TrailingSlashFilter@92b1bda{inst=false,async=true,src=EMBEDDED:null}
17:18:15.693 [Test worker] DEBUG org.eclipse.jetty.servlet.FilterHolder - Filter.init com.github.tomakehurst.wiremock.servlet.TrailingSlashFilter@6d97a357
17:18:15.693 [Test worker] DEBUG org.eclipse.jetty.util.component.AbstractLifeCycle - STARTING org.eclipse.jetty.servlet.DefaultServlet-10b2c1cf==org.eclipse.jetty.servlet.DefaultServlet@78294b1f{jsp=null,order=-1,inst=false,async=true,src=EMBEDDED:null,STOPPED}
17:18:15.693 [Test worker] DEBUG org.eclipse.jetty.util.component.AbstractLifeCycle - STARTED @11911ms org.eclipse.jetty.servlet.DefaultServlet-10b2c1cf==org.eclipse.jetty.servlet.DefaultServlet@78294b1f{jsp=null,order=-1,inst=false,async=true,src=EMBEDDED:null,STARTED}
17:18:15.693 [Test worker] DEBUG org.eclipse.jetty.util.component.AbstractLifeCycle - STARTING com.github.tomakehurst.wiremock.servlet.WireMockHandlerDispatchingServlet-38363e96==com.github.tomakehurst.wiremock.servlet.WireMockHandlerDispatchingServlet@fcbbaa85{jsp=null,order=1,inst=false,async=true,src=EMBEDDED:null,STOPPED}
17:18:15.693 [Test worker] DEBUG org.eclipse.jetty.util.component.AbstractLifeCycle - STARTED @11912ms com.github.tomakehurst.wiremock.servlet.WireMockHandlerDispatchingServlet-38363e96==com.github.tomakehurst.wiremock.servlet.WireMockHandlerDispatchingServlet@fcbbaa85{jsp=null,order=1,inst=false,async=true,src=EMBEDDED:null,STARTED}
17:18:15.709 [Test worker] DEBUG org.eclipse.jetty.servlet.ServletHolder - Servlet.init null for com.github.tomakehurst.wiremock.servlet.WireMockHandlerDispatchingServlet-38363e96
17:18:15.709 [Test worker] INFO org.eclipse.jetty.server.handler.ContextHandler.ROOT - RequestHandlerClass from context returned com.github.tomakehurst.wiremock.http.StubRequestHandler. Normalized mapped under returned 'null'
17:18:15.709 [Test worker] INFO org.eclipse.jetty.server.handler.ContextHandler - Started o.e.j.s.ServletContextHandler@19de32cb{/,null,AVAILABLE}
17:18:15.709 [Test worker] DEBUG org.eclipse.jetty.util.component.AbstractLifeCycle - STARTED @11937ms o.e.j.s.ServletContextHandler@19de32cb{/,null,AVAILABLE}
17:18:15.709 [Test worker] DEBUG org.eclipse.jetty.util.component.AbstractLifeCycle - STARTED @11937ms GzipHandler@50a095cb{STARTED,min=32,inflate=-1}
17:18:15.709 [Test worker] DEBUG org.eclipse.jetty.util.component.AbstractLifeCycle - STARTED @11937ms HandlerCollection@104cf647{STARTED}
17:18:15.709 [Test worker] DEBUG org.eclipse.jetty.util.component.AbstractLifeCycle - STARTING ErrorHandler@4cc4f6bd{STOPPED}
17:18:15.709 [Test worker] DEBUG org.eclipse.jetty.server.handler.AbstractHandler - starting ErrorHandler@4cc4f6bd{STARTING}
17:18:15.709 [Test worker] DEBUG org.eclipse.jetty.util.component.AbstractLifeCycle - STARTED @11938ms ErrorHandler@4cc4f6bd{STARTED}
17:18:15.709 [Test worker] DEBUG org.eclipse.jetty.util.component.AbstractLifeCycle - STARTING NetworkTrafficServerConnector@1bde9a22{HTTP/1.1, (http/1.1, h2c)}{0.0.0.0:62292}
17:18:15.727 [Test worker] DEBUG org.eclipse.jetty.util.component.AbstractLifeCycle - STARTING ScheduledExecutorScheduler@3a8ead9{STOPPED}
17:18:15.727 [Test worker] DEBUG org.eclipse.jetty.util.component.AbstractLifeCycle - STARTED @11947ms ScheduledExecutorScheduler@3a8ead9{STARTED}
17:18:15.727 [Test worker] DEBUG org.eclipse.jetty.util.component.AbstractLifeCycle - STARTING HttpConnectionFactory@20afd96f[HTTP/1.1]
17:18:15.727 [Test worker] DEBUG org.eclipse.jetty.util.component.AbstractLifeCycle - STARTED @11948ms HttpConnectionFactory@20afd96f[HTTP/1.1]
17:18:15.727 [Test worker] DEBUG org.eclipse.jetty.util.component.AbstractLifeCycle - STARTING HTTP2CServerConnectionFactory@1a7a21d0[h2c]
17:18:15.727 [Test worker] DEBUG org.eclipse.jetty.util.component.AbstractLifeCycle - STARTED @11949ms HTTP2CServerConnectionFactory@1a7a21d0[h2c]
17:18:15.727 [Test worker] DEBUG org.eclipse.jetty.util.component.AbstractLifeCycle - STARTING SelectorManager@NetworkTrafficServerConnector@1bde9a22{HTTP/1.1, (http/1.1, h2c)}{0.0.0.0:62292}
17:18:15.745 [Test worker] DEBUG org.eclipse.jetty.util.component.ContainerLifeCycle - AdaptiveExecutionStrategy@7057d9f4/SelectorProducer@37c49a55/IDLE/p=false/QueuedThreadPool[qtp615280623]@24ac6fef{STARTED,8<=8<=25,i=8,r=-1,q=0}[ReservedThreadExecutor@4f4b7a2e{reserved=0/2,pending=0}][pc=0,pic=0,pec=0,epc=0]@2024-10-01T17:18:15.7454079+10:00 added {SelectorProducer@37c49a55,POJO}
17:18:15.745 [Test worker] DEBUG org.eclipse.jetty.util.component.ContainerLifeCycle - AdaptiveExecutionStrategy@7057d9f4/SelectorProducer@37c49a55/IDLE/p=false/QueuedThreadPool[qtp615280623]@24ac6fef{STARTED,8<=8<=25,i=8,r=-1,q=0}[ReservedThreadExecutor@4f4b7a2e{reserved=0/2,pending=0}][pc=0,pic=0,pec=0,epc=0]@2024-10-01T17:18:15.7454079+10:00 added {QueuedThreadPool[qtp615280623]@24ac6fef{STARTED,8<=8<=25,i=8,r=-1,q=0}[ReservedThreadExecutor@4f4b7a2e{reserved=0/2,pending=0}],UNMANAGED}
17:18:15.745 [Test worker] DEBUG org.eclipse.jetty.util.thread.strategy.AdaptiveExecutionStrategy - AdaptiveExecutionStrategy@7057d9f4/SelectorProducer@37c49a55/IDLE/p=false/QueuedThreadPool[qtp615280623]@24ac6fef{STARTED,8<=8<=25,i=8,r=-1,q=0}[ReservedThreadExecutor@4f4b7a2e{reserved=0/2,pending=0}][pc=0,pic=0,pec=0,epc=0]@2024-10-01T17:18:15.7454079+10:00 created
17:18:15.745 [Test worker] DEBUG org.eclipse.jetty.util.component.ContainerLifeCycle - ManagedSelector@13e6ab86{STOPPED} id=0 keys=-1 selected=-1 updates=0 added {AdaptiveExecutionStrategy@7057d9f4/SelectorProducer@37c49a55/IDLE/p=false/QueuedThreadPool[qtp615280623]@24ac6fef{STARTED,8<=8<=25,i=8,r=-1,q=0}[ReservedThreadExecutor@4f4b7a2e{reserved=0/2,pending=0}][pc=0,pic=0,pec=0,epc=0]@2024-10-01T17:18:15.7537707+10:00,MANAGED}
17:18:15.753 [Test worker] DEBUG org.eclipse.jetty.util.component.ContainerLifeCycle - SelectorManager@NetworkTrafficServerConnector@1bde9a22{HTTP/1.1, (http/1.1, h2c)}{0.0.0.0:62292} added {ManagedSelector@13e6ab86{STOPPED} id=0 keys=-1 selected=-1 updates=0,AUTO}
17:18:15.753 [Test worker] DEBUG org.eclipse.jetty.util.component.ContainerLifeCycle - AdaptiveExecutionStrategy@4f5d7091/SelectorProducer@18b88f7/IDLE/p=false/QueuedThreadPool[qtp615280623]@24ac6fef{STARTED,8<=8<=25,i=8,r=-1,q=0}[ReservedThreadExecutor@4f4b7a2e{reserved=0/2,pending=0}][pc=0,pic=0,pec=0,epc=0]@2024-10-01T17:18:15.7537707+10:00 added {SelectorProducer@18b88f7,POJO}
17:18:15.753 [Test worker] DEBUG org.eclipse.jetty.util.component.ContainerLifeCycle - AdaptiveExecutionStrategy@4f5d7091/SelectorProducer@18b88f7/IDLE/p=false/QueuedThreadPool[qtp615280623]@24ac6fef{STARTED,8<=8<=25,i=8,r=-1,q=0}[ReservedThreadExecutor@4f4b7a2e{reserved=0/2,pending=0}][pc=0,pic=0,pec=0,epc=0]@2024-10-01T17:18:15.7537707+10:00 added {QueuedThreadPool[qtp615280623]@24ac6fef{STARTED,8<=8<=25,i=8,r=-1,q=0}[ReservedThreadExecutor@4f4b7a2e{reserved=0/2,pending=0}],UNMANAGED}
17:18:15.753 [Test worker] DEBUG org.eclipse.jetty.util.thread.strategy.AdaptiveExecutionStrategy - AdaptiveExecutionStrategy@4f5d7091/SelectorProducer@18b88f7/IDLE/p=false/QueuedThreadPool[qtp615280623]@24ac6fef{STARTED,8<=8<=25,i=8,r=-1,q=0}[ReservedThreadExecutor@4f4b7a2e{reserved=0/2,pending=0}][pc=0,pic=0,pec=0,epc=0]@2024-10-01T17:18:15.7572852+10:00 created
17:18:15.757 [Test worker] DEBUG org.eclipse.jetty.util.component.ContainerLifeCycle - ManagedSelector@128ebca1{STOPPED} id=1 keys=-1 selected=-1 updates=0 added {AdaptiveExecutionStrategy@4f5d7091/SelectorProducer@18b88f7/IDLE/p=false/QueuedThreadPool[qtp615280623]@24ac6fef{STARTED,8<=8<=25,i=8,r=-1,q=0}[ReservedThreadExecutor@4f4b7a2e{reserved=0/2,pending=0}][pc=0,pic=0,pec=0,epc=0]@2024-10-01T17:18:15.7572852+10:00,MANAGED}
17:18:15.758 [Test worker] DEBUG org.eclipse.jetty.util.component.ContainerLifeCycle - SelectorManager@NetworkTrafficServerConnector@1bde9a22{HTTP/1.1, (http/1.1, h2c)}{0.0.0.0:62292} added {ManagedSelector@128ebca1{STOPPED} id=1 keys=-1 selected=-1 updates=0,AUTO}
17:18:15.758 [Test worker] DEBUG org.eclipse.jetty.util.component.AbstractLifeCycle - STARTING ManagedSelector@13e6ab86{STOPPED} id=0 keys=-1 selected=-1 updates=0
17:18:15.758 [Test worker] DEBUG org.eclipse.jetty.util.component.AbstractLifeCycle - STARTING AdaptiveExecutionStrategy@7057d9f4/SelectorProducer@37c49a55/IDLE/p=false/QueuedThreadPool[qtp615280623]@24ac6fef{STARTED,8<=8<=25,i=8,r=-1,q=0}[ReservedThreadExecutor@4f4b7a2e{reserved=0/2,pending=0}][pc=0,pic=0,pec=0,epc=0]@2024-10-01T17:18:15.7587695+10:00
17:18:15.758 [Test worker] DEBUG org.eclipse.jetty.util.component.AbstractLifeCycle - STARTED @11975ms AdaptiveExecutionStrategy@7057d9f4/SelectorProducer@37c49a55/IDLE/p=false/QueuedThreadPool[qtp615280623]@24ac6fef{STARTED,8<=8<=25,i=8,r=-1,q=0}[ReservedThreadExecutor@4f4b7a2e{reserved=0/2,pending=0}][pc=0,pic=0,pec=0,epc=0]@2024-10-01T17:18:15.7587695+10:00
17:18:15.758 [Test worker] DEBUG org.eclipse.jetty.util.thread.QueuedThreadPool - queue org.eclipse.jetty.io.ManagedSelector$$Lambda$646/0x000002de8138d7e0@10efb806 startThread=0
17:18:15.758 [qtp615280623-21] DEBUG org.eclipse.jetty.util.thread.QueuedThreadPool - run org.eclipse.jetty.io.ManagedSelector$$Lambda$646/0x000002de8138d7e0@10efb806 in QueuedThreadPool[qtp615280623]@24ac6fef{STARTED,8<=8<=25,i=7,r=-1,q=0}[ReservedThreadExecutor@4f4b7a2e{reserved=0/2,pending=0}]
17:18:15.758 [qtp615280623-21] DEBUG org.eclipse.jetty.util.thread.strategy.AdaptiveExecutionStrategy - AdaptiveExecutionStrategy@7057d9f4/SelectorProducer@37c49a55/IDLE/p=false/QueuedThreadPool[qtp615280623]@24ac6fef{STARTED,8<=8<=25,i=7,r=-1,q=0}[ReservedThreadExecutor@4f4b7a2e{reserved=0/2,pending=0}][pc=0,pic=0,pec=0,epc=0]@2024-10-01T17:18:15.7587695+10:00 tryProduce false
17:18:15.758 [Test worker] DEBUG org.eclipse.jetty.io.ManagedSelector - Queued change lazy=false org.eclipse.jetty.io.ManagedSelector$Start@1ec98548 on ManagedSelector@13e6ab86{STARTING} id=0 keys=0 selected=0 updates=0
17:18:15.758 [qtp615280623-21] DEBUG org.eclipse.jetty.io.ManagedSelector - updateable 1
17:18:15.758 [qtp615280623-21] DEBUG org.eclipse.jetty.io.ManagedSelector - update org.eclipse.jetty.io.ManagedSelector$Start@1ec98548
17:18:15.758 [qtp615280623-21] DEBUG org.eclipse.jetty.io.ManagedSelector - updates 0
17:18:15.758 [qtp615280623-21] DEBUG org.eclipse.jetty.io.ManagedSelector - Selector sun.nio.ch.WEPollSelectorImpl@648b2b1a waiting with 0 keys
17:18:15.758 [Test worker] DEBUG org.eclipse.jetty.util.component.AbstractLifeCycle - STARTED @11987ms ManagedSelector@13e6ab86{STARTED} id=0 keys=0 selected=0 updates=0
17:18:15.758 [Test worker] DEBUG org.eclipse.jetty.util.component.AbstractLifeCycle - STARTING ManagedSelector@128ebca1{STOPPED} id=1 keys=-1 selected=-1 updates=0
17:18:15.758 [Test worker] DEBUG org.eclipse.jetty.util.component.AbstractLifeCycle - STARTING AdaptiveExecutionStrategy@4f5d7091/SelectorProducer@18b88f7/IDLE/p=false/QueuedThreadPool[qtp615280623]@24ac6fef{STARTED,8<=8<=25,i=7,r=-1,q=0}[ReservedThreadExecutor@4f4b7a2e{reserved=0/2,pending=0}][pc=0,pic=0,pec=0,epc=0]@2024-10-01T17:18:15.7732891+10:00
17:18:15.773 [Test worker] DEBUG org.eclipse.jetty.util.component.AbstractLifeCycle - STARTED @11988ms AdaptiveExecutionStrategy@4f5d7091/SelectorProducer@18b88f7/IDLE/p=false/QueuedThreadPool[qtp615280623]@24ac6fef{STARTED,8<=8<=25,i=7,r=-1,q=0}[ReservedThreadExecutor@4f4b7a2e{reserved=0/2,pending=0}][pc=0,pic=0,pec=0,epc=0]@2024-10-01T17:18:15.7732891+10:00
17:18:15.773 [Test worker] DEBUG org.eclipse.jetty.util.thread.QueuedThreadPool - queue org.eclipse.jetty.io.ManagedSelector$$Lambda$646/0x000002de8138d7e0@5a106b26 startThread=0
17:18:15.773 [qtp615280623-20] DEBUG org.eclipse.jetty.util.thread.QueuedThreadPool - run org.eclipse.jetty.io.ManagedSelector$$Lambda$646/0x000002de8138d7e0@5a106b26 in QueuedThreadPool[qtp615280623]@24ac6fef{STARTED,8<=8<=25,i=6,r=-1,q=0}[ReservedThreadExecutor@4f4b7a2e{reserved=0/2,pending=0}]
17:18:15.773 [qtp615280623-20] DEBUG org.eclipse.jetty.util.thread.strategy.AdaptiveExecutionStrategy - AdaptiveExecutionStrategy@4f5d7091/SelectorProducer@18b88f7/IDLE/p=false/QueuedThreadPool[qtp615280623]@24ac6fef{STARTED,8<=8<=25,i=6,r=-1,q=0}[ReservedThreadExecutor@4f4b7a2e{reserved=0/2,pending=0}][pc=0,pic=0,pec=0,epc=0]@2024-10-01T17:18:15.7732891+10:00 tryProduce false
17:18:15.773 [qtp615280623-20] DEBUG org.eclipse.jetty.io.ManagedSelector - updateable 0
17:18:15.773 [qtp615280623-20] DEBUG org.eclipse.jetty.io.ManagedSelector - updates 0
17:18:15.773 [qtp615280623-20] DEBUG org.eclipse.jetty.io.ManagedSelector - Selector sun.nio.ch.WEPollSelectorImpl@570ce2af waiting with 0 keys
17:18:15.773 [Test worker] DEBUG org.eclipse.jetty.io.ManagedSelector - Queued change lazy=false org.eclipse.jetty.io.ManagedSelector$Start@445d878c on ManagedSelector@128ebca1{STARTING} id=1 keys=0 selected=0 updates=0
17:18:15.773 [Test worker] DEBUG org.eclipse.jetty.io.ManagedSelector - Wakeup on submit ManagedSelector@128ebca1{STARTING} id=1 keys=0 selected=0 updates=1
17:18:15.773 [qtp615280623-20] DEBUG org.eclipse.jetty.io.ManagedSelector - Selector sun.nio.ch.WEPollSelectorImpl@570ce2af woken with none selected
17:18:15.773 [qtp615280623-20] DEBUG org.eclipse.jetty.io.ManagedSelector - Selector sun.nio.ch.WEPollSelectorImpl@570ce2af woken up from select, 0/0/0 selected
17:18:15.773 [qtp615280623-20] DEBUG org.eclipse.jetty.io.ManagedSelector - Selector sun.nio.ch.WEPollSelectorImpl@570ce2af processing 0 keys, 1 updates
17:18:15.773 [qtp615280623-20] DEBUG org.eclipse.jetty.io.ManagedSelector - updateable 1
17:18:15.773 [qtp615280623-20] DEBUG org.eclipse.jetty.io.ManagedSelector - update org.eclipse.jetty.io.ManagedSelector$Start@445d878c
17:18:15.773 [qtp615280623-20] DEBUG org.eclipse.jetty.io.ManagedSelector - updates 0
17:18:15.773 [qtp615280623-20] DEBUG org.eclipse.jetty.io.ManagedSelector - Selector sun.nio.ch.WEPollSelectorImpl@570ce2af waiting with 0 keys
17:18:15.773 [Test worker] DEBUG org.eclipse.jetty.util.component.AbstractLifeCycle - STARTED @11997ms ManagedSelector@128ebca1{STARTED} id=1 keys=0 selected=0 updates=0
17:18:15.773 [Test worker] DEBUG org.eclipse.jetty.util.component.AbstractLifeCycle - STARTED @11998ms SelectorManager@NetworkTrafficServerConnector@1bde9a22{HTTP/1.1, (http/1.1, h2c)}{0.0.0.0:62292}
17:18:15.773 [Test worker] DEBUG org.eclipse.jetty.util.component.ContainerLifeCycle - NetworkTrafficServerConnector@1bde9a22{HTTP/1.1, (http/1.1, h2c)}{0.0.0.0:62292} added {acceptor-0@fdfd984,POJO}
17:18:15.773 [qtp615280623-23] DEBUG org.eclipse.jetty.util.thread.QueuedThreadPool - run acceptor-0@fdfd984 in QueuedThreadPool[qtp615280623]@24ac6fef{STARTED,8<=8<=25,i=5,r=-1,q=0}[ReservedThreadExecutor@4f4b7a2e{reserved=0/2,pending=0}]
17:18:15.773 [Test worker] DEBUG org.eclipse.jetty.util.thread.QueuedThreadPool - queue acceptor-0@fdfd984 startThread=0
17:18:15.773 [Test worker] DEBUG org.eclipse.jetty.util.component.ContainerLifeCycle - NetworkTrafficServerConnector@1bde9a22{HTTP/1.1, (http/1.1, h2c)}{0.0.0.0:62292} added {acceptor-1@45e49d3d,POJO}
17:18:15.773 [Test worker] DEBUG org.eclipse.jetty.util.thread.QueuedThreadPool - queue acceptor-1@45e49d3d startThread=0
17:18:15.773 [Test worker] DEBUG org.eclipse.jetty.util.component.ContainerLifeCycle - NetworkTrafficServerConnector@1bde9a22{HTTP/1.1, (http/1.1, h2c)}{0.0.0.0:62292} added {acceptor-2@72e5206,POJO}
17:18:15.788 [Test worker] DEBUG org.eclipse.jetty.util.thread.QueuedThreadPool - queue acceptor-2@72e5206 startThread=0
17:18:15.788 [Test worker] INFO org.eclipse.jetty.server.AbstractConnector - Started NetworkTrafficServerConnector@1bde9a22{HTTP/1.1, (http/1.1, h2c)}{0.0.0.0:62292}
17:18:15.773 [qtp615280623-22] DEBUG org.eclipse.jetty.util.thread.QueuedThreadPool - run acceptor-1@45e49d3d in QueuedThreadPool[qtp615280623]@24ac6fef{STARTED,8<=8<=25,i=4,r=-1,q=0}[ReservedThreadExecutor@4f4b7a2e{reserved=0/2,pending=0}]
17:18:15.788 [Test worker] DEBUG org.eclipse.jetty.util.component.AbstractLifeCycle - STARTED @12004ms NetworkTrafficServerConnector@1bde9a22{HTTP/1.1, (http/1.1, h2c)}{0.0.0.0:62292}
17:18:15.788 [Test worker] INFO org.eclipse.jetty.server.Server - Started Server@1ac25dbb{STARTING}[11.0.13,sto=1000] @12005ms
17:18:15.788 [qtp615280623-24] DEBUG org.eclipse.jetty.util.thread.QueuedThreadPool - run acceptor-2@72e5206 in QueuedThreadPool[qtp615280623]@24ac6fef{STARTED,8<=8<=25,i=3,r=-1,q=0}[ReservedThreadExecutor@4f4b7a2e{reserved=0/2,pending=0}]
17:18:15.788 [Test worker] DEBUG org.eclipse.jetty.util.component.AbstractLifeCycle - STARTED @12005ms Server@1ac25dbb{STARTED}[11.0.13,sto=1000]
17:18:15.828 [Test worker] DEBUG org.springframework.test.context.support.DependencyInjectionTestExecutionListener - Performing dependency injection for test class com.audition.AuditionCommentsControllerIntegrationTest
17:18:18,636 |-INFO in ch.qos.logback.core.joran.util.ConfigurationWatchListUtil@29c471f6 - Adding [jar:file:/C:/Users/User/.gradle/caches/modules-2/files-2.1/org.springframework.boot/spring-boot/3.0.3/d781e7afbeb3d05ce361e9cc4fa7d38b15fb3862/spring-boot-3.0.3.jar!/org/springframework/boot/logging/logback/defaults.xml] to configuration watch list.
17:18:18,636 |-INFO in ch.qos.logback.core.joran.spi.ConfigurationWatchList@6859f102 - URL [jar:file:/C:/Users/User/.gradle/caches/modules-2/files-2.1/org.springframework.boot/spring-boot/3.0.3/d781e7afbeb3d05ce361e9cc4fa7d38b15fb3862/spring-boot-3.0.3.jar!/org/springframework/boot/logging/logback/defaults.xml] is not of type file
17:18:18,652 |-INFO in ch.qos.logback.core.joran.action.ConversionRuleAction - registering conversion word clr with class [org.springframework.boot.logging.logback.ColorConverter]
17:18:18,652 |-INFO in ch.qos.logback.core.joran.action.ConversionRuleAction - registering conversion word wex with class [org.springframework.boot.logging.logback.WhitespaceThrowableProxyConverter]
17:18:18,652 |-INFO in ch.qos.logback.core.joran.action.ConversionRuleAction - registering conversion word wEx with class [org.springframework.boot.logging.logback.ExtendedWhitespaceThrowableProxyConverter]
17:18:18,803 |-INFO in ch.qos.logback.core.model.processor.AppenderModelHandler - Processing appender named [console]
17:18:18,803 |-INFO in ch.qos.logback.core.model.processor.AppenderModelHandler - About to instantiate appender of type [ch.qos.logback.core.ConsoleAppender]
17:18:18,820 |-INFO in ch.qos.logback.core.model.processor.ImplicitModelHandler - Assuming default type [ch.qos.logback.classic.encoder.PatternLayoutEncoder] for [encoder] property
17:18:18,887 |-WARN in ch.qos.logback.core.model.processor.AppenderModelHandler - Appender named [flatfile] not referenced. Skipping further processing.
17:18:18,887 |-WARN in ch.qos.logback.core.model.processor.AppenderModelHandler - Appender named [logstash] not referenced. Skipping further processing.
17:18:18,887 |-INFO in ch.qos.logback.classic.model.processor.LoggerModelHandler - Setting level of logger [org.apache.catalina.startup.DigesterFactory] to ERROR
17:18:18,887 |-INFO in ch.qos.logback.classic.jul.LevelChangePropagator@424769f2 - Propagating ERROR level on Logger[org.apache.catalina.startup.DigesterFactory] onto the JUL framework
17:18:18,887 |-INFO in ch.qos.logback.classic.model.processor.LoggerModelHandler - Setting level of logger [org.apache.catalina.util.LifecycleBase] to ERROR
17:18:18,887 |-INFO in ch.qos.logback.classic.jul.LevelChangePropagator@424769f2 - Propagating ERROR level on Logger[org.apache.catalina.util.LifecycleBase] onto the JUL framework
17:18:18,887 |-INFO in ch.qos.logback.classic.model.processor.LoggerModelHandler - Setting level of logger [org.apache.coyote.http11.Http11NioProtocol] to WARN
17:18:18,887 |-INFO in ch.qos.logback.classic.jul.LevelChangePropagator@424769f2 - Propagating WARN level on Logger[org.apache.coyote.http11.Http11NioProtocol] onto the JUL framework
17:18:18,887 |-INFO in ch.qos.logback.classic.model.processor.LoggerModelHandler - Setting level of logger [org.apache.sshd.common.util.SecurityUtils] to WARN
17:18:18,887 |-INFO in ch.qos.logback.classic.jul.LevelChangePropagator@424769f2 - Propagating WARN level on Logger[org.apache.sshd.common.util.SecurityUtils] onto the JUL framework
17:18:18,887 |-INFO in ch.qos.logback.classic.model.processor.LoggerModelHandler - Setting level of logger [org.apache.tomcat.util.net.NioSelectorPool] to WARN
17:18:18,887 |-INFO in ch.qos.logback.classic.jul.LevelChangePropagator@424769f2 - Propagating WARN level on Logger[org.apache.tomcat.util.net.NioSelectorPool] onto the JUL framework
17:18:18,887 |-INFO in ch.qos.logback.classic.model.processor.LoggerModelHandler - Setting level of logger [org.eclipse.jetty.util.component.AbstractLifeCycle] to ERROR
17:18:18,887 |-INFO in ch.qos.logback.classic.jul.LevelChangePropagator@424769f2 - Propagating ERROR level on Logger[org.eclipse.jetty.util.component.AbstractLifeCycle] onto the JUL framework
17:18:18,897 |-INFO in ch.qos.logback.classic.model.processor.LoggerModelHandler - Setting level of logger [org.hibernate.validator.internal.util.Version] to WARN
17:18:18,897 |-INFO in ch.qos.logback.classic.jul.LevelChangePropagator@424769f2 - Propagating WARN level on Logger[org.hibernate.validator.internal.util.Version] onto the JUL framework
17:18:18,897 |-INFO in ch.qos.logback.classic.model.processor.LoggerModelHandler - Setting level of logger [org.springframework.boot.actuate.endpoint.jmx] to WARN
17:18:18,897 |-INFO in ch.qos.logback.classic.jul.LevelChangePropagator@424769f2 - Propagating WARN level on Logger[org.springframework.boot.actuate.endpoint.jmx] onto the JUL framework
17:18:18,897 |-INFO in ch.qos.logback.classic.model.processor.RootLoggerModelHandler - Setting level of ROOT logger to INFO
17:18:18,897 |-INFO in ch.qos.logback.classic.jul.LevelChangePropagator@424769f2 - Propagating INFO level on Logger[ROOT] onto the JUL framework
17:18:18,897 |-INFO in ch.qos.logback.core.model.processor.AppenderRefModelHandler - Attaching appender named [console] to Logger[ROOT]
17:18:18,897 |-INFO in ch.qos.logback.core.model.processor.DefaultProcessor@1467dcd0 - End of configuration.
17:18:18,897 |-INFO in org.springframework.boot.logging.logback.SpringBootJoranConfigurator@1ea6446b - Registering current configuration as safe fallback point


  .   ____          _            __ _ _
 /\\ / ___'_ __ _ _(_)_ __  __ _ \ \ \ \
( ( )\___ | '_ | '_| | '_ \/ _` | \ \ \ \
 \\/  ___)| |_)| | | | | || (_| |  ) ) ) )
  '  |____| .__|_| |_|_| |_\__, | / / / /
 =========|_|==============|___/=/_/_/_/
 :: Spring Boot ::                (v3.0.3)

2024-10-01 17:18:19.172  INFO 3844 --- [    Test worker] uditionCommentsControllerIntegrationTest : Starting AuditionCommentsControllerIntegrationTest using Java 17.0.12 with PID 3844 (started by User in C:\Users\User\Downloads\audition-api)
2024-10-01 17:18:19.172  INFO 3844 --- [    Test worker] uditionCommentsControllerIntegrationTest : The following 1 profile is active: "test"
2024-10-01 17:18:19.230  INFO 3844 --- [    Test worker] o.s.c.c.c.ConfigServerConfigDataLoader   : Fetching config from server at : http://localhost:8888
2024-10-01 17:18:19.230  INFO 3844 --- [    Test worker] o.s.c.c.c.ConfigServerConfigDataLoader   : Connect Timeout Exception on Url - http://localhost:8888. Will try the next url if available
2024-10-01 17:18:19.230  WARN 3844 --- [    Test worker] o.s.c.c.c.ConfigServerConfigDataLoader   : Could not locate PropertySource ([ConfigServerConfigDataResource@70efc3f9 uris = array<String>['http://localhost:8888'], optional = true, profiles = list['test']]): I/O error on GET request for "http://localhost:8888/application/test": Connection refused: no further information
2024-10-01 17:18:23.283  INFO 3844 --- [    Test worker] o.s.cloud.context.scope.GenericScope     : BeanFactory id=f70c0464-7a74-35f3-ae73-ed547d031ccb
2024-10-01 17:18:25.366  INFO 3844 --- [    Test worker] o.s.b.w.embedded.tomcat.TomcatWebServer  : Tomcat initialized with port(s): 0 (http)
2024-10-01 17:18:25.389  INFO 3844 --- [    Test worker] o.apache.catalina.core.StandardService   : Starting service [Tomcat]
2024-10-01 17:18:25.403  INFO 3844 --- [    Test worker] o.apache.catalina.core.StandardEngine    : Starting Servlet engine: [Apache Tomcat/10.1.5]
2024-10-01 17:18:25.654  INFO 3844 --- [    Test worker] o.a.c.c.C.[Tomcat].[localhost].[/]       : Initializing Spring embedded WebApplicationContext
2024-10-01 17:18:25.657  INFO 3844 --- [    Test worker] w.s.c.ServletWebServerApplicationContext : Root WebApplicationContext: initialization completed in 6423 ms
2024-10-01 17:18:31.104  INFO 3844 --- [    Test worker] o.s.b.a.e.web.EndpointLinksResolver      : Exposing 1 endpoint(s) beneath base path '/actuator'
2024-10-01 17:18:31.332  INFO 3844 --- [    Test worker] o.s.s.web.DefaultSecurityFilterChain     : Will secure any request with [org.springframework.security.web.session.DisableEncodeUrlFilter@5adfa95c, org.springframework.security.web.context.request.async.WebAsyncManagerIntegrationFilter@2ded5310, org.springframework.security.web.context.SecurityContextHolderFilter@4ebdcc8a, org.springframework.security.web.header.HeaderWriterFilter@3a0740e4, org.springframework.security.web.authentication.logout.LogoutFilter@6818def2, org.springframework.security.web.authentication.www.BasicAuthenticationFilter@496037ad, org.springframework.security.web.savedrequest.RequestCacheAwareFilter@3236e30, org.springframework.security.web.servletapi.SecurityContextHolderAwareRequestFilter@704666bf, org.springframework.security.web.authentication.AnonymousAuthenticationFilter@5673aca9, org.springframework.security.web.access.ExceptionTranslationFilter@66c67868, org.springframework.security.web.access.intercept.FilterSecurityInterceptor@424b3233]
2024-10-01 17:18:34.350  INFO 3844 --- [    Test worker] o.a.c.c.C.[Tomcat].[localhost].[/]       : Initializing Spring TestDispatcherServlet ''
2024-10-01 17:18:34.350  INFO 3844 --- [    Test worker] o.s.t.web.servlet.TestDispatcherServlet  : Initializing Servlet ''
2024-10-01 17:18:34.354  INFO 3844 --- [    Test worker] o.s.t.web.servlet.TestDispatcherServlet  : Completed initialization in 4 ms
2024-10-01 17:18:35.098  INFO 3844 --- [    Test worker] o.s.b.w.embedded.tomcat.TomcatWebServer  : Tomcat started on port(s): 62295 (http) with context path ''
2024-10-01 17:18:35.390  INFO 3844 --- [    Test worker] uditionCommentsControllerIntegrationTest : Started AuditionCommentsControllerIntegrationTest in 19.447 seconds (process running for 31.609)
2024-10-01 17:18:37.542  INFO 3844 --- [    Test worker] c.a.web.AuditionCommentsController       : Fetching comment by ID: 1
2024-10-01 17:18:38.212  INFO 3844 --- [    Test worker] c.a.web.AuditionCommentsController       : Retrieved comment: AuditionComment{postId=1, id=1, name='id labore ex et quam laborum', email='Eliseo@gardner.biz', body='laudantium enim quasi est quidem magnam voluptate ipsam eos
tempora quo necessitatibus
dolor quam autem quasi
reiciendis et nam sapiente accusantium'}
2024-10-01 17:18:38.544  INFO 3844 --- [    Test worker] c.a.web.AuditionCommentsController       : Fetching comments for post ID: 1
2024-10-01 17:18:38.577  INFO 3844 --- [    Test worker] c.a.web.AuditionCommentsController       : Retrieved comments for post ID: 1
2024-10-01 17:18:38.606  INFO 3844 --- [    Test worker] org.eclipse.jetty.server.Server          : Stopped Server@1ac25dbb{STOPPING}[11.0.13,sto=1000]
2024-10-01 17:18:38.606  INFO 3844 --- [    Test worker] org.eclipse.jetty.server.Server          : Shutdown Server@1ac25dbb{STOPPING}[11.0.13,sto=1000]
2024-10-01 17:18:38.611  INFO 3844 --- [    Test worker] o.e.jetty.server.AbstractConnector       : Stopped NetworkTrafficServerConnector@1bde9a22{HTTP/1.1, (http/1.1, h2c)}{0.0.0.0:0}
2024-10-01 17:18:38.619  INFO 3844 --- [    Test worker] o.e.jetty.server.handler.ContextHandler  : Stopped o.e.j.s.ServletContextHandler@19de32cb{/,null,STOPPED}
2024-10-01 17:18:38.619  INFO 3844 --- [    Test worker] o.e.jetty.server.handler.ContextHandler  : Stopped o.e.j.s.ServletContextHandler@6cf3b3d7{/__admin,null,STOPPED}
]]></system-out>
  <system-err><![CDATA[]]></system-err>
</testsuite>
