<?xml version="1.0" encoding="UTF-8"?>
<testsuite name="com.audition.integration.AuditionIntegrationCommentsClientTest" tests="2" skipped="0" failures="0" errors="0" timestamp="2024-09-30T02:21:05" hostname="DESKTOP-T0DGFL0" time="0.694">
  <properties/>
  <testcase name="shouldGetComment()" classname="com.audition.integration.AuditionIntegrationCommentsClientTest" time="0.609"/>
  <testcase name="shouldGetCommentsGetComments()" classname="com.audition.integration.AuditionIntegrationCommentsClientTest" time="0.084"/>
  <system-out><![CDATA[]]></system-out>
  <system-err><![CDATA[]]></system-err>
</testsuite>
