<?xml version="1.0" encoding="UTF-8"?>
<testsuite name="com.audition.AuditionPostControllerIntegrationTest" tests="7" skipped="0" failures="0" errors="0" timestamp="2024-10-01T07:18:51" hostname="DESKTOP-T0DGFL0" time="1.06">
  <properties/>
  <testcase name="shouldFailForInvalidUserIdFormat()" classname="com.audition.AuditionPostControllerIntegrationTest" time="0.222"/>
  <testcase name="shouldGetAuditionPostsForUser()" classname="com.audition.AuditionPostControllerIntegrationTest" time="0.147"/>
  <testcase name="shouldFailForWrongMediaType()" classname="com.audition.AuditionPostControllerIntegrationTest" time="0.115"/>
  <testcase name="shouldFailForNegativePageSize()" classname="com.audition.AuditionPostControllerIntegrationTest" time="0.123"/>
  <testcase name="shouldReturnEmptyListForUserWithNoPosts()" classname="com.audition.AuditionPostControllerIntegrationTest" time="0.111"/>
  <testcase name="shouldGetPostsWhenUserIdIsNegative()" classname="com.audition.AuditionPostControllerIntegrationTest" time="0.141"/>
  <testcase name="shouldGetFailureResponseWhenPostsApiFails()" classname="com.audition.AuditionPostControllerIntegrationTest" time="0.189"/>
  <system-out><![CDATA[2024-10-01 17:18:45.761  INFO 3844 --- [    Test worker] t.c.s.AnnotationConfigContextLoaderUtils : Could not detect default configuration classes for test class [com.audition.AuditionPostControllerIntegrationTest]: AuditionPostControllerIntegrationTest does not declare any static, non-private, non-final, nested classes annotated with @Configuration.
2024-10-01 17:18:45.767  INFO 3844 --- [    Test worker] .b.t.c.SpringBootTestContextBootstrapper : Found @SpringBootConfiguration com.audition.AuditionApplication for test class com.audition.AuditionPostControllerIntegrationTest
2024-10-01 17:18:45.776  INFO 3844 --- [    Test worker] org.eclipse.jetty.server.Server          : jetty-11.0.13; built: 2022-12-07T20:47:15.149Z; git: a04bd1ccf844cf9bebc12129335d7493111cbff6; jvm 17.0.12+8-LTS-286
2024-10-01 17:18:45.776  INFO 3844 --- [    Test worker] o.e.jetty.server.handler.ContextHandler  : Started o.e.j.s.ServletContextHandler@5e5fd45{/__admin,null,AVAILABLE}
2024-10-01 17:18:45.776  INFO 3844 --- [    Test worker] o.e.j.s.handler.ContextHandler.ROOT      : RequestHandlerClass from context returned com.github.tomakehurst.wiremock.http.StubRequestHandler. Normalized mapped under returned 'null'
2024-10-01 17:18:45.776  INFO 3844 --- [    Test worker] o.e.jetty.server.handler.ContextHandler  : Started o.e.j.s.ServletContextHandler@1cd0b6c1{/,null,AVAILABLE}
2024-10-01 17:18:45.786  INFO 3844 --- [    Test worker] o.e.jetty.server.AbstractConnector       : Started NetworkTrafficServerConnector@415deab5{HTTP/1.1, (http/1.1, h2c)}{0.0.0.0:62306}
2024-10-01 17:18:45.786  INFO 3844 --- [    Test worker] org.eclipse.jetty.server.Server          : Started Server@709b13a6{STARTING}[11.0.13,sto=1000] @42001ms
17:18:45,967 |-INFO in ch.qos.logback.core.joran.util.ConfigurationWatchListUtil@29c471f6 - Adding [jar:file:/C:/Users/User/.gradle/caches/modules-2/files-2.1/org.springframework.boot/spring-boot/3.0.3/d781e7afbeb3d05ce361e9cc4fa7d38b15fb3862/spring-boot-3.0.3.jar!/org/springframework/boot/logging/logback/defaults.xml] to configuration watch list.
17:18:45,967 |-INFO in ch.qos.logback.core.joran.spi.ConfigurationWatchList@197362cc - URL [jar:file:/C:/Users/User/.gradle/caches/modules-2/files-2.1/org.springframework.boot/spring-boot/3.0.3/d781e7afbeb3d05ce361e9cc4fa7d38b15fb3862/spring-boot-3.0.3.jar!/org/springframework/boot/logging/logback/defaults.xml] is not of type file
17:18:45,967 |-INFO in ch.qos.logback.core.joran.action.ConversionRuleAction - registering conversion word clr with class [org.springframework.boot.logging.logback.ColorConverter]
17:18:45,967 |-INFO in ch.qos.logback.core.joran.action.ConversionRuleAction - registering conversion word wex with class [org.springframework.boot.logging.logback.WhitespaceThrowableProxyConverter]
17:18:45,967 |-INFO in ch.qos.logback.core.joran.action.ConversionRuleAction - registering conversion word wEx with class [org.springframework.boot.logging.logback.ExtendedWhitespaceThrowableProxyConverter]
17:18:45,967 |-INFO in ch.qos.logback.core.model.processor.AppenderModelHandler - Processing appender named [console]
17:18:45,967 |-INFO in ch.qos.logback.core.model.processor.AppenderModelHandler - About to instantiate appender of type [ch.qos.logback.core.ConsoleAppender]
17:18:45,967 |-INFO in ch.qos.logback.core.model.processor.ImplicitModelHandler - Assuming default type [ch.qos.logback.classic.encoder.PatternLayoutEncoder] for [encoder] property
17:18:45,967 |-WARN in ch.qos.logback.core.model.processor.AppenderModelHandler - Appender named [flatfile] not referenced. Skipping further processing.
17:18:45,967 |-WARN in ch.qos.logback.core.model.processor.AppenderModelHandler - Appender named [logstash] not referenced. Skipping further processing.
17:18:45,967 |-INFO in ch.qos.logback.classic.model.processor.LoggerModelHandler - Setting level of logger [org.apache.catalina.startup.DigesterFactory] to ERROR
17:18:45,967 |-INFO in ch.qos.logback.classic.jul.LevelChangePropagator@5fbea944 - Propagating ERROR level on Logger[org.apache.catalina.startup.DigesterFactory] onto the JUL framework
17:18:45,967 |-INFO in ch.qos.logback.classic.model.processor.LoggerModelHandler - Setting level of logger [org.apache.catalina.util.LifecycleBase] to ERROR
17:18:45,967 |-INFO in ch.qos.logback.classic.jul.LevelChangePropagator@5fbea944 - Propagating ERROR level on Logger[org.apache.catalina.util.LifecycleBase] onto the JUL framework
17:18:45,967 |-INFO in ch.qos.logback.classic.model.processor.LoggerModelHandler - Setting level of logger [org.apache.coyote.http11.Http11NioProtocol] to WARN
17:18:45,967 |-INFO in ch.qos.logback.classic.jul.LevelChangePropagator@5fbea944 - Propagating WARN level on Logger[org.apache.coyote.http11.Http11NioProtocol] onto the JUL framework
17:18:45,967 |-INFO in ch.qos.logback.classic.model.processor.LoggerModelHandler - Setting level of logger [org.apache.sshd.common.util.SecurityUtils] to WARN
17:18:45,967 |-INFO in ch.qos.logback.classic.jul.LevelChangePropagator@5fbea944 - Propagating WARN level on Logger[org.apache.sshd.common.util.SecurityUtils] onto the JUL framework
17:18:45,967 |-INFO in ch.qos.logback.classic.model.processor.LoggerModelHandler - Setting level of logger [org.apache.tomcat.util.net.NioSelectorPool] to WARN
17:18:45,967 |-INFO in ch.qos.logback.classic.jul.LevelChangePropagator@5fbea944 - Propagating WARN level on Logger[org.apache.tomcat.util.net.NioSelectorPool] onto the JUL framework
17:18:45,967 |-INFO in ch.qos.logback.classic.model.processor.LoggerModelHandler - Setting level of logger [org.eclipse.jetty.util.component.AbstractLifeCycle] to ERROR
17:18:45,967 |-INFO in ch.qos.logback.classic.jul.LevelChangePropagator@5fbea944 - Propagating ERROR level on Logger[org.eclipse.jetty.util.component.AbstractLifeCycle] onto the JUL framework
17:18:45,967 |-INFO in ch.qos.logback.classic.model.processor.LoggerModelHandler - Setting level of logger [org.hibernate.validator.internal.util.Version] to WARN
17:18:45,967 |-INFO in ch.qos.logback.classic.jul.LevelChangePropagator@5fbea944 - Propagating WARN level on Logger[org.hibernate.validator.internal.util.Version] onto the JUL framework
17:18:45,967 |-INFO in ch.qos.logback.classic.model.processor.LoggerModelHandler - Setting level of logger [org.springframework.boot.actuate.endpoint.jmx] to WARN
17:18:45,967 |-INFO in ch.qos.logback.classic.jul.LevelChangePropagator@5fbea944 - Propagating WARN level on Logger[org.springframework.boot.actuate.endpoint.jmx] onto the JUL framework
17:18:45,967 |-INFO in ch.qos.logback.classic.model.processor.RootLoggerModelHandler - Setting level of ROOT logger to INFO
17:18:45,967 |-INFO in ch.qos.logback.classic.jul.LevelChangePropagator@5fbea944 - Propagating INFO level on Logger[ROOT] onto the JUL framework
17:18:45,967 |-INFO in ch.qos.logback.core.model.processor.AppenderRefModelHandler - Attaching appender named [console] to Logger[ROOT]
17:18:45,967 |-INFO in ch.qos.logback.core.model.processor.DefaultProcessor@4ac752d6 - End of configuration.
17:18:45,967 |-INFO in org.springframework.boot.logging.logback.SpringBootJoranConfigurator@66de6e79 - Registering current configuration as safe fallback point


  .   ____          _            __ _ _
 /\\ / ___'_ __ _ _(_)_ __  __ _ \ \ \ \
( ( )\___ | '_ | '_| | '_ \/ _` | \ \ \ \
 \\/  ___)| |_)| | | | | || (_| |  ) ) ) )
  '  |____| .__|_| |_|_| |_\__, | / / / /
 =========|_|==============|___/=/_/_/_/
 :: Spring Boot ::                (v3.0.3)

2024-10-01 17:18:45.987  INFO 3844 --- [    Test worker] .a.AuditionPostControllerIntegrationTest : Starting AuditionPostControllerIntegrationTest using Java 17.0.12 with PID 3844 (started by User in C:\Users\User\Downloads\audition-api)
2024-10-01 17:18:45.987  INFO 3844 --- [    Test worker] .a.AuditionPostControllerIntegrationTest : No active profile set, falling back to 1 default profile: "default"
2024-10-01 17:18:45.987  INFO 3844 --- [    Test worker] o.s.c.c.c.ConfigServerConfigDataLoader   : Fetching config from server at : http://localhost:8888
2024-10-01 17:18:45.987  INFO 3844 --- [    Test worker] o.s.c.c.c.ConfigServerConfigDataLoader   : Connect Timeout Exception on Url - http://localhost:8888. Will try the next url if available
2024-10-01 17:18:45.987  WARN 3844 --- [    Test worker] o.s.c.c.c.ConfigServerConfigDataLoader   : Could not locate PropertySource ([ConfigServerConfigDataResource@11f862fd uris = array<String>['http://localhost:8888'], optional = true, profiles = list['default']]): I/O error on GET request for "http://localhost:8888/application/default": Connection refused: no further information
2024-10-01 17:18:46.776  INFO 3844 --- [    Test worker] o.s.cloud.context.scope.GenericScope     : BeanFactory id=f70c0464-7a74-35f3-ae73-ed547d031ccb
2024-10-01 17:18:47.013  INFO 3844 --- [    Test worker] o.s.b.w.embedded.tomcat.TomcatWebServer  : Tomcat initialized with port(s): 0 (http)
2024-10-01 17:18:47.028  INFO 3844 --- [    Test worker] o.apache.catalina.core.StandardService   : Starting service [Tomcat]
2024-10-01 17:18:47.028  INFO 3844 --- [    Test worker] o.apache.catalina.core.StandardEngine    : Starting Servlet engine: [Apache Tomcat/10.1.5]
2024-10-01 17:18:47.092  INFO 3844 --- [    Test worker] o.a.c.c.C.[Tomcat-2].[localhost].[/]     : Initializing Spring embedded WebApplicationContext
2024-10-01 17:18:47.092  INFO 3844 --- [    Test worker] w.s.c.ServletWebServerApplicationContext : Root WebApplicationContext: initialization completed in 1105 ms
2024-10-01 17:18:49.730  INFO 3844 --- [    Test worker] o.s.b.a.e.web.EndpointLinksResolver      : Exposing 1 endpoint(s) beneath base path '/actuator'
2024-10-01 17:18:49.794  INFO 3844 --- [    Test worker] o.s.s.web.DefaultSecurityFilterChain     : Will secure any request with [org.springframework.security.web.session.DisableEncodeUrlFilter@ee19d62, org.springframework.security.web.context.request.async.WebAsyncManagerIntegrationFilter@79d07834, org.springframework.security.web.context.SecurityContextHolderFilter@23fc00a8, org.springframework.security.web.header.HeaderWriterFilter@3d0092bc, org.springframework.security.web.authentication.logout.LogoutFilter@3833ba49, org.springframework.security.web.authentication.www.BasicAuthenticationFilter@53460794, org.springframework.security.web.savedrequest.RequestCacheAwareFilter@549162b, org.springframework.security.web.servletapi.SecurityContextHolderAwareRequestFilter@7f70a129, org.springframework.security.web.authentication.AnonymousAuthenticationFilter@5aac5a81, org.springframework.security.web.access.ExceptionTranslationFilter@49389adf, org.springframework.security.web.access.intercept.FilterSecurityInterceptor@34048487]
2024-10-01 17:18:50.903  INFO 3844 --- [    Test worker] o.a.c.c.C.[Tomcat-2].[localhost].[/]     : Initializing Spring TestDispatcherServlet ''
2024-10-01 17:18:50.903  INFO 3844 --- [    Test worker] o.s.t.web.servlet.TestDispatcherServlet  : Initializing Servlet ''
2024-10-01 17:18:50.903  INFO 3844 --- [    Test worker] o.s.t.web.servlet.TestDispatcherServlet  : Completed initialization in 0 ms
2024-10-01 17:18:51.225  INFO 3844 --- [    Test worker] o.s.b.w.embedded.tomcat.TomcatWebServer  : Tomcat started on port(s): 62308 (http) with context path ''
2024-10-01 17:18:51.490  INFO 3844 --- [    Test worker] .a.AuditionPostControllerIntegrationTest : Started AuditionPostControllerIntegrationTest in 5.711 seconds (process running for 47.715)
2024-10-01 17:18:52.568  INFO 3844 --- [    Test worker] org.eclipse.jetty.server.Server          : Stopped Server@709b13a6{STOPPING}[11.0.13,sto=1000]
2024-10-01 17:18:52.569  INFO 3844 --- [    Test worker] org.eclipse.jetty.server.Server          : Shutdown Server@709b13a6{STOPPING}[11.0.13,sto=1000]
2024-10-01 17:18:52.570  INFO 3844 --- [    Test worker] o.e.jetty.server.AbstractConnector       : Stopped NetworkTrafficServerConnector@415deab5{HTTP/1.1, (http/1.1, h2c)}{0.0.0.0:0}
2024-10-01 17:18:52.570  INFO 3844 --- [    Test worker] o.e.jetty.server.handler.ContextHandler  : Stopped o.e.j.s.ServletContextHandler@1cd0b6c1{/,null,STOPPED}
2024-10-01 17:18:52.570  INFO 3844 --- [    Test worker] o.e.jetty.server.handler.ContextHandler  : Stopped o.e.j.s.ServletContextHandler@5e5fd45{/__admin,null,STOPPED}
]]></system-out>
  <system-err><![CDATA[]]></system-err>
</testsuite>
