<?xml version="1.0" encoding="UTF-8"?>
<testsuite name="com.audition.service.AuditionPostServiceImplTest" tests="6" skipped="0" failures="0" errors="0" timestamp="2024-10-01T12:25:15" hostname="DESKTOP-T0DGFL0" time="0.32">
  <properties/>
  <testcase name="shouldThrowExceptionWhenRestClientExceptionOccurs()" classname="com.audition.service.AuditionPostServiceImplTest" time="0.077"/>
  <testcase name="shouldThrowExceptionForServerError()" classname="com.audition.service.AuditionPostServiceImplTest" time="0.015"/>
  <testcase name="shouldGetPostByIdWhenResponseIs200()" classname="com.audition.service.AuditionPostServiceImplTest" time="0.052"/>
  <testcase name="shouldThrowNoDataFoundExceptionWhenPostIdIsInvalid()" classname="com.audition.service.AuditionPostServiceImplTest" time="0.051"/>
  <testcase name="shouldGetPostsWhenResponseIs200()" classname="com.audition.service.AuditionPostServiceImplTest" time="0.066"/>
  <testcase name="shouldGetPostByIdLoadCommentsWhenResponseIs200()" classname="com.audition.service.AuditionPostServiceImplTest" time="0.051"/>
  <system-out><![CDATA[]]></system-out>
  <system-err><![CDATA[]]></system-err>
</testsuite>
