<?xml version="1.0" encoding="UTF-8"?>
<testsuite name="com.audition.service.AuditionPostServiceImplTest" tests="4" skipped="0" failures="0" errors="0" timestamp="2024-09-30T02:21:06" hostname="DESKTOP-T0DGFL0" time="0.033">
  <properties/>
  <testcase name="shouldCaptureArgumentsForGetPostById()" classname="com.audition.service.AuditionPostServiceImplTest" time="0.026"/>
  <testcase name="shouldGetPostById()" classname="com.audition.service.AuditionPostServiceImplTest" time="0.001"/>
  <testcase name="shouldCaptureArgumentsForGetPosts()" classname="com.audition.service.AuditionPostServiceImplTest" time="0.002"/>
  <testcase name="shouldGetListOfPosts()" classname="com.audition.service.AuditionPostServiceImplTest" time="0.002"/>
  <system-out><![CDATA[]]></system-out>
  <system-err><![CDATA[]]></system-err>
</testsuite>
