<?xml version="1.0" encoding="UTF-8"?>
<testsuite name="com.audition.AuditionPostByIdControllerIntegrationTest" tests="4" skipped="0" failures="0" errors="0" timestamp="2024-09-30T12:09:14" hostname="DESKTOP-T0DGFL0" time="0.223">
  <properties/>
  <testcase name="shouldFailForWrongMediaType()" classname="com.audition.AuditionPostByIdControllerIntegrationTest" time="0.082"/>
  <testcase name="shouldReturnAuditionPostById()" classname="com.audition.AuditionPostByIdControllerIntegrationTest" time="0.076"/>
  <testcase name="shouldReturnEmptyListForUserWithNoPosts()" classname="com.audition.AuditionPostByIdControllerIntegrationTest" time="0.036"/>
  <testcase name="shouldFailForWrongMediaTypeWithComments()" classname="com.audition.AuditionPostByIdControllerIntegrationTest" time="0.024"/>
  <system-out><![CDATA[2024-09-30 22:09:07.057  INFO 18020 --- [    Test worker] t.c.s.AnnotationConfigContextLoaderUtils : Could not detect default configuration classes for test class [com.audition.AuditionPostByIdControllerIntegrationTest]: AuditionPostByIdControllerIntegrationTest does not declare any static, non-private, non-final, nested classes annotated with @Configuration.
2024-09-30 22:09:07.065  INFO 18020 --- [    Test worker] .b.t.c.SpringBootTestContextBootstrapper : Found @SpringBootConfiguration com.audition.AuditionApplication for test class com.audition.AuditionPostByIdControllerIntegrationTest
2024-09-30 22:09:07.086  INFO 18020 --- [    Test worker] org.eclipse.jetty.server.Server          : jetty-11.0.13; built: 2022-12-07T20:47:15.149Z; git: a04bd1ccf844cf9bebc12129335d7493111cbff6; jvm 17.0.12+8-LTS-286
2024-09-30 22:09:07.091  INFO 18020 --- [    Test worker] o.e.jetty.server.handler.ContextHandler  : Started o.e.j.s.ServletContextHandler@76956805{/__admin,null,AVAILABLE}
2024-09-30 22:09:07.092  INFO 18020 --- [    Test worker] o.e.j.s.handler.ContextHandler.ROOT      : RequestHandlerClass from context returned com.github.tomakehurst.wiremock.http.StubRequestHandler. Normalized mapped under returned 'null'
2024-09-30 22:09:07.093  INFO 18020 --- [    Test worker] o.e.jetty.server.handler.ContextHandler  : Started o.e.j.s.ServletContextHandler@56e5d3df{/,null,AVAILABLE}
2024-09-30 22:09:07.099  INFO 18020 --- [    Test worker] o.e.jetty.server.AbstractConnector       : Started NetworkTrafficServerConnector@f15218e{HTTP/1.1, (http/1.1, h2c)}{0.0.0.0:56285}
2024-09-30 22:09:07.102  INFO 18020 --- [    Test worker] org.eclipse.jetty.server.Server          : Started Server@2c918815{STARTING}[11.0.13,sto=1000] @44165ms
22:09:07,425 |-INFO in ch.qos.logback.core.joran.util.ConfigurationWatchListUtil@50fd4246 - Adding [jar:file:/C:/Users/User/.gradle/caches/modules-2/files-2.1/org.springframework.boot/spring-boot/3.0.3/d781e7afbeb3d05ce361e9cc4fa7d38b15fb3862/spring-boot-3.0.3.jar!/org/springframework/boot/logging/logback/defaults.xml] to configuration watch list.
22:09:07,425 |-INFO in ch.qos.logback.core.joran.spi.ConfigurationWatchList@d3ac27b - URL [jar:file:/C:/Users/User/.gradle/caches/modules-2/files-2.1/org.springframework.boot/spring-boot/3.0.3/d781e7afbeb3d05ce361e9cc4fa7d38b15fb3862/spring-boot-3.0.3.jar!/org/springframework/boot/logging/logback/defaults.xml] is not of type file
22:09:07,425 |-INFO in ch.qos.logback.core.joran.action.ConversionRuleAction - registering conversion word clr with class [org.springframework.boot.logging.logback.ColorConverter]
22:09:07,425 |-INFO in ch.qos.logback.core.joran.action.ConversionRuleAction - registering conversion word wex with class [org.springframework.boot.logging.logback.WhitespaceThrowableProxyConverter]
22:09:07,425 |-INFO in ch.qos.logback.core.joran.action.ConversionRuleAction - registering conversion word wEx with class [org.springframework.boot.logging.logback.ExtendedWhitespaceThrowableProxyConverter]
22:09:07,433 |-INFO in ch.qos.logback.core.model.processor.AppenderModelHandler - Processing appender named [console]
22:09:07,433 |-INFO in ch.qos.logback.core.model.processor.AppenderModelHandler - About to instantiate appender of type [ch.qos.logback.core.ConsoleAppender]
22:09:07,433 |-INFO in ch.qos.logback.core.model.processor.ImplicitModelHandler - Assuming default type [ch.qos.logback.classic.encoder.PatternLayoutEncoder] for [encoder] property
22:09:07,433 |-WARN in ch.qos.logback.core.model.processor.AppenderModelHandler - Appender named [flatfile] not referenced. Skipping further processing.
22:09:07,433 |-WARN in ch.qos.logback.core.model.processor.AppenderModelHandler - Appender named [logstash] not referenced. Skipping further processing.
22:09:07,433 |-INFO in ch.qos.logback.classic.model.processor.LoggerModelHandler - Setting level of logger [org.apache.catalina.startup.DigesterFactory] to ERROR
22:09:07,433 |-INFO in ch.qos.logback.classic.jul.LevelChangePropagator@71309fa2 - Propagating ERROR level on Logger[org.apache.catalina.startup.DigesterFactory] onto the JUL framework
22:09:07,433 |-INFO in ch.qos.logback.classic.model.processor.LoggerModelHandler - Setting level of logger [org.apache.catalina.util.LifecycleBase] to ERROR
22:09:07,433 |-INFO in ch.qos.logback.classic.jul.LevelChangePropagator@71309fa2 - Propagating ERROR level on Logger[org.apache.catalina.util.LifecycleBase] onto the JUL framework
22:09:07,433 |-INFO in ch.qos.logback.classic.model.processor.LoggerModelHandler - Setting level of logger [org.apache.coyote.http11.Http11NioProtocol] to WARN
22:09:07,433 |-INFO in ch.qos.logback.classic.jul.LevelChangePropagator@71309fa2 - Propagating WARN level on Logger[org.apache.coyote.http11.Http11NioProtocol] onto the JUL framework
22:09:07,433 |-INFO in ch.qos.logback.classic.model.processor.LoggerModelHandler - Setting level of logger [org.apache.sshd.common.util.SecurityUtils] to WARN
22:09:07,433 |-INFO in ch.qos.logback.classic.jul.LevelChangePropagator@71309fa2 - Propagating WARN level on Logger[org.apache.sshd.common.util.SecurityUtils] onto the JUL framework
22:09:07,433 |-INFO in ch.qos.logback.classic.model.processor.LoggerModelHandler - Setting level of logger [org.apache.tomcat.util.net.NioSelectorPool] to WARN
22:09:07,433 |-INFO in ch.qos.logback.classic.jul.LevelChangePropagator@71309fa2 - Propagating WARN level on Logger[org.apache.tomcat.util.net.NioSelectorPool] onto the JUL framework
22:09:07,433 |-INFO in ch.qos.logback.classic.model.processor.LoggerModelHandler - Setting level of logger [org.eclipse.jetty.util.component.AbstractLifeCycle] to ERROR
22:09:07,433 |-INFO in ch.qos.logback.classic.jul.LevelChangePropagator@71309fa2 - Propagating ERROR level on Logger[org.eclipse.jetty.util.component.AbstractLifeCycle] onto the JUL framework
22:09:07,433 |-INFO in ch.qos.logback.classic.model.processor.LoggerModelHandler - Setting level of logger [org.hibernate.validator.internal.util.Version] to WARN
22:09:07,433 |-INFO in ch.qos.logback.classic.jul.LevelChangePropagator@71309fa2 - Propagating WARN level on Logger[org.hibernate.validator.internal.util.Version] onto the JUL framework
22:09:07,433 |-INFO in ch.qos.logback.classic.model.processor.LoggerModelHandler - Setting level of logger [org.springframework.boot.actuate.endpoint.jmx] to WARN
22:09:07,433 |-INFO in ch.qos.logback.classic.jul.LevelChangePropagator@71309fa2 - Propagating WARN level on Logger[org.springframework.boot.actuate.endpoint.jmx] onto the JUL framework
22:09:07,433 |-INFO in ch.qos.logback.classic.model.processor.RootLoggerModelHandler - Setting level of ROOT logger to INFO
22:09:07,433 |-INFO in ch.qos.logback.classic.jul.LevelChangePropagator@71309fa2 - Propagating INFO level on Logger[ROOT] onto the JUL framework
22:09:07,433 |-INFO in ch.qos.logback.core.model.processor.AppenderRefModelHandler - Attaching appender named [console] to Logger[ROOT]
22:09:07,433 |-INFO in ch.qos.logback.core.model.processor.DefaultProcessor@36e23858 - End of configuration.
22:09:07,433 |-INFO in org.springframework.boot.logging.logback.SpringBootJoranConfigurator@147894f0 - Registering current configuration as safe fallback point


  .   ____          _            __ _ _
 /\\ / ___'_ __ _ _(_)_ __  __ _ \ \ \ \
( ( )\___ | '_ | '_| | '_ \/ _` | \ \ \ \
 \\/  ___)| |_)| | | | | || (_| |  ) ) ) )
  '  |____| .__|_| |_|_| |_\__, | / / / /
 =========|_|==============|___/=/_/_/_/
 :: Spring Boot ::                (v3.0.3)

2024-09-30 22:09:07.453  INFO 18020 --- [    Test worker] uditionPostByIdControllerIntegrationTest : Starting AuditionPostByIdControllerIntegrationTest using Java 17.0.12 with PID 18020 (started by User in C:\Users\User\Downloads\audition-api)
2024-09-30 22:09:07.453  INFO 18020 --- [    Test worker] uditionPostByIdControllerIntegrationTest : No active profile set, falling back to 1 default profile: "default"
2024-09-30 22:09:07.459  INFO 18020 --- [    Test worker] o.s.c.c.c.ConfigServerConfigDataLoader   : Fetching config from server at : http://localhost:8888
2024-09-30 22:09:07.459  INFO 18020 --- [    Test worker] o.s.c.c.c.ConfigServerConfigDataLoader   : Connect Timeout Exception on Url - http://localhost:8888. Will try the next url if available
2024-09-30 22:09:07.459  WARN 18020 --- [    Test worker] o.s.c.c.c.ConfigServerConfigDataLoader   : Could not locate PropertySource ([ConfigServerConfigDataResource@5ca41a44 uris = array<String>['http://localhost:8888'], optional = true, profiles = list['default']]): I/O error on GET request for "http://localhost:8888/application/default": Connection refused: no further information
2024-09-30 22:09:08.692  INFO 18020 --- [    Test worker] o.s.cloud.context.scope.GenericScope     : BeanFactory id=cfb7f715-483f-3012-b4dc-5e33a092b232
2024-09-30 22:09:09.072  INFO 18020 --- [    Test worker] o.s.b.w.embedded.tomcat.TomcatWebServer  : Tomcat initialized with port(s): 0 (http)
2024-09-30 22:09:09.072  INFO 18020 --- [    Test worker] o.apache.catalina.core.StandardService   : Starting service [Tomcat]
2024-09-30 22:09:09.072  INFO 18020 --- [    Test worker] o.apache.catalina.core.StandardEngine    : Starting Servlet engine: [Apache Tomcat/10.1.5]
2024-09-30 22:09:09.175  INFO 18020 --- [    Test worker] o.a.c.c.C.[Tomcat-1].[localhost].[/]     : Initializing Spring embedded WebApplicationContext
2024-09-30 22:09:09.175  INFO 18020 --- [    Test worker] w.s.c.ServletWebServerApplicationContext : Root WebApplicationContext: initialization completed in 1716 ms
2024-09-30 22:09:10.094  WARN 18020 --- [    Test worker] .s.s.UserDetailsServiceAutoConfiguration : 

Using generated security password: c6bb428c-86f3-4bab-859d-d6f790213104

This generated password is for development use only. Your security configuration must be updated before running your application in production.

2024-09-30 22:09:12.382  INFO 18020 --- [    Test worker] o.s.b.a.e.web.EndpointLinksResolver      : Exposing 1 endpoint(s) beneath base path '/actuator'
2024-09-30 22:09:12.475  INFO 18020 --- [    Test worker] o.s.s.web.DefaultSecurityFilterChain     : Will secure any request with [org.springframework.security.web.session.DisableEncodeUrlFilter@39d7b917, org.springframework.security.web.context.request.async.WebAsyncManagerIntegrationFilter@5f7a81bb, org.springframework.security.web.context.SecurityContextHolderFilter@1d702079, org.springframework.security.web.header.HeaderWriterFilter@54aa0d24, org.springframework.security.web.authentication.logout.LogoutFilter@2b653f71, org.springframework.security.web.authentication.www.BasicAuthenticationFilter@563782a6, org.springframework.security.web.savedrequest.RequestCacheAwareFilter@37b2c91f, org.springframework.security.web.servletapi.SecurityContextHolderAwareRequestFilter@4c3c406a, org.springframework.security.web.authentication.AnonymousAuthenticationFilter@2ac3ae52, org.springframework.security.web.access.ExceptionTranslationFilter@13e38696, org.springframework.security.web.access.intercept.AuthorizationFilter@66114e32]
2024-09-30 22:09:14.102  INFO 18020 --- [    Test worker] o.a.c.c.C.[Tomcat-1].[localhost].[/]     : Initializing Spring TestDispatcherServlet ''
2024-09-30 22:09:14.102  INFO 18020 --- [    Test worker] o.s.t.web.servlet.TestDispatcherServlet  : Initializing Servlet ''
2024-09-30 22:09:14.107  INFO 18020 --- [    Test worker] o.s.t.web.servlet.TestDispatcherServlet  : Completed initialization in 5 ms
2024-09-30 22:09:14.476  INFO 18020 --- [    Test worker] o.s.b.w.embedded.tomcat.TomcatWebServer  : Tomcat started on port(s): 56288 (http) with context path ''
2024-09-30 22:09:14.803  INFO 18020 --- [    Test worker] uditionPostByIdControllerIntegrationTest : Started AuditionPostByIdControllerIntegrationTest in 7.698 seconds (process running for 51.868)
2024-09-30 22:09:14.933  INFO 18020 --- [    Test worker] c.audition.web.AuditionPostsController   : Received request to get post by ID: 1
2024-09-30 22:09:14.982  INFO 18020 --- [    Test worker] c.audition.web.AuditionPostsController   : Received request to get post by ID: 3
2024-09-30 22:09:15.031  INFO 18020 --- [    Test worker] org.eclipse.jetty.server.Server          : Stopped Server@2c918815{STOPPING}[11.0.13,sto=1000]
2024-09-30 22:09:15.039  INFO 18020 --- [    Test worker] org.eclipse.jetty.server.Server          : Shutdown Server@2c918815{STOPPING}[11.0.13,sto=1000]
2024-09-30 22:09:15.039  INFO 18020 --- [    Test worker] o.e.jetty.server.AbstractConnector       : Stopped NetworkTrafficServerConnector@f15218e{HTTP/1.1, (http/1.1, h2c)}{0.0.0.0:0}
2024-09-30 22:09:15.039  INFO 18020 --- [    Test worker] o.e.jetty.server.handler.ContextHandler  : Stopped o.e.j.s.ServletContextHandler@56e5d3df{/,null,STOPPED}
2024-09-30 22:09:15.039  INFO 18020 --- [    Test worker] o.e.jetty.server.handler.ContextHandler  : Stopped o.e.j.s.ServletContextHandler@76956805{/__admin,null,STOPPED}
]]></system-out>
  <system-err><![CDATA[]]></system-err>
</testsuite>
