<?xml version="1.0" encoding="UTF-8"?>
<testsuite name="com.audition.web.AuditionPostByIdControllerTest" tests="9" skipped="0" failures="0" errors="0" timestamp="2024-10-01T11:41:07" hostname="DESKTOP-T0DGFL0" time="1.437">
  <properties/>
  <testcase name="shouldReturnBadRequestWhenInvalidPostIdFormat()" classname="com.audition.web.AuditionPostByIdControllerTest" time="0.32"/>
  <testcase name="shouldReturnBadRequestWhenPostIdIsNegative()" classname="com.audition.web.AuditionPostByIdControllerTest" time="0.161"/>
  <testcase name="shouldReturn400WhenInvalidIdFormatIsProvided()" classname="com.audition.web.AuditionPostByIdControllerTest" time="0.173"/>
  <testcase name="shouldReturn204WhenPostNotFound()" classname="com.audition.web.AuditionPostByIdControllerTest" time="0.118"/>
  <testcase name="shouldReturnPostWithCommentsWhenPostExists()" classname="com.audition.web.AuditionPostByIdControllerTest" time="0.156"/>
  <testcase name="shouldReturn500WhenServerErrorOccurs()" classname="com.audition.web.AuditionPostByIdControllerTest" time="0.14"/>
  <testcase name="shouldReturnNotFoundWhenPostDoesNotExist()" classname="com.audition.web.AuditionPostByIdControllerTest" time="0.098"/>
  <testcase name="shouldHandleServiceExceptionGracefully()" classname="com.audition.web.AuditionPostByIdControllerTest" time="0.118"/>
  <testcase name="shouldReturnPostWhenValidIdIsProvided()" classname="com.audition.web.AuditionPostByIdControllerTest" time="0.141"/>
  <system-out><![CDATA[2024-10-01 21:41:06.730  INFO 6680 --- [    Test worker] t.c.s.AnnotationConfigContextLoaderUtils : Could not detect default configuration classes for test class [com.audition.web.AuditionPostByIdControllerTest]: AuditionPostByIdControllerTest does not declare any static, non-private, non-final, nested classes annotated with @Configuration.
2024-10-01 21:41:06.734  INFO 6680 --- [    Test worker] .b.t.c.SpringBootTestContextBootstrapper : Found @SpringBootConfiguration com.audition.AuditionApplication for test class com.audition.web.AuditionPostByIdControllerTest
21:41:06,882 |-INFO in ch.qos.logback.core.joran.util.ConfigurationWatchListUtil@1ea6446b - Adding [jar:file:/C:/Users/User/.gradle/caches/modules-2/files-2.1/org.springframework.boot/spring-boot/3.0.3/d781e7afbeb3d05ce361e9cc4fa7d38b15fb3862/spring-boot-3.0.3.jar!/org/springframework/boot/logging/logback/defaults.xml] to configuration watch list.
21:41:06,882 |-INFO in ch.qos.logback.core.joran.spi.ConfigurationWatchList@63b0d8fc - URL [jar:file:/C:/Users/User/.gradle/caches/modules-2/files-2.1/org.springframework.boot/spring-boot/3.0.3/d781e7afbeb3d05ce361e9cc4fa7d38b15fb3862/spring-boot-3.0.3.jar!/org/springframework/boot/logging/logback/defaults.xml] is not of type file
21:41:06,882 |-INFO in ch.qos.logback.core.joran.action.ConversionRuleAction - registering conversion word clr with class [org.springframework.boot.logging.logback.ColorConverter]
21:41:06,882 |-INFO in ch.qos.logback.core.joran.action.ConversionRuleAction - registering conversion word wex with class [org.springframework.boot.logging.logback.WhitespaceThrowableProxyConverter]
21:41:06,882 |-INFO in ch.qos.logback.core.joran.action.ConversionRuleAction - registering conversion word wEx with class [org.springframework.boot.logging.logback.ExtendedWhitespaceThrowableProxyConverter]
21:41:06,882 |-INFO in ch.qos.logback.core.model.processor.AppenderModelHandler - Processing appender named [console]
21:41:06,882 |-INFO in ch.qos.logback.core.model.processor.AppenderModelHandler - About to instantiate appender of type [ch.qos.logback.core.ConsoleAppender]
21:41:06,882 |-INFO in ch.qos.logback.core.model.processor.ImplicitModelHandler - Assuming default type [ch.qos.logback.classic.encoder.PatternLayoutEncoder] for [encoder] property
21:41:06,892 |-WARN in ch.qos.logback.core.model.processor.AppenderModelHandler - Appender named [flatfile] not referenced. Skipping further processing.
21:41:06,892 |-WARN in ch.qos.logback.core.model.processor.AppenderModelHandler - Appender named [logstash] not referenced. Skipping further processing.
21:41:06,892 |-INFO in ch.qos.logback.classic.model.processor.LoggerModelHandler - Setting level of logger [org.apache.catalina.startup.DigesterFactory] to ERROR
21:41:06,892 |-INFO in ch.qos.logback.classic.jul.LevelChangePropagator@28e37266 - Propagating ERROR level on Logger[org.apache.catalina.startup.DigesterFactory] onto the JUL framework
21:41:06,892 |-INFO in ch.qos.logback.classic.model.processor.LoggerModelHandler - Setting level of logger [org.apache.catalina.util.LifecycleBase] to ERROR
21:41:06,892 |-INFO in ch.qos.logback.classic.jul.LevelChangePropagator@28e37266 - Propagating ERROR level on Logger[org.apache.catalina.util.LifecycleBase] onto the JUL framework
21:41:06,892 |-INFO in ch.qos.logback.classic.model.processor.LoggerModelHandler - Setting level of logger [org.apache.coyote.http11.Http11NioProtocol] to WARN
21:41:06,892 |-INFO in ch.qos.logback.classic.jul.LevelChangePropagator@28e37266 - Propagating WARN level on Logger[org.apache.coyote.http11.Http11NioProtocol] onto the JUL framework
21:41:06,892 |-INFO in ch.qos.logback.classic.model.processor.LoggerModelHandler - Setting level of logger [org.apache.sshd.common.util.SecurityUtils] to WARN
21:41:06,892 |-INFO in ch.qos.logback.classic.jul.LevelChangePropagator@28e37266 - Propagating WARN level on Logger[org.apache.sshd.common.util.SecurityUtils] onto the JUL framework
21:41:06,892 |-INFO in ch.qos.logback.classic.model.processor.LoggerModelHandler - Setting level of logger [org.apache.tomcat.util.net.NioSelectorPool] to WARN
21:41:06,892 |-INFO in ch.qos.logback.classic.jul.LevelChangePropagator@28e37266 - Propagating WARN level on Logger[org.apache.tomcat.util.net.NioSelectorPool] onto the JUL framework
21:41:06,892 |-INFO in ch.qos.logback.classic.model.processor.LoggerModelHandler - Setting level of logger [org.eclipse.jetty.util.component.AbstractLifeCycle] to ERROR
21:41:06,892 |-INFO in ch.qos.logback.classic.jul.LevelChangePropagator@28e37266 - Propagating ERROR level on Logger[org.eclipse.jetty.util.component.AbstractLifeCycle] onto the JUL framework
21:41:06,892 |-INFO in ch.qos.logback.classic.model.processor.LoggerModelHandler - Setting level of logger [org.hibernate.validator.internal.util.Version] to WARN
21:41:06,892 |-INFO in ch.qos.logback.classic.jul.LevelChangePropagator@28e37266 - Propagating WARN level on Logger[org.hibernate.validator.internal.util.Version] onto the JUL framework
21:41:06,892 |-INFO in ch.qos.logback.classic.model.processor.LoggerModelHandler - Setting level of logger [org.springframework.boot.actuate.endpoint.jmx] to WARN
21:41:06,892 |-INFO in ch.qos.logback.classic.jul.LevelChangePropagator@28e37266 - Propagating WARN level on Logger[org.springframework.boot.actuate.endpoint.jmx] onto the JUL framework
21:41:06,892 |-INFO in ch.qos.logback.classic.model.processor.RootLoggerModelHandler - Setting level of ROOT logger to INFO
21:41:06,893 |-INFO in ch.qos.logback.classic.jul.LevelChangePropagator@28e37266 - Propagating INFO level on Logger[ROOT] onto the JUL framework
21:41:06,893 |-INFO in ch.qos.logback.core.model.processor.AppenderRefModelHandler - Attaching appender named [console] to Logger[ROOT]
21:41:06,893 |-INFO in ch.qos.logback.core.model.processor.DefaultProcessor@11d1a510 - End of configuration.
21:41:06,893 |-INFO in org.springframework.boot.logging.logback.SpringBootJoranConfigurator@1579e274 - Registering current configuration as safe fallback point


  .   ____          _            __ _ _
 /\\ / ___'_ __ _ _(_)_ __  __ _ \ \ \ \
( ( )\___ | '_ | '_| | '_ \/ _` | \ \ \ \
 \\/  ___)| |_)| | | | | || (_| |  ) ) ) )
  '  |____| .__|_| |_|_| |_\__, | / / / /
 =========|_|==============|___/=/_/_/_/
 :: Spring Boot ::                (v3.0.3)

2024-10-01 21:41:06.897  INFO 6680 --- [    Test worker] c.a.web.AuditionPostByIdControllerTest   : Starting AuditionPostByIdControllerTest using Java 17.0.12 with PID 6680 (started by User in C:\Users\User\Downloads\audition-api)
2024-10-01 21:41:06.897  INFO 6680 --- [    Test worker] c.a.web.AuditionPostByIdControllerTest   : No active profile set, falling back to 1 default profile: "default"
2024-10-01 21:41:06.901  INFO 6680 --- [    Test worker] o.s.c.c.c.ConfigServerConfigDataLoader   : Fetching config from server at : http://localhost:8888
2024-10-01 21:41:06.901  INFO 6680 --- [    Test worker] o.s.c.c.c.ConfigServerConfigDataLoader   : Connect Timeout Exception on Url - http://localhost:8888. Will try the next url if available
2024-10-01 21:41:06.901  WARN 6680 --- [    Test worker] o.s.c.c.c.ConfigServerConfigDataLoader   : Could not locate PropertySource ([ConfigServerConfigDataResource@3eeeaed2 uris = array<String>['http://localhost:8888'], optional = true, profiles = list['default']]): I/O error on GET request for "http://localhost:8888/application/default": Connection refused: no further information
2024-10-01 21:41:07.798  INFO 6680 --- [    Test worker] o.s.s.web.DefaultSecurityFilterChain     : Will secure any request with [org.springframework.security.web.session.DisableEncodeUrlFilter@5c85527e, org.springframework.security.web.context.request.async.WebAsyncManagerIntegrationFilter@f5ae7a3, org.springframework.security.web.context.SecurityContextHolderFilter@81b0b17, org.springframework.security.web.header.HeaderWriterFilter@3bee0e36, org.springframework.security.web.authentication.logout.LogoutFilter@2e2b2259, org.springframework.security.web.authentication.www.BasicAuthenticationFilter@ed2a448, org.springframework.security.web.savedrequest.RequestCacheAwareFilter@2717369b, org.springframework.security.web.servletapi.SecurityContextHolderAwareRequestFilter@356cea1f, org.springframework.security.web.authentication.AnonymousAuthenticationFilter@4860cf83, org.springframework.security.web.access.ExceptionTranslationFilter@2a2709d7, org.springframework.security.web.access.intercept.FilterSecurityInterceptor@2e9d2c1f]
2024-10-01 21:41:07.844  INFO 6680 --- [    Test worker] o.s.b.t.m.w.SpringBootMockServletContext : Initializing Spring TestDispatcherServlet ''
2024-10-01 21:41:07.844  INFO 6680 --- [    Test worker] o.s.t.web.servlet.TestDispatcherServlet  : Initializing Servlet ''
2024-10-01 21:41:07.845  INFO 6680 --- [    Test worker] o.s.t.web.servlet.TestDispatcherServlet  : Completed initialization in 1 ms
2024-10-01 21:41:07.846  INFO 6680 --- [    Test worker] c.a.web.AuditionPostByIdControllerTest   : Started AuditionPostByIdControllerTest in 1.114 seconds (process running for 60.066)
2024-10-01 21:41:08.605  INFO 6680 --- [    Test worker] c.audition.web.AuditionPostsController   : Received request to get post by ID: 999
2024-10-01 21:41:08.768  INFO 6680 --- [    Test worker] c.audition.web.AuditionPostsController   : Received request to get post with comments for post ID: 1
2024-10-01 21:41:08.905  INFO 6680 --- [    Test worker] c.audition.web.AuditionPostsController   : Received request to get post by ID: 1
2024-10-01 21:41:09.020  INFO 6680 --- [    Test worker] c.audition.web.AuditionPostsController   : Received request to get post with comments for post ID: 999
2024-10-01 21:41:09.127  INFO 6680 --- [    Test worker] c.audition.web.AuditionPostsController   : Received request to get post with comments for post ID: 1
2024-10-01 21:41:09.269  INFO 6680 --- [    Test worker] c.audition.web.AuditionPostsController   : Received request to get post by ID: 1
]]></system-out>
  <system-err><![CDATA[]]></system-err>
</testsuite>
