<?xml version="1.0" encoding="UTF-8"?>
<testsuite name="com.audition.service.AuditionPostServiceImplTest" tests="6" skipped="0" failures="0" errors="0" timestamp="2024-10-01T11:41:03" hostname="DESKTOP-T0DGFL0" time="0.304">
  <properties/>
  <testcase name="shouldThrowExceptionWhenRestClientExceptionOccurs()" classname="com.audition.service.AuditionPostServiceImplTest" time="0.055"/>
  <testcase name="shouldThrowExceptionForServerError()" classname="com.audition.service.AuditionPostServiceImplTest" time="0.008"/>
  <testcase name="shouldGetPostByIdWhenResponseIs200()" classname="com.audition.service.AuditionPostServiceImplTest" time="0.053"/>
  <testcase name="shouldThrowNoDataFoundExceptionWhenPostIdIsInvalid()" classname="com.audition.service.AuditionPostServiceImplTest" time="0.06"/>
  <testcase name="shouldGetPostsWhenResponseIs200()" classname="com.audition.service.AuditionPostServiceImplTest" time="0.067"/>
  <testcase name="shouldGetPostByIdLoadCommentsWhenResponseIs200()" classname="com.audition.service.AuditionPostServiceImplTest" time="0.053"/>
  <system-out><![CDATA[]]></system-out>
  <system-err><![CDATA[]]></system-err>
</testsuite>
